[0.233s] DEBUG:colcon:Command line arguments: ['/usr/bin/colcon', 'build']
[0.233s] DEBUG:colcon:Parsed command line arguments: Namespace(log_base=None, log_level=None, verb_name='build', build_base='build', install_base='install', merge_install=False, symlink_install=False, test_result_base=None, continue_on_error=False, executor='parallel', parallel_workers=8, event_handlers=None, ignore_user_meta=False, metas=['./colcon.meta'], base_paths=['.'], packages_ignore=None, packages_ignore_regex=None, paths=None, packages_up_to=None, packages_up_to_regex=None, packages_above=None, packages_above_and_dependencies=None, packages_above_depth=None, packages_select_by_dep=None, packages_skip_by_dep=None, packages_skip_up_to=None, packages_select_build_failed=False, packages_skip_build_finished=False, packages_select_test_failures=False, packages_skip_test_passed=False, packages_select=None, packages_skip=None, packages_select_regex=None, packages_skip_regex=None, packages_start=None, packages_end=None, allow_overriding=[], cmake_args=None, cmake_target=None, cmake_target_skip_unavailable=False, cmake_clean_cache=False, cmake_clean_first=False, cmake_force_configure=False, ament_cmake_args=None, catkin_cmake_args=None, catkin_skip_building_tests=False, mixin_files=None, mixin=None, verb_parser=<colcon_mixin.mixin.mixin_argument.MixinArgumentDecorator object at 0x7f75698722f0>, verb_extension=<colcon_core.verb.build.BuildVerb object at 0x7f7569871e10>, main=<bound method BuildVerb.main of <colcon_core.verb.build.BuildVerb object at 0x7f7569871e10>>, mixin_verb=('build',))
[0.359s] Level 1:colcon.colcon_core.package_discovery:discover_packages(colcon_meta) check parameters
[0.359s] Level 1:colcon.colcon_core.package_discovery:discover_packages(recursive) check parameters
[0.359s] Level 1:colcon.colcon_core.package_discovery:discover_packages(ignore) check parameters
[0.359s] Level 1:colcon.colcon_core.package_discovery:discover_packages(path) check parameters
[0.359s] Level 1:colcon.colcon_core.package_discovery:discover_packages(colcon_meta) discover
[0.359s] Level 1:colcon.colcon_core.package_discovery:discover_packages(recursive) discover
[0.359s] INFO:colcon.colcon_core.package_discovery:Crawling recursively for packages in '/home/harsh/turtlebot3_ws'
[0.359s] Level 1:colcon.colcon_core.package_identification:_identify(.) by extensions ['ignore', 'ignore_ament_install']
[0.359s] Level 1:colcon.colcon_core.package_identification:_identify(.) by extension 'ignore'
[0.359s] Level 1:colcon.colcon_core.package_identification:_identify(.) by extension 'ignore_ament_install'
[0.359s] Level 1:colcon.colcon_core.package_identification:_identify(.) by extensions ['colcon_pkg']
[0.359s] Level 1:colcon.colcon_core.package_identification:_identify(.) by extension 'colcon_pkg'
[0.359s] Level 1:colcon.colcon_core.package_identification:_identify(.) by extensions ['colcon_meta']
[0.359s] Level 1:colcon.colcon_core.package_identification:_identify(.) by extension 'colcon_meta'
[0.359s] Level 1:colcon.colcon_core.package_identification:_identify(.) by extensions ['ros']
[0.359s] Level 1:colcon.colcon_core.package_identification:_identify(.) by extension 'ros'
[0.368s] Level 1:colcon.colcon_core.package_identification:_identify(.) by extensions ['cmake', 'python']
[0.368s] Level 1:colcon.colcon_core.package_identification:_identify(.) by extension 'cmake'
[0.368s] Level 1:colcon.colcon_core.package_identification:_identify(.) by extension 'python'
[0.368s] Level 1:colcon.colcon_core.package_identification:_identify(.) by extensions ['python_setup_py']
[0.368s] Level 1:colcon.colcon_core.package_identification:_identify(.) by extension 'python_setup_py'
[0.368s] Level 1:colcon.colcon_core.package_identification:_identify(build) by extensions ['ignore', 'ignore_ament_install']
[0.368s] Level 1:colcon.colcon_core.package_identification:_identify(build) by extension 'ignore'
[0.368s] Level 1:colcon.colcon_core.package_identification:_identify(build) ignored
[0.368s] Level 1:colcon.colcon_core.package_identification:_identify(install) by extensions ['ignore', 'ignore_ament_install']
[0.368s] Level 1:colcon.colcon_core.package_identification:_identify(install) by extension 'ignore'
[0.368s] Level 1:colcon.colcon_core.package_identification:_identify(install) ignored
[0.368s] Level 1:colcon.colcon_core.package_identification:_identify(log) by extensions ['ignore', 'ignore_ament_install']
[0.368s] Level 1:colcon.colcon_core.package_identification:_identify(log) by extension 'ignore'
[0.368s] Level 1:colcon.colcon_core.package_identification:_identify(log) ignored
[0.368s] Level 1:colcon.colcon_core.package_identification:_identify(src) by extensions ['ignore', 'ignore_ament_install']
[0.368s] Level 1:colcon.colcon_core.package_identification:_identify(src) by extension 'ignore'
[0.368s] Level 1:colcon.colcon_core.package_identification:_identify(src) by extension 'ignore_ament_install'
[0.369s] Level 1:colcon.colcon_core.package_identification:_identify(src) by extensions ['colcon_pkg']
[0.369s] Level 1:colcon.colcon_core.package_identification:_identify(src) by extension 'colcon_pkg'
[0.369s] Level 1:colcon.colcon_core.package_identification:_identify(src) by extensions ['colcon_meta']
[0.369s] Level 1:colcon.colcon_core.package_identification:_identify(src) by extension 'colcon_meta'
[0.369s] Level 1:colcon.colcon_core.package_identification:_identify(src) by extensions ['ros']
[0.369s] Level 1:colcon.colcon_core.package_identification:_identify(src) by extension 'ros'
[0.369s] Level 1:colcon.colcon_core.package_identification:_identify(src) by extensions ['cmake', 'python']
[0.369s] Level 1:colcon.colcon_core.package_identification:_identify(src) by extension 'cmake'
[0.369s] Level 1:colcon.colcon_core.package_identification:_identify(src) by extension 'python'
[0.369s] Level 1:colcon.colcon_core.package_identification:_identify(src) by extensions ['python_setup_py']
[0.369s] Level 1:colcon.colcon_core.package_identification:_identify(src) by extension 'python_setup_py'
[0.369s] Level 1:colcon.colcon_core.package_identification:_identify(src/custom_dwa_planner) by extensions ['ignore', 'ignore_ament_install']
[0.369s] Level 1:colcon.colcon_core.package_identification:_identify(src/custom_dwa_planner) by extension 'ignore'
[0.369s] Level 1:colcon.colcon_core.package_identification:_identify(src/custom_dwa_planner) by extension 'ignore_ament_install'
[0.369s] Level 1:colcon.colcon_core.package_identification:_identify(src/custom_dwa_planner) by extensions ['colcon_pkg']
[0.369s] Level 1:colcon.colcon_core.package_identification:_identify(src/custom_dwa_planner) by extension 'colcon_pkg'
[0.369s] Level 1:colcon.colcon_core.package_identification:_identify(src/custom_dwa_planner) by extensions ['colcon_meta']
[0.369s] Level 1:colcon.colcon_core.package_identification:_identify(src/custom_dwa_planner) by extension 'colcon_meta'
[0.369s] Level 1:colcon.colcon_core.package_identification:_identify(src/custom_dwa_planner) by extensions ['ros']
[0.369s] Level 1:colcon.colcon_core.package_identification:_identify(src/custom_dwa_planner) by extension 'ros'
[0.371s] DEBUG:colcon.colcon_core.package_identification:Package 'src/custom_dwa_planner' with type 'ros.ament_python' and name 'custom_dwa_planner'
[0.371s] Level 1:colcon.colcon_core.package_identification:_identify(src/turtlebot3_simulations) by extensions ['ignore', 'ignore_ament_install']
[0.371s] Level 1:colcon.colcon_core.package_identification:_identify(src/turtlebot3_simulations) by extension 'ignore'
[0.371s] Level 1:colcon.colcon_core.package_identification:_identify(src/turtlebot3_simulations) by extension 'ignore_ament_install'
[0.371s] Level 1:colcon.colcon_core.package_identification:_identify(src/turtlebot3_simulations) by extensions ['colcon_pkg']
[0.371s] Level 1:colcon.colcon_core.package_identification:_identify(src/turtlebot3_simulations) by extension 'colcon_pkg'
[0.371s] Level 1:colcon.colcon_core.package_identification:_identify(src/turtlebot3_simulations) by extensions ['colcon_meta']
[0.371s] Level 1:colcon.colcon_core.package_identification:_identify(src/turtlebot3_simulations) by extension 'colcon_meta'
[0.371s] Level 1:colcon.colcon_core.package_identification:_identify(src/turtlebot3_simulations) by extensions ['ros']
[0.372s] Level 1:colcon.colcon_core.package_identification:_identify(src/turtlebot3_simulations) by extension 'ros'
[0.372s] Level 1:colcon.colcon_core.package_identification:_identify(src/turtlebot3_simulations) by extensions ['cmake', 'python']
[0.372s] Level 1:colcon.colcon_core.package_identification:_identify(src/turtlebot3_simulations) by extension 'cmake'
[0.372s] Level 1:colcon.colcon_core.package_identification:_identify(src/turtlebot3_simulations) by extension 'python'
[0.372s] Level 1:colcon.colcon_core.package_identification:_identify(src/turtlebot3_simulations) by extensions ['python_setup_py']
[0.372s] Level 1:colcon.colcon_core.package_identification:_identify(src/turtlebot3_simulations) by extension 'python_setup_py'
[0.372s] Level 1:colcon.colcon_core.package_identification:_identify(src/turtlebot3_simulations/turtlebot3_fake_node) by extensions ['ignore', 'ignore_ament_install']
[0.372s] Level 1:colcon.colcon_core.package_identification:_identify(src/turtlebot3_simulations/turtlebot3_fake_node) by extension 'ignore'
[0.372s] Level 1:colcon.colcon_core.package_identification:_identify(src/turtlebot3_simulations/turtlebot3_fake_node) by extension 'ignore_ament_install'
[0.372s] Level 1:colcon.colcon_core.package_identification:_identify(src/turtlebot3_simulations/turtlebot3_fake_node) by extensions ['colcon_pkg']
[0.372s] Level 1:colcon.colcon_core.package_identification:_identify(src/turtlebot3_simulations/turtlebot3_fake_node) by extension 'colcon_pkg'
[0.372s] Level 1:colcon.colcon_core.package_identification:_identify(src/turtlebot3_simulations/turtlebot3_fake_node) by extensions ['colcon_meta']
[0.372s] Level 1:colcon.colcon_core.package_identification:_identify(src/turtlebot3_simulations/turtlebot3_fake_node) by extension 'colcon_meta'
[0.372s] Level 1:colcon.colcon_core.package_identification:_identify(src/turtlebot3_simulations/turtlebot3_fake_node) by extensions ['ros']
[0.372s] Level 1:colcon.colcon_core.package_identification:_identify(src/turtlebot3_simulations/turtlebot3_fake_node) by extension 'ros'
[0.373s] DEBUG:colcon.colcon_core.package_identification:Package 'src/turtlebot3_simulations/turtlebot3_fake_node' with type 'ros.ament_cmake' and name 'turtlebot3_fake_node'
[0.373s] Level 1:colcon.colcon_core.package_identification:_identify(src/turtlebot3_simulations/turtlebot3_gazebo) by extensions ['ignore', 'ignore_ament_install']
[0.373s] Level 1:colcon.colcon_core.package_identification:_identify(src/turtlebot3_simulations/turtlebot3_gazebo) by extension 'ignore'
[0.373s] Level 1:colcon.colcon_core.package_identification:_identify(src/turtlebot3_simulations/turtlebot3_gazebo) by extension 'ignore_ament_install'
[0.373s] Level 1:colcon.colcon_core.package_identification:_identify(src/turtlebot3_simulations/turtlebot3_gazebo) by extensions ['colcon_pkg']
[0.373s] Level 1:colcon.colcon_core.package_identification:_identify(src/turtlebot3_simulations/turtlebot3_gazebo) by extension 'colcon_pkg'
[0.373s] Level 1:colcon.colcon_core.package_identification:_identify(src/turtlebot3_simulations/turtlebot3_gazebo) by extensions ['colcon_meta']
[0.373s] Level 1:colcon.colcon_core.package_identification:_identify(src/turtlebot3_simulations/turtlebot3_gazebo) by extension 'colcon_meta'
[0.373s] Level 1:colcon.colcon_core.package_identification:_identify(src/turtlebot3_simulations/turtlebot3_gazebo) by extensions ['ros']
[0.373s] Level 1:colcon.colcon_core.package_identification:_identify(src/turtlebot3_simulations/turtlebot3_gazebo) by extension 'ros'
[0.374s] DEBUG:colcon.colcon_core.package_identification:Package 'src/turtlebot3_simulations/turtlebot3_gazebo' with type 'ros.ament_cmake' and name 'turtlebot3_gazebo'
[0.374s] Level 1:colcon.colcon_core.package_identification:_identify(src/turtlebot3_simulations/turtlebot3_manipulation_gazebo) by extensions ['ignore', 'ignore_ament_install']
[0.374s] Level 1:colcon.colcon_core.package_identification:_identify(src/turtlebot3_simulations/turtlebot3_manipulation_gazebo) by extension 'ignore'
[0.374s] Level 1:colcon.colcon_core.package_identification:_identify(src/turtlebot3_simulations/turtlebot3_manipulation_gazebo) by extension 'ignore_ament_install'
[0.374s] Level 1:colcon.colcon_core.package_identification:_identify(src/turtlebot3_simulations/turtlebot3_manipulation_gazebo) by extensions ['colcon_pkg']
[0.374s] Level 1:colcon.colcon_core.package_identification:_identify(src/turtlebot3_simulations/turtlebot3_manipulation_gazebo) by extension 'colcon_pkg'
[0.374s] Level 1:colcon.colcon_core.package_identification:_identify(src/turtlebot3_simulations/turtlebot3_manipulation_gazebo) by extensions ['colcon_meta']
[0.374s] Level 1:colcon.colcon_core.package_identification:_identify(src/turtlebot3_simulations/turtlebot3_manipulation_gazebo) by extension 'colcon_meta'
[0.374s] Level 1:colcon.colcon_core.package_identification:_identify(src/turtlebot3_simulations/turtlebot3_manipulation_gazebo) by extensions ['ros']
[0.374s] Level 1:colcon.colcon_core.package_identification:_identify(src/turtlebot3_simulations/turtlebot3_manipulation_gazebo) by extension 'ros'
[0.375s] DEBUG:colcon.colcon_core.package_identification:Package 'src/turtlebot3_simulations/turtlebot3_manipulation_gazebo' with type 'ros.ament_cmake' and name 'turtlebot3_manipulation_gazebo'
[0.375s] Level 1:colcon.colcon_core.package_identification:_identify(src/turtlebot3_simulations/turtlebot3_simulations) by extensions ['ignore', 'ignore_ament_install']
[0.375s] Level 1:colcon.colcon_core.package_identification:_identify(src/turtlebot3_simulations/turtlebot3_simulations) by extension 'ignore'
[0.375s] Level 1:colcon.colcon_core.package_identification:_identify(src/turtlebot3_simulations/turtlebot3_simulations) by extension 'ignore_ament_install'
[0.375s] Level 1:colcon.colcon_core.package_identification:_identify(src/turtlebot3_simulations/turtlebot3_simulations) by extensions ['colcon_pkg']
[0.375s] Level 1:colcon.colcon_core.package_identification:_identify(src/turtlebot3_simulations/turtlebot3_simulations) by extension 'colcon_pkg'
[0.375s] Level 1:colcon.colcon_core.package_identification:_identify(src/turtlebot3_simulations/turtlebot3_simulations) by extensions ['colcon_meta']
[0.375s] Level 1:colcon.colcon_core.package_identification:_identify(src/turtlebot3_simulations/turtlebot3_simulations) by extension 'colcon_meta'
[0.375s] Level 1:colcon.colcon_core.package_identification:_identify(src/turtlebot3_simulations/turtlebot3_simulations) by extensions ['ros']
[0.375s] Level 1:colcon.colcon_core.package_identification:_identify(src/turtlebot3_simulations/turtlebot3_simulations) by extension 'ros'
[0.376s] DEBUG:colcon.colcon_core.package_identification:Package 'src/turtlebot3_simulations/turtlebot3_simulations' with type 'ros.ament_cmake' and name 'turtlebot3_simulations'
[0.376s] Level 1:colcon.colcon_core.package_discovery:discover_packages(recursive) using defaults
[0.376s] Level 1:colcon.colcon_core.package_discovery:discover_packages(ignore) discover
[0.376s] Level 1:colcon.colcon_core.package_discovery:discover_packages(ignore) using defaults
[0.376s] Level 1:colcon.colcon_core.package_discovery:discover_packages(path) discover
[0.376s] Level 1:colcon.colcon_core.package_discovery:discover_packages(path) using defaults
[0.400s] Level 1:colcon.colcon_core.package_discovery:discover_packages(prefix_path) check parameters
[0.400s] Level 1:colcon.colcon_core.package_discovery:discover_packages(prefix_path) discover
[0.402s] DEBUG:colcon.colcon_installed_package_information.package_discovery:Found 5 installed packages in /home/harsh/turtlebot3_ws/install
[0.403s] DEBUG:colcon.colcon_installed_package_information.package_discovery:Found 323 installed packages in /opt/ros/humble
[0.404s] Level 1:colcon.colcon_core.package_discovery:discover_packages(prefix_path) using defaults
[0.435s] Level 5:colcon.colcon_core.verb:set package 'custom_dwa_planner' build argument 'cmake_args' from command line to 'None'
[0.435s] Level 5:colcon.colcon_core.verb:set package 'custom_dwa_planner' build argument 'cmake_target' from command line to 'None'
[0.435s] Level 5:colcon.colcon_core.verb:set package 'custom_dwa_planner' build argument 'cmake_target_skip_unavailable' from command line to 'False'
[0.435s] Level 5:colcon.colcon_core.verb:set package 'custom_dwa_planner' build argument 'cmake_clean_cache' from command line to 'False'
[0.435s] Level 5:colcon.colcon_core.verb:set package 'custom_dwa_planner' build argument 'cmake_clean_first' from command line to 'False'
[0.435s] Level 5:colcon.colcon_core.verb:set package 'custom_dwa_planner' build argument 'cmake_force_configure' from command line to 'False'
[0.435s] Level 5:colcon.colcon_core.verb:set package 'custom_dwa_planner' build argument 'ament_cmake_args' from command line to 'None'
[0.435s] Level 5:colcon.colcon_core.verb:set package 'custom_dwa_planner' build argument 'catkin_cmake_args' from command line to 'None'
[0.435s] Level 5:colcon.colcon_core.verb:set package 'custom_dwa_planner' build argument 'catkin_skip_building_tests' from command line to 'False'
[0.435s] DEBUG:colcon.colcon_core.verb:Building package 'custom_dwa_planner' with the following arguments: {'ament_cmake_args': None, 'build_base': '/home/harsh/turtlebot3_ws/build/custom_dwa_planner', 'catkin_cmake_args': None, 'catkin_skip_building_tests': False, 'cmake_args': None, 'cmake_clean_cache': False, 'cmake_clean_first': False, 'cmake_force_configure': False, 'cmake_target': None, 'cmake_target_skip_unavailable': False, 'install_base': '/home/harsh/turtlebot3_ws/install/custom_dwa_planner', 'merge_install': False, 'path': '/home/harsh/turtlebot3_ws/src/custom_dwa_planner', 'symlink_install': False, 'test_result_base': None}
[0.436s] Level 5:colcon.colcon_core.verb:set package 'turtlebot3_fake_node' build argument 'cmake_args' from command line to 'None'
[0.436s] Level 5:colcon.colcon_core.verb:set package 'turtlebot3_fake_node' build argument 'cmake_target' from command line to 'None'
[0.436s] Level 5:colcon.colcon_core.verb:set package 'turtlebot3_fake_node' build argument 'cmake_target_skip_unavailable' from command line to 'False'
[0.436s] Level 5:colcon.colcon_core.verb:set package 'turtlebot3_fake_node' build argument 'cmake_clean_cache' from command line to 'False'
[0.436s] Level 5:colcon.colcon_core.verb:set package 'turtlebot3_fake_node' build argument 'cmake_clean_first' from command line to 'False'
[0.436s] Level 5:colcon.colcon_core.verb:set package 'turtlebot3_fake_node' build argument 'cmake_force_configure' from command line to 'False'
[0.436s] Level 5:colcon.colcon_core.verb:set package 'turtlebot3_fake_node' build argument 'ament_cmake_args' from command line to 'None'
[0.436s] Level 5:colcon.colcon_core.verb:set package 'turtlebot3_fake_node' build argument 'catkin_cmake_args' from command line to 'None'
[0.436s] Level 5:colcon.colcon_core.verb:set package 'turtlebot3_fake_node' build argument 'catkin_skip_building_tests' from command line to 'False'
[0.436s] DEBUG:colcon.colcon_core.verb:Building package 'turtlebot3_fake_node' with the following arguments: {'ament_cmake_args': None, 'build_base': '/home/harsh/turtlebot3_ws/build/turtlebot3_fake_node', 'catkin_cmake_args': None, 'catkin_skip_building_tests': False, 'cmake_args': None, 'cmake_clean_cache': False, 'cmake_clean_first': False, 'cmake_force_configure': False, 'cmake_target': None, 'cmake_target_skip_unavailable': False, 'install_base': '/home/harsh/turtlebot3_ws/install/turtlebot3_fake_node', 'merge_install': False, 'path': '/home/harsh/turtlebot3_ws/src/turtlebot3_simulations/turtlebot3_fake_node', 'symlink_install': False, 'test_result_base': None}
[0.436s] Level 5:colcon.colcon_core.verb:set package 'turtlebot3_gazebo' build argument 'cmake_args' from command line to 'None'
[0.436s] Level 5:colcon.colcon_core.verb:set package 'turtlebot3_gazebo' build argument 'cmake_target' from command line to 'None'
[0.436s] Level 5:colcon.colcon_core.verb:set package 'turtlebot3_gazebo' build argument 'cmake_target_skip_unavailable' from command line to 'False'
[0.436s] Level 5:colcon.colcon_core.verb:set package 'turtlebot3_gazebo' build argument 'cmake_clean_cache' from command line to 'False'
[0.436s] Level 5:colcon.colcon_core.verb:set package 'turtlebot3_gazebo' build argument 'cmake_clean_first' from command line to 'False'
[0.436s] Level 5:colcon.colcon_core.verb:set package 'turtlebot3_gazebo' build argument 'cmake_force_configure' from command line to 'False'
[0.436s] Level 5:colcon.colcon_core.verb:set package 'turtlebot3_gazebo' build argument 'ament_cmake_args' from command line to 'None'
[0.436s] Level 5:colcon.colcon_core.verb:set package 'turtlebot3_gazebo' build argument 'catkin_cmake_args' from command line to 'None'
[0.436s] Level 5:colcon.colcon_core.verb:set package 'turtlebot3_gazebo' build argument 'catkin_skip_building_tests' from command line to 'False'
[0.436s] DEBUG:colcon.colcon_core.verb:Building package 'turtlebot3_gazebo' with the following arguments: {'ament_cmake_args': None, 'build_base': '/home/harsh/turtlebot3_ws/build/turtlebot3_gazebo', 'catkin_cmake_args': None, 'catkin_skip_building_tests': False, 'cmake_args': None, 'cmake_clean_cache': False, 'cmake_clean_first': False, 'cmake_force_configure': False, 'cmake_target': None, 'cmake_target_skip_unavailable': False, 'install_base': '/home/harsh/turtlebot3_ws/install/turtlebot3_gazebo', 'merge_install': False, 'path': '/home/harsh/turtlebot3_ws/src/turtlebot3_simulations/turtlebot3_gazebo', 'symlink_install': False, 'test_result_base': None}
[0.437s] Level 5:colcon.colcon_core.verb:set package 'turtlebot3_manipulation_gazebo' build argument 'cmake_args' from command line to 'None'
[0.437s] Level 5:colcon.colcon_core.verb:set package 'turtlebot3_manipulation_gazebo' build argument 'cmake_target' from command line to 'None'
[0.437s] Level 5:colcon.colcon_core.verb:set package 'turtlebot3_manipulation_gazebo' build argument 'cmake_target_skip_unavailable' from command line to 'False'
[0.437s] Level 5:colcon.colcon_core.verb:set package 'turtlebot3_manipulation_gazebo' build argument 'cmake_clean_cache' from command line to 'False'
[0.437s] Level 5:colcon.colcon_core.verb:set package 'turtlebot3_manipulation_gazebo' build argument 'cmake_clean_first' from command line to 'False'
[0.437s] Level 5:colcon.colcon_core.verb:set package 'turtlebot3_manipulation_gazebo' build argument 'cmake_force_configure' from command line to 'False'
[0.437s] Level 5:colcon.colcon_core.verb:set package 'turtlebot3_manipulation_gazebo' build argument 'ament_cmake_args' from command line to 'None'
[0.437s] Level 5:colcon.colcon_core.verb:set package 'turtlebot3_manipulation_gazebo' build argument 'catkin_cmake_args' from command line to 'None'
[0.437s] Level 5:colcon.colcon_core.verb:set package 'turtlebot3_manipulation_gazebo' build argument 'catkin_skip_building_tests' from command line to 'False'
[0.437s] DEBUG:colcon.colcon_core.verb:Building package 'turtlebot3_manipulation_gazebo' with the following arguments: {'ament_cmake_args': None, 'build_base': '/home/harsh/turtlebot3_ws/build/turtlebot3_manipulation_gazebo', 'catkin_cmake_args': None, 'catkin_skip_building_tests': False, 'cmake_args': None, 'cmake_clean_cache': False, 'cmake_clean_first': False, 'cmake_force_configure': False, 'cmake_target': None, 'cmake_target_skip_unavailable': False, 'install_base': '/home/harsh/turtlebot3_ws/install/turtlebot3_manipulation_gazebo', 'merge_install': False, 'path': '/home/harsh/turtlebot3_ws/src/turtlebot3_simulations/turtlebot3_manipulation_gazebo', 'symlink_install': False, 'test_result_base': None}
[0.437s] Level 5:colcon.colcon_core.verb:set package 'turtlebot3_simulations' build argument 'cmake_args' from command line to 'None'
[0.437s] Level 5:colcon.colcon_core.verb:set package 'turtlebot3_simulations' build argument 'cmake_target' from command line to 'None'
[0.437s] Level 5:colcon.colcon_core.verb:set package 'turtlebot3_simulations' build argument 'cmake_target_skip_unavailable' from command line to 'False'
[0.437s] Level 5:colcon.colcon_core.verb:set package 'turtlebot3_simulations' build argument 'cmake_clean_cache' from command line to 'False'
[0.437s] Level 5:colcon.colcon_core.verb:set package 'turtlebot3_simulations' build argument 'cmake_clean_first' from command line to 'False'
[0.437s] Level 5:colcon.colcon_core.verb:set package 'turtlebot3_simulations' build argument 'cmake_force_configure' from command line to 'False'
[0.437s] Level 5:colcon.colcon_core.verb:set package 'turtlebot3_simulations' build argument 'ament_cmake_args' from command line to 'None'
[0.437s] Level 5:colcon.colcon_core.verb:set package 'turtlebot3_simulations' build argument 'catkin_cmake_args' from command line to 'None'
[0.437s] Level 5:colcon.colcon_core.verb:set package 'turtlebot3_simulations' build argument 'catkin_skip_building_tests' from command line to 'False'
[0.437s] DEBUG:colcon.colcon_core.verb:Building package 'turtlebot3_simulations' with the following arguments: {'ament_cmake_args': None, 'build_base': '/home/harsh/turtlebot3_ws/build/turtlebot3_simulations', 'catkin_cmake_args': None, 'catkin_skip_building_tests': False, 'cmake_args': None, 'cmake_clean_cache': False, 'cmake_clean_first': False, 'cmake_force_configure': False, 'cmake_target': None, 'cmake_target_skip_unavailable': False, 'install_base': '/home/harsh/turtlebot3_ws/install/turtlebot3_simulations', 'merge_install': False, 'path': '/home/harsh/turtlebot3_ws/src/turtlebot3_simulations/turtlebot3_simulations', 'symlink_install': False, 'test_result_base': None}
[0.437s] INFO:colcon.colcon_core.executor:Executing jobs using 'parallel' executor
[0.438s] DEBUG:colcon.colcon_parallel_executor.executor.parallel:run_until_complete
[0.439s] INFO:colcon.colcon_ros.task.ament_cmake.build:Building ROS package in '/home/harsh/turtlebot3_ws/src/turtlebot3_simulations/turtlebot3_fake_node' with build type 'ament_cmake'
[0.439s] INFO:colcon.colcon_cmake.task.cmake.build:Building CMake package in '/home/harsh/turtlebot3_ws/src/turtlebot3_simulations/turtlebot3_fake_node'
[0.440s] INFO:colcon.colcon_core.plugin_system:Skipping extension 'colcon_core.shell.bat': Not used on non-Windows systems
[0.440s] INFO:colcon.colcon_core.shell:Skip shell extension 'powershell' for command environment: Not usable outside of PowerShell
[0.440s] DEBUG:colcon.colcon_core.shell:Skip shell extension 'dsv' for command environment
[0.443s] INFO:colcon.colcon_ros.task.ament_cmake.build:Building ROS package in '/home/harsh/turtlebot3_ws/src/turtlebot3_simulations/turtlebot3_gazebo' with build type 'ament_cmake'
[0.443s] INFO:colcon.colcon_cmake.task.cmake.build:Building CMake package in '/home/harsh/turtlebot3_ws/src/turtlebot3_simulations/turtlebot3_gazebo'
[0.443s] INFO:colcon.colcon_core.shell:Skip shell extension 'powershell' for command environment: Not usable outside of PowerShell
[0.443s] DEBUG:colcon.colcon_core.shell:Skip shell extension 'dsv' for command environment
[0.446s] INFO:colcon.colcon_ros.task.ament_cmake.build:Building ROS package in '/home/harsh/turtlebot3_ws/src/turtlebot3_simulations/turtlebot3_manipulation_gazebo' with build type 'ament_cmake'
[0.446s] INFO:colcon.colcon_cmake.task.cmake.build:Building CMake package in '/home/harsh/turtlebot3_ws/src/turtlebot3_simulations/turtlebot3_manipulation_gazebo'
[0.446s] INFO:colcon.colcon_core.shell:Skip shell extension 'powershell' for command environment: Not usable outside of PowerShell
[0.446s] DEBUG:colcon.colcon_core.shell:Skip shell extension 'dsv' for command environment
[0.448s] INFO:colcon.colcon_ros.task.ament_python.build:Building ROS package in '/home/harsh/turtlebot3_ws/src/custom_dwa_planner' with build type 'ament_python'
[0.448s] Level 1:colcon.colcon_core.shell:create_environment_hook('custom_dwa_planner', 'ament_prefix_path')
[0.449s] INFO:colcon.colcon_core.shell:Creating environment hook '/home/harsh/turtlebot3_ws/install/custom_dwa_planner/share/custom_dwa_planner/hook/ament_prefix_path.ps1'
[0.449s] INFO:colcon.colcon_core.shell:Creating environment descriptor '/home/harsh/turtlebot3_ws/install/custom_dwa_planner/share/custom_dwa_planner/hook/ament_prefix_path.dsv'
[0.449s] INFO:colcon.colcon_core.shell:Creating environment hook '/home/harsh/turtlebot3_ws/install/custom_dwa_planner/share/custom_dwa_planner/hook/ament_prefix_path.sh'
[0.450s] INFO:colcon.colcon_core.shell:Skip shell extension 'powershell' for command environment: Not usable outside of PowerShell
[0.450s] DEBUG:colcon.colcon_core.shell:Skip shell extension 'dsv' for command environment
[0.457s] DEBUG:colcon.colcon_core.event_handler.log_command:Invoking command in '/home/harsh/turtlebot3_ws/build/turtlebot3_fake_node': CMAKE_PREFIX_PATH=${CMAKE_PREFIX_PATH}:/home/harsh/turtlebot3_ws/install/custom_dwa_planner:/opt/ros/humble /usr/bin/cmake --build /home/harsh/turtlebot3_ws/build/turtlebot3_fake_node -- -j8 -l8
[0.459s] DEBUG:colcon.colcon_core.event_handler.log_command:Invoking command in '/home/harsh/turtlebot3_ws/build/turtlebot3_gazebo': CMAKE_PREFIX_PATH=${CMAKE_PREFIX_PATH}:/home/harsh/turtlebot3_ws/install/custom_dwa_planner:/opt/ros/humble /usr/bin/cmake --build /home/harsh/turtlebot3_ws/build/turtlebot3_gazebo -- -j8 -l8
[0.462s] DEBUG:colcon.colcon_core.event_handler.log_command:Invoking command in '/home/harsh/turtlebot3_ws/build/turtlebot3_manipulation_gazebo': CMAKE_PREFIX_PATH=${CMAKE_PREFIX_PATH}:/home/harsh/turtlebot3_ws/install/custom_dwa_planner:/opt/ros/humble /usr/bin/cmake --build /home/harsh/turtlebot3_ws/build/turtlebot3_manipulation_gazebo -- -j8 -l8
[0.692s] INFO:colcon.colcon_core.task.python.build:Building Python package in '/home/harsh/turtlebot3_ws/src/custom_dwa_planner'
[0.692s] INFO:colcon.colcon_core.shell:Skip shell extension 'powershell' for command environment: Not usable outside of PowerShell
[0.692s] DEBUG:colcon.colcon_core.shell:Skip shell extension 'dsv' for command environment
[0.696s] DEBUG:colcon.colcon_core.event_handler.log_command:Invoked command in '/home/harsh/turtlebot3_ws/build/turtlebot3_fake_node' returned '0': CMAKE_PREFIX_PATH=${CMAKE_PREFIX_PATH}:/home/harsh/turtlebot3_ws/install/custom_dwa_planner:/opt/ros/humble /usr/bin/cmake --build /home/harsh/turtlebot3_ws/build/turtlebot3_fake_node -- -j8 -l8
[0.703s] DEBUG:colcon.colcon_core.event_handler.log_command:Invoking command in '/home/harsh/turtlebot3_ws/build/turtlebot3_fake_node': CMAKE_PREFIX_PATH=${CMAKE_PREFIX_PATH}:/home/harsh/turtlebot3_ws/install/custom_dwa_planner:/opt/ros/humble /usr/bin/cmake --install /home/harsh/turtlebot3_ws/build/turtlebot3_fake_node
[0.703s] DEBUG:colcon.colcon_core.event_handler.log_command:Invoked command in '/home/harsh/turtlebot3_ws/build/turtlebot3_gazebo' returned '0': CMAKE_PREFIX_PATH=${CMAKE_PREFIX_PATH}:/home/harsh/turtlebot3_ws/install/custom_dwa_planner:/opt/ros/humble /usr/bin/cmake --build /home/harsh/turtlebot3_ws/build/turtlebot3_gazebo -- -j8 -l8
[0.705s] DEBUG:colcon.colcon_core.event_handler.log_command:Invoking command in '/home/harsh/turtlebot3_ws/build/turtlebot3_gazebo': CMAKE_PREFIX_PATH=${CMAKE_PREFIX_PATH}:/home/harsh/turtlebot3_ws/install/custom_dwa_planner:/opt/ros/humble /usr/bin/cmake --install /home/harsh/turtlebot3_ws/build/turtlebot3_gazebo
[0.705s] DEBUG:colcon.colcon_core.event_handler.log_command:Invoked command in '/home/harsh/turtlebot3_ws/build/turtlebot3_manipulation_gazebo' returned '0': CMAKE_PREFIX_PATH=${CMAKE_PREFIX_PATH}:/home/harsh/turtlebot3_ws/install/custom_dwa_planner:/opt/ros/humble /usr/bin/cmake --build /home/harsh/turtlebot3_ws/build/turtlebot3_manipulation_gazebo -- -j8 -l8
[0.706s] DEBUG:colcon.colcon_core.event_handler.log_command:Invoking command in '/home/harsh/turtlebot3_ws/build/turtlebot3_manipulation_gazebo': CMAKE_PREFIX_PATH=${CMAKE_PREFIX_PATH}:/home/harsh/turtlebot3_ws/install/custom_dwa_planner:/opt/ros/humble /usr/bin/cmake --install /home/harsh/turtlebot3_ws/build/turtlebot3_manipulation_gazebo
[0.722s] Level 1:colcon.colcon_core.environment:create_environment_scripts_only(turtlebot3_fake_node)
[0.730s] Level 1:colcon.colcon_core.environment:checking '/home/harsh/turtlebot3_ws/install/turtlebot3_fake_node' for CMake module files
[0.733s] DEBUG:colcon.colcon_core.event_handler.log_command:Invoked command in '/home/harsh/turtlebot3_ws/build/turtlebot3_fake_node' returned '0': CMAKE_PREFIX_PATH=${CMAKE_PREFIX_PATH}:/home/harsh/turtlebot3_ws/install/custom_dwa_planner:/opt/ros/humble /usr/bin/cmake --install /home/harsh/turtlebot3_ws/build/turtlebot3_fake_node
[0.733s] Level 1:colcon.colcon_core.environment:checking '/home/harsh/turtlebot3_ws/install/turtlebot3_fake_node' for CMake config files
[0.736s] Level 1:colcon.colcon_core.shell:create_environment_hook('turtlebot3_fake_node', 'cmake_prefix_path')
[0.737s] INFO:colcon.colcon_core.shell:Creating environment hook '/home/harsh/turtlebot3_ws/install/turtlebot3_fake_node/share/turtlebot3_fake_node/hook/cmake_prefix_path.ps1'
[0.738s] INFO:colcon.colcon_core.shell:Creating environment descriptor '/home/harsh/turtlebot3_ws/install/turtlebot3_fake_node/share/turtlebot3_fake_node/hook/cmake_prefix_path.dsv'
[0.739s] INFO:colcon.colcon_core.shell:Creating environment hook '/home/harsh/turtlebot3_ws/install/turtlebot3_fake_node/share/turtlebot3_fake_node/hook/cmake_prefix_path.sh'
[0.741s] Level 1:colcon.colcon_core.environment:checking '/home/harsh/turtlebot3_ws/install/turtlebot3_fake_node/lib'
[0.741s] Level 1:colcon.colcon_core.environment:checking '/home/harsh/turtlebot3_ws/install/turtlebot3_fake_node/bin'
[0.741s] Level 1:colcon.colcon_core.environment:checking '/home/harsh/turtlebot3_ws/install/turtlebot3_fake_node/lib/pkgconfig/turtlebot3_fake_node.pc'
[0.741s] Level 1:colcon.colcon_core.environment:checking '/home/harsh/turtlebot3_ws/install/turtlebot3_fake_node/lib/python3.10/site-packages'
[0.741s] Level 1:colcon.colcon_core.environment:checking '/home/harsh/turtlebot3_ws/install/turtlebot3_fake_node/bin'
[0.741s] INFO:colcon.colcon_core.shell:Creating package script '/home/harsh/turtlebot3_ws/install/turtlebot3_fake_node/share/turtlebot3_fake_node/package.ps1'
[0.742s] INFO:colcon.colcon_core.shell:Creating package descriptor '/home/harsh/turtlebot3_ws/install/turtlebot3_fake_node/share/turtlebot3_fake_node/package.dsv'
[0.743s] INFO:colcon.colcon_core.shell:Creating package script '/home/harsh/turtlebot3_ws/install/turtlebot3_fake_node/share/turtlebot3_fake_node/package.sh'
[0.743s] INFO:colcon.colcon_core.shell:Creating package script '/home/harsh/turtlebot3_ws/install/turtlebot3_fake_node/share/turtlebot3_fake_node/package.bash'
[0.744s] INFO:colcon.colcon_core.shell:Creating package script '/home/harsh/turtlebot3_ws/install/turtlebot3_fake_node/share/turtlebot3_fake_node/package.zsh'
[0.744s] Level 1:colcon.colcon_core.environment:create_file_with_runtime_dependencies(/home/harsh/turtlebot3_ws/install/turtlebot3_fake_node/share/colcon-core/packages/turtlebot3_fake_node)
[0.745s] Level 1:colcon.colcon_core.environment:create_environment_scripts_only(turtlebot3_fake_node)
[0.745s] Level 1:colcon.colcon_core.environment:checking '/home/harsh/turtlebot3_ws/install/turtlebot3_fake_node' for CMake module files
[0.746s] Level 1:colcon.colcon_core.environment:checking '/home/harsh/turtlebot3_ws/install/turtlebot3_fake_node' for CMake config files
[0.746s] Level 1:colcon.colcon_core.shell:create_environment_hook('turtlebot3_fake_node', 'cmake_prefix_path')
[0.746s] INFO:colcon.colcon_core.shell:Creating environment hook '/home/harsh/turtlebot3_ws/install/turtlebot3_fake_node/share/turtlebot3_fake_node/hook/cmake_prefix_path.ps1'
[0.746s] INFO:colcon.colcon_core.shell:Creating environment descriptor '/home/harsh/turtlebot3_ws/install/turtlebot3_fake_node/share/turtlebot3_fake_node/hook/cmake_prefix_path.dsv'
[0.747s] INFO:colcon.colcon_core.shell:Creating environment hook '/home/harsh/turtlebot3_ws/install/turtlebot3_fake_node/share/turtlebot3_fake_node/hook/cmake_prefix_path.sh'
[0.747s] Level 1:colcon.colcon_core.environment:checking '/home/harsh/turtlebot3_ws/install/turtlebot3_fake_node/lib'
[0.747s] Level 1:colcon.colcon_core.environment:checking '/home/harsh/turtlebot3_ws/install/turtlebot3_fake_node/bin'
[0.747s] Level 1:colcon.colcon_core.environment:checking '/home/harsh/turtlebot3_ws/install/turtlebot3_fake_node/lib/pkgconfig/turtlebot3_fake_node.pc'
[0.747s] Level 1:colcon.colcon_core.environment:checking '/home/harsh/turtlebot3_ws/install/turtlebot3_fake_node/lib/python3.10/site-packages'
[0.747s] Level 1:colcon.colcon_core.environment:checking '/home/harsh/turtlebot3_ws/install/turtlebot3_fake_node/bin'
[0.748s] INFO:colcon.colcon_core.shell:Creating package script '/home/harsh/turtlebot3_ws/install/turtlebot3_fake_node/share/turtlebot3_fake_node/package.ps1'
[0.748s] INFO:colcon.colcon_core.shell:Creating package descriptor '/home/harsh/turtlebot3_ws/install/turtlebot3_fake_node/share/turtlebot3_fake_node/package.dsv'
[0.749s] INFO:colcon.colcon_core.shell:Creating package script '/home/harsh/turtlebot3_ws/install/turtlebot3_fake_node/share/turtlebot3_fake_node/package.sh'
[0.749s] INFO:colcon.colcon_core.shell:Creating package script '/home/harsh/turtlebot3_ws/install/turtlebot3_fake_node/share/turtlebot3_fake_node/package.bash'
[0.749s] INFO:colcon.colcon_core.shell:Creating package script '/home/harsh/turtlebot3_ws/install/turtlebot3_fake_node/share/turtlebot3_fake_node/package.zsh'
[0.750s] Level 1:colcon.colcon_core.environment:create_file_with_runtime_dependencies(/home/harsh/turtlebot3_ws/install/turtlebot3_fake_node/share/colcon-core/packages/turtlebot3_fake_node)
[0.751s] Level 1:colcon.colcon_core.environment:create_environment_scripts_only(turtlebot3_manipulation_gazebo)
[0.751s] Level 1:colcon.colcon_core.environment:checking '/home/harsh/turtlebot3_ws/install/turtlebot3_manipulation_gazebo' for CMake module files
[0.752s] DEBUG:colcon.colcon_core.event_handler.log_command:Invoked command in '/home/harsh/turtlebot3_ws/build/turtlebot3_manipulation_gazebo' returned '0': CMAKE_PREFIX_PATH=${CMAKE_PREFIX_PATH}:/home/harsh/turtlebot3_ws/install/custom_dwa_planner:/opt/ros/humble /usr/bin/cmake --install /home/harsh/turtlebot3_ws/build/turtlebot3_manipulation_gazebo
[0.752s] Level 1:colcon.colcon_core.environment:checking '/home/harsh/turtlebot3_ws/install/turtlebot3_manipulation_gazebo' for CMake config files
[0.753s] Level 1:colcon.colcon_core.shell:create_environment_hook('turtlebot3_manipulation_gazebo', 'cmake_prefix_path')
[0.753s] INFO:colcon.colcon_core.shell:Creating environment hook '/home/harsh/turtlebot3_ws/install/turtlebot3_manipulation_gazebo/share/turtlebot3_manipulation_gazebo/hook/cmake_prefix_path.ps1'
[0.753s] INFO:colcon.colcon_core.shell:Creating environment descriptor '/home/harsh/turtlebot3_ws/install/turtlebot3_manipulation_gazebo/share/turtlebot3_manipulation_gazebo/hook/cmake_prefix_path.dsv'
[0.754s] INFO:colcon.colcon_core.shell:Creating environment hook '/home/harsh/turtlebot3_ws/install/turtlebot3_manipulation_gazebo/share/turtlebot3_manipulation_gazebo/hook/cmake_prefix_path.sh'
[0.754s] Level 1:colcon.colcon_core.environment:checking '/home/harsh/turtlebot3_ws/install/turtlebot3_manipulation_gazebo/bin'
[0.754s] Level 1:colcon.colcon_core.environment:checking '/home/harsh/turtlebot3_ws/install/turtlebot3_manipulation_gazebo/lib/pkgconfig/turtlebot3_manipulation_gazebo.pc'
[0.754s] Level 1:colcon.colcon_core.environment:checking '/home/harsh/turtlebot3_ws/install/turtlebot3_manipulation_gazebo/lib/python3.10/site-packages'
[0.755s] Level 1:colcon.colcon_core.environment:checking '/home/harsh/turtlebot3_ws/install/turtlebot3_manipulation_gazebo/bin'
[0.755s] INFO:colcon.colcon_core.shell:Creating package script '/home/harsh/turtlebot3_ws/install/turtlebot3_manipulation_gazebo/share/turtlebot3_manipulation_gazebo/package.ps1'
[0.755s] INFO:colcon.colcon_core.shell:Creating package descriptor '/home/harsh/turtlebot3_ws/install/turtlebot3_manipulation_gazebo/share/turtlebot3_manipulation_gazebo/package.dsv'
[0.756s] INFO:colcon.colcon_core.shell:Creating package script '/home/harsh/turtlebot3_ws/install/turtlebot3_manipulation_gazebo/share/turtlebot3_manipulation_gazebo/package.sh'
[0.756s] INFO:colcon.colcon_core.shell:Creating package script '/home/harsh/turtlebot3_ws/install/turtlebot3_manipulation_gazebo/share/turtlebot3_manipulation_gazebo/package.bash'
[0.756s] INFO:colcon.colcon_core.shell:Creating package script '/home/harsh/turtlebot3_ws/install/turtlebot3_manipulation_gazebo/share/turtlebot3_manipulation_gazebo/package.zsh'
[0.756s] Level 1:colcon.colcon_core.environment:create_file_with_runtime_dependencies(/home/harsh/turtlebot3_ws/install/turtlebot3_manipulation_gazebo/share/colcon-core/packages/turtlebot3_manipulation_gazebo)
[0.757s] Level 1:colcon.colcon_core.environment:create_environment_scripts_only(turtlebot3_manipulation_gazebo)
[0.757s] Level 1:colcon.colcon_core.environment:checking '/home/harsh/turtlebot3_ws/install/turtlebot3_manipulation_gazebo' for CMake module files
[0.757s] Level 1:colcon.colcon_core.environment:checking '/home/harsh/turtlebot3_ws/install/turtlebot3_manipulation_gazebo' for CMake config files
[0.758s] Level 1:colcon.colcon_core.shell:create_environment_hook('turtlebot3_manipulation_gazebo', 'cmake_prefix_path')
[0.758s] INFO:colcon.colcon_core.shell:Creating environment hook '/home/harsh/turtlebot3_ws/install/turtlebot3_manipulation_gazebo/share/turtlebot3_manipulation_gazebo/hook/cmake_prefix_path.ps1'
[0.759s] INFO:colcon.colcon_core.shell:Creating environment descriptor '/home/harsh/turtlebot3_ws/install/turtlebot3_manipulation_gazebo/share/turtlebot3_manipulation_gazebo/hook/cmake_prefix_path.dsv'
[0.759s] INFO:colcon.colcon_core.shell:Creating environment hook '/home/harsh/turtlebot3_ws/install/turtlebot3_manipulation_gazebo/share/turtlebot3_manipulation_gazebo/hook/cmake_prefix_path.sh'
[0.759s] Level 1:colcon.colcon_core.environment:checking '/home/harsh/turtlebot3_ws/install/turtlebot3_manipulation_gazebo/bin'
[0.759s] Level 1:colcon.colcon_core.environment:checking '/home/harsh/turtlebot3_ws/install/turtlebot3_manipulation_gazebo/lib/pkgconfig/turtlebot3_manipulation_gazebo.pc'
[0.760s] Level 1:colcon.colcon_core.environment:checking '/home/harsh/turtlebot3_ws/install/turtlebot3_manipulation_gazebo/lib/python3.10/site-packages'
[0.760s] Level 1:colcon.colcon_core.environment:checking '/home/harsh/turtlebot3_ws/install/turtlebot3_manipulation_gazebo/bin'
[0.760s] INFO:colcon.colcon_core.shell:Creating package script '/home/harsh/turtlebot3_ws/install/turtlebot3_manipulation_gazebo/share/turtlebot3_manipulation_gazebo/package.ps1'
[0.760s] INFO:colcon.colcon_core.shell:Creating package descriptor '/home/harsh/turtlebot3_ws/install/turtlebot3_manipulation_gazebo/share/turtlebot3_manipulation_gazebo/package.dsv'
[0.761s] INFO:colcon.colcon_core.shell:Creating package script '/home/harsh/turtlebot3_ws/install/turtlebot3_manipulation_gazebo/share/turtlebot3_manipulation_gazebo/package.sh'
[0.761s] INFO:colcon.colcon_core.shell:Creating package script '/home/harsh/turtlebot3_ws/install/turtlebot3_manipulation_gazebo/share/turtlebot3_manipulation_gazebo/package.bash'
[0.761s] INFO:colcon.colcon_core.shell:Creating package script '/home/harsh/turtlebot3_ws/install/turtlebot3_manipulation_gazebo/share/turtlebot3_manipulation_gazebo/package.zsh'
[0.762s] Level 1:colcon.colcon_core.environment:create_file_with_runtime_dependencies(/home/harsh/turtlebot3_ws/install/turtlebot3_manipulation_gazebo/share/colcon-core/packages/turtlebot3_manipulation_gazebo)
[0.762s] Level 1:colcon.colcon_core.environment:create_environment_scripts_only(turtlebot3_gazebo)
[0.762s] Level 1:colcon.colcon_core.environment:checking '/home/harsh/turtlebot3_ws/install/turtlebot3_gazebo' for CMake module files
[0.763s] DEBUG:colcon.colcon_core.event_handler.log_command:Invoked command in '/home/harsh/turtlebot3_ws/build/turtlebot3_gazebo' returned '0': CMAKE_PREFIX_PATH=${CMAKE_PREFIX_PATH}:/home/harsh/turtlebot3_ws/install/custom_dwa_planner:/opt/ros/humble /usr/bin/cmake --install /home/harsh/turtlebot3_ws/build/turtlebot3_gazebo
[0.763s] Level 1:colcon.colcon_core.environment:checking '/home/harsh/turtlebot3_ws/install/turtlebot3_gazebo' for CMake config files
[0.765s] Level 1:colcon.colcon_core.shell:create_environment_hook('turtlebot3_gazebo', 'cmake_prefix_path')
[0.765s] INFO:colcon.colcon_core.shell:Creating environment hook '/home/harsh/turtlebot3_ws/install/turtlebot3_gazebo/share/turtlebot3_gazebo/hook/cmake_prefix_path.ps1'
[0.765s] INFO:colcon.colcon_core.shell:Creating environment descriptor '/home/harsh/turtlebot3_ws/install/turtlebot3_gazebo/share/turtlebot3_gazebo/hook/cmake_prefix_path.dsv'
[0.766s] INFO:colcon.colcon_core.shell:Creating environment hook '/home/harsh/turtlebot3_ws/install/turtlebot3_gazebo/share/turtlebot3_gazebo/hook/cmake_prefix_path.sh'
[0.766s] Level 1:colcon.colcon_core.environment:checking '/home/harsh/turtlebot3_ws/install/turtlebot3_gazebo/lib'
[0.766s] Level 1:colcon.colcon_core.environment:checking '/home/harsh/turtlebot3_ws/install/turtlebot3_gazebo/bin'
[0.766s] Level 1:colcon.colcon_core.environment:checking '/home/harsh/turtlebot3_ws/install/turtlebot3_gazebo/lib/pkgconfig/turtlebot3_gazebo.pc'
[0.766s] Level 1:colcon.colcon_core.environment:checking '/home/harsh/turtlebot3_ws/install/turtlebot3_gazebo/lib/python3.10/site-packages'
[0.767s] Level 1:colcon.colcon_core.environment:checking '/home/harsh/turtlebot3_ws/install/turtlebot3_gazebo/bin'
[0.767s] INFO:colcon.colcon_core.shell:Creating package script '/home/harsh/turtlebot3_ws/install/turtlebot3_gazebo/share/turtlebot3_gazebo/package.ps1'
[0.767s] INFO:colcon.colcon_core.shell:Creating package descriptor '/home/harsh/turtlebot3_ws/install/turtlebot3_gazebo/share/turtlebot3_gazebo/package.dsv'
[0.768s] INFO:colcon.colcon_core.shell:Creating package script '/home/harsh/turtlebot3_ws/install/turtlebot3_gazebo/share/turtlebot3_gazebo/package.sh'
[0.768s] INFO:colcon.colcon_core.shell:Creating package script '/home/harsh/turtlebot3_ws/install/turtlebot3_gazebo/share/turtlebot3_gazebo/package.bash'
[0.768s] INFO:colcon.colcon_core.shell:Creating package script '/home/harsh/turtlebot3_ws/install/turtlebot3_gazebo/share/turtlebot3_gazebo/package.zsh'
[0.769s] Level 1:colcon.colcon_core.environment:create_file_with_runtime_dependencies(/home/harsh/turtlebot3_ws/install/turtlebot3_gazebo/share/colcon-core/packages/turtlebot3_gazebo)
[0.769s] Level 1:colcon.colcon_core.environment:create_environment_scripts_only(turtlebot3_gazebo)
[0.769s] Level 1:colcon.colcon_core.environment:checking '/home/harsh/turtlebot3_ws/install/turtlebot3_gazebo' for CMake module files
[0.770s] Level 1:colcon.colcon_core.environment:checking '/home/harsh/turtlebot3_ws/install/turtlebot3_gazebo' for CMake config files
[0.772s] Level 1:colcon.colcon_core.shell:create_environment_hook('turtlebot3_gazebo', 'cmake_prefix_path')
[0.772s] INFO:colcon.colcon_core.shell:Creating environment hook '/home/harsh/turtlebot3_ws/install/turtlebot3_gazebo/share/turtlebot3_gazebo/hook/cmake_prefix_path.ps1'
[0.772s] INFO:colcon.colcon_core.shell:Creating environment descriptor '/home/harsh/turtlebot3_ws/install/turtlebot3_gazebo/share/turtlebot3_gazebo/hook/cmake_prefix_path.dsv'
[0.773s] INFO:colcon.colcon_core.shell:Creating environment hook '/home/harsh/turtlebot3_ws/install/turtlebot3_gazebo/share/turtlebot3_gazebo/hook/cmake_prefix_path.sh'
[0.773s] Level 1:colcon.colcon_core.environment:checking '/home/harsh/turtlebot3_ws/install/turtlebot3_gazebo/lib'
[0.773s] Level 1:colcon.colcon_core.environment:checking '/home/harsh/turtlebot3_ws/install/turtlebot3_gazebo/bin'
[0.773s] Level 1:colcon.colcon_core.environment:checking '/home/harsh/turtlebot3_ws/install/turtlebot3_gazebo/lib/pkgconfig/turtlebot3_gazebo.pc'
[0.774s] Level 1:colcon.colcon_core.environment:checking '/home/harsh/turtlebot3_ws/install/turtlebot3_gazebo/lib/python3.10/site-packages'
[0.774s] Level 1:colcon.colcon_core.environment:checking '/home/harsh/turtlebot3_ws/install/turtlebot3_gazebo/bin'
[0.774s] INFO:colcon.colcon_core.shell:Creating package script '/home/harsh/turtlebot3_ws/install/turtlebot3_gazebo/share/turtlebot3_gazebo/package.ps1'
[0.774s] INFO:colcon.colcon_core.shell:Creating package descriptor '/home/harsh/turtlebot3_ws/install/turtlebot3_gazebo/share/turtlebot3_gazebo/package.dsv'
[0.775s] INFO:colcon.colcon_core.shell:Creating package script '/home/harsh/turtlebot3_ws/install/turtlebot3_gazebo/share/turtlebot3_gazebo/package.sh'
[0.775s] INFO:colcon.colcon_core.shell:Creating package script '/home/harsh/turtlebot3_ws/install/turtlebot3_gazebo/share/turtlebot3_gazebo/package.bash'
[0.775s] INFO:colcon.colcon_core.shell:Creating package script '/home/harsh/turtlebot3_ws/install/turtlebot3_gazebo/share/turtlebot3_gazebo/package.zsh'
[0.776s] Level 1:colcon.colcon_core.environment:create_file_with_runtime_dependencies(/home/harsh/turtlebot3_ws/install/turtlebot3_gazebo/share/colcon-core/packages/turtlebot3_gazebo)
[0.776s] INFO:colcon.colcon_ros.task.ament_cmake.build:Building ROS package in '/home/harsh/turtlebot3_ws/src/turtlebot3_simulations/turtlebot3_simulations' with build type 'ament_cmake'
[0.776s] INFO:colcon.colcon_cmake.task.cmake.build:Building CMake package in '/home/harsh/turtlebot3_ws/src/turtlebot3_simulations/turtlebot3_simulations'
[0.776s] INFO:colcon.colcon_core.shell:Skip shell extension 'powershell' for command environment: Not usable outside of PowerShell
[0.776s] DEBUG:colcon.colcon_core.shell:Skip shell extension 'dsv' for command environment
[0.785s] DEBUG:colcon.colcon_core.event_handler.log_command:Invoking command in '/home/harsh/turtlebot3_ws/build/turtlebot3_simulations': CMAKE_PREFIX_PATH=/home/harsh/turtlebot3_ws/install/turtlebot3_manipulation_gazebo:/home/harsh/turtlebot3_ws/install/turtlebot3_gazebo:/home/harsh/turtlebot3_ws/install/turtlebot3_fake_node:/home/harsh/turtlebot3_ws/install/turtlebot3_simulations:/home/harsh/turtlebot3_ws/install/custom_dwa_planner:/opt/ros/humble /usr/bin/cmake --build /home/harsh/turtlebot3_ws/build/turtlebot3_simulations -- -j8 -l8
[0.815s] DEBUG:colcon.colcon_core.event_handler.log_command:Invoked command in '/home/harsh/turtlebot3_ws/build/turtlebot3_simulations' returned '0': CMAKE_PREFIX_PATH=/home/harsh/turtlebot3_ws/install/turtlebot3_manipulation_gazebo:/home/harsh/turtlebot3_ws/install/turtlebot3_gazebo:/home/harsh/turtlebot3_ws/install/turtlebot3_fake_node:/home/harsh/turtlebot3_ws/install/turtlebot3_simulations:/home/harsh/turtlebot3_ws/install/custom_dwa_planner:/opt/ros/humble /usr/bin/cmake --build /home/harsh/turtlebot3_ws/build/turtlebot3_simulations -- -j8 -l8
[0.817s] DEBUG:colcon.colcon_core.event_handler.log_command:Invoking command in '/home/harsh/turtlebot3_ws/build/turtlebot3_simulations': CMAKE_PREFIX_PATH=/home/harsh/turtlebot3_ws/install/turtlebot3_manipulation_gazebo:/home/harsh/turtlebot3_ws/install/turtlebot3_gazebo:/home/harsh/turtlebot3_ws/install/turtlebot3_fake_node:/home/harsh/turtlebot3_ws/install/turtlebot3_simulations:/home/harsh/turtlebot3_ws/install/custom_dwa_planner:/opt/ros/humble /usr/bin/cmake --install /home/harsh/turtlebot3_ws/build/turtlebot3_simulations
[0.833s] Level 1:colcon.colcon_core.environment:create_environment_scripts_only(turtlebot3_simulations)
[0.834s] Level 1:colcon.colcon_core.environment:checking '/home/harsh/turtlebot3_ws/install/turtlebot3_simulations' for CMake module files
[0.834s] DEBUG:colcon.colcon_core.event_handler.log_command:Invoked command in '/home/harsh/turtlebot3_ws/build/turtlebot3_simulations' returned '0': CMAKE_PREFIX_PATH=/home/harsh/turtlebot3_ws/install/turtlebot3_manipulation_gazebo:/home/harsh/turtlebot3_ws/install/turtlebot3_gazebo:/home/harsh/turtlebot3_ws/install/turtlebot3_fake_node:/home/harsh/turtlebot3_ws/install/turtlebot3_simulations:/home/harsh/turtlebot3_ws/install/custom_dwa_planner:/opt/ros/humble /usr/bin/cmake --install /home/harsh/turtlebot3_ws/build/turtlebot3_simulations
[0.835s] Level 1:colcon.colcon_core.environment:checking '/home/harsh/turtlebot3_ws/install/turtlebot3_simulations' for CMake config files
[0.835s] Level 1:colcon.colcon_core.shell:create_environment_hook('turtlebot3_simulations', 'cmake_prefix_path')
[0.835s] INFO:colcon.colcon_core.shell:Creating environment hook '/home/harsh/turtlebot3_ws/install/turtlebot3_simulations/share/turtlebot3_simulations/hook/cmake_prefix_path.ps1'
[0.835s] INFO:colcon.colcon_core.shell:Creating environment descriptor '/home/harsh/turtlebot3_ws/install/turtlebot3_simulations/share/turtlebot3_simulations/hook/cmake_prefix_path.dsv'
[0.836s] INFO:colcon.colcon_core.shell:Creating environment hook '/home/harsh/turtlebot3_ws/install/turtlebot3_simulations/share/turtlebot3_simulations/hook/cmake_prefix_path.sh'
[0.836s] Level 1:colcon.colcon_core.environment:checking '/home/harsh/turtlebot3_ws/install/turtlebot3_simulations/bin'
[0.836s] Level 1:colcon.colcon_core.environment:checking '/home/harsh/turtlebot3_ws/install/turtlebot3_simulations/lib/pkgconfig/turtlebot3_simulations.pc'
[0.836s] Level 1:colcon.colcon_core.environment:checking '/home/harsh/turtlebot3_ws/install/turtlebot3_simulations/lib/python3.10/site-packages'
[0.837s] Level 1:colcon.colcon_core.environment:checking '/home/harsh/turtlebot3_ws/install/turtlebot3_simulations/bin'
[0.837s] INFO:colcon.colcon_core.shell:Creating package script '/home/harsh/turtlebot3_ws/install/turtlebot3_simulations/share/turtlebot3_simulations/package.ps1'
[0.837s] INFO:colcon.colcon_core.shell:Creating package descriptor '/home/harsh/turtlebot3_ws/install/turtlebot3_simulations/share/turtlebot3_simulations/package.dsv'
[0.838s] INFO:colcon.colcon_core.shell:Creating package script '/home/harsh/turtlebot3_ws/install/turtlebot3_simulations/share/turtlebot3_simulations/package.sh'
[0.838s] INFO:colcon.colcon_core.shell:Creating package script '/home/harsh/turtlebot3_ws/install/turtlebot3_simulations/share/turtlebot3_simulations/package.bash'
[0.838s] INFO:colcon.colcon_core.shell:Creating package script '/home/harsh/turtlebot3_ws/install/turtlebot3_simulations/share/turtlebot3_simulations/package.zsh'
[0.839s] Level 1:colcon.colcon_core.environment:create_file_with_runtime_dependencies(/home/harsh/turtlebot3_ws/install/turtlebot3_simulations/share/colcon-core/packages/turtlebot3_simulations)
[0.839s] Level 1:colcon.colcon_core.environment:create_environment_scripts_only(turtlebot3_simulations)
[0.839s] Level 1:colcon.colcon_core.environment:checking '/home/harsh/turtlebot3_ws/install/turtlebot3_simulations' for CMake module files
[0.840s] Level 1:colcon.colcon_core.environment:checking '/home/harsh/turtlebot3_ws/install/turtlebot3_simulations' for CMake config files
[0.840s] Level 1:colcon.colcon_core.shell:create_environment_hook('turtlebot3_simulations', 'cmake_prefix_path')
[0.840s] INFO:colcon.colcon_core.shell:Creating environment hook '/home/harsh/turtlebot3_ws/install/turtlebot3_simulations/share/turtlebot3_simulations/hook/cmake_prefix_path.ps1'
[0.840s] INFO:colcon.colcon_core.shell:Creating environment descriptor '/home/harsh/turtlebot3_ws/install/turtlebot3_simulations/share/turtlebot3_simulations/hook/cmake_prefix_path.dsv'
[0.840s] INFO:colcon.colcon_core.shell:Creating environment hook '/home/harsh/turtlebot3_ws/install/turtlebot3_simulations/share/turtlebot3_simulations/hook/cmake_prefix_path.sh'
[0.841s] Level 1:colcon.colcon_core.environment:checking '/home/harsh/turtlebot3_ws/install/turtlebot3_simulations/bin'
[0.841s] Level 1:colcon.colcon_core.environment:checking '/home/harsh/turtlebot3_ws/install/turtlebot3_simulations/lib/pkgconfig/turtlebot3_simulations.pc'
[0.841s] Level 1:colcon.colcon_core.environment:checking '/home/harsh/turtlebot3_ws/install/turtlebot3_simulations/lib/python3.10/site-packages'
[0.841s] Level 1:colcon.colcon_core.environment:checking '/home/harsh/turtlebot3_ws/install/turtlebot3_simulations/bin'
[0.842s] INFO:colcon.colcon_core.shell:Creating package script '/home/harsh/turtlebot3_ws/install/turtlebot3_simulations/share/turtlebot3_simulations/package.ps1'
[0.842s] INFO:colcon.colcon_core.shell:Creating package descriptor '/home/harsh/turtlebot3_ws/install/turtlebot3_simulations/share/turtlebot3_simulations/package.dsv'
[0.842s] INFO:colcon.colcon_core.shell:Creating package script '/home/harsh/turtlebot3_ws/install/turtlebot3_simulations/share/turtlebot3_simulations/package.sh'
[0.843s] INFO:colcon.colcon_core.shell:Creating package script '/home/harsh/turtlebot3_ws/install/turtlebot3_simulations/share/turtlebot3_simulations/package.bash'
[0.843s] INFO:colcon.colcon_core.shell:Creating package script '/home/harsh/turtlebot3_ws/install/turtlebot3_simulations/share/turtlebot3_simulations/package.zsh'
[0.843s] Level 1:colcon.colcon_core.environment:create_file_with_runtime_dependencies(/home/harsh/turtlebot3_ws/install/turtlebot3_simulations/share/colcon-core/packages/turtlebot3_simulations)
[1.008s] DEBUG:colcon.colcon_core.event_handler.log_command:Invoking command in '/home/harsh/turtlebot3_ws/src/custom_dwa_planner': PYTHONPATH=/home/harsh/turtlebot3_ws/build/custom_dwa_planner/prefix_override:/usr/lib/python3/dist-packages/colcon_core/task/python/colcon_distutils_commands:/home/harsh/turtlebot3_ws/install/custom_dwa_planner/lib/python3.10/site-packages:${PYTHONPATH} /usr/bin/python3 -W ignore:setup.py install is deprecated -W ignore:easy_install command is deprecated setup.py egg_info --egg-base ../../build/custom_dwa_planner build --build-base /home/harsh/turtlebot3_ws/build/custom_dwa_planner/build install --record /home/harsh/turtlebot3_ws/build/custom_dwa_planner/install.log --single-version-externally-managed install_data
[1.230s] Level 1:colcon.colcon_core.environment:checking '/home/harsh/turtlebot3_ws/install/custom_dwa_planner' for CMake module files
[1.230s] DEBUG:colcon.colcon_core.event_handler.log_command:Invoked command in '/home/harsh/turtlebot3_ws/src/custom_dwa_planner' returned '0': PYTHONPATH=/home/harsh/turtlebot3_ws/build/custom_dwa_planner/prefix_override:/usr/lib/python3/dist-packages/colcon_core/task/python/colcon_distutils_commands:/home/harsh/turtlebot3_ws/install/custom_dwa_planner/lib/python3.10/site-packages:${PYTHONPATH} /usr/bin/python3 -W ignore:setup.py install is deprecated -W ignore:easy_install command is deprecated setup.py egg_info --egg-base ../../build/custom_dwa_planner build --build-base /home/harsh/turtlebot3_ws/build/custom_dwa_planner/build install --record /home/harsh/turtlebot3_ws/build/custom_dwa_planner/install.log --single-version-externally-managed install_data
[1.230s] Level 1:colcon.colcon_core.environment:checking '/home/harsh/turtlebot3_ws/install/custom_dwa_planner' for CMake config files
[1.231s] Level 1:colcon.colcon_core.environment:checking '/home/harsh/turtlebot3_ws/install/custom_dwa_planner/lib'
[1.231s] Level 1:colcon.colcon_core.environment:checking '/home/harsh/turtlebot3_ws/install/custom_dwa_planner/bin'
[1.231s] Level 1:colcon.colcon_core.environment:checking '/home/harsh/turtlebot3_ws/install/custom_dwa_planner/lib/pkgconfig/custom_dwa_planner.pc'
[1.231s] Level 1:colcon.colcon_core.environment:checking '/home/harsh/turtlebot3_ws/install/custom_dwa_planner/lib/python3.10/site-packages'
[1.231s] Level 1:colcon.colcon_core.shell:create_environment_hook('custom_dwa_planner', 'pythonpath')
[1.231s] INFO:colcon.colcon_core.shell:Creating environment hook '/home/harsh/turtlebot3_ws/install/custom_dwa_planner/share/custom_dwa_planner/hook/pythonpath.ps1'
[1.232s] INFO:colcon.colcon_core.shell:Creating environment descriptor '/home/harsh/turtlebot3_ws/install/custom_dwa_planner/share/custom_dwa_planner/hook/pythonpath.dsv'
[1.232s] INFO:colcon.colcon_core.shell:Creating environment hook '/home/harsh/turtlebot3_ws/install/custom_dwa_planner/share/custom_dwa_planner/hook/pythonpath.sh'
[1.232s] Level 1:colcon.colcon_core.environment:checking '/home/harsh/turtlebot3_ws/install/custom_dwa_planner/bin'
[1.232s] Level 1:colcon.colcon_core.environment:create_environment_scripts_only(custom_dwa_planner)
[1.233s] INFO:colcon.colcon_core.shell:Creating package script '/home/harsh/turtlebot3_ws/install/custom_dwa_planner/share/custom_dwa_planner/package.ps1'
[1.233s] INFO:colcon.colcon_core.shell:Creating package descriptor '/home/harsh/turtlebot3_ws/install/custom_dwa_planner/share/custom_dwa_planner/package.dsv'
[1.233s] INFO:colcon.colcon_core.shell:Creating package script '/home/harsh/turtlebot3_ws/install/custom_dwa_planner/share/custom_dwa_planner/package.sh'
[1.234s] INFO:colcon.colcon_core.shell:Creating package script '/home/harsh/turtlebot3_ws/install/custom_dwa_planner/share/custom_dwa_planner/package.bash'
[1.234s] INFO:colcon.colcon_core.shell:Creating package script '/home/harsh/turtlebot3_ws/install/custom_dwa_planner/share/custom_dwa_planner/package.zsh'
[1.234s] Level 1:colcon.colcon_core.environment:create_file_with_runtime_dependencies(/home/harsh/turtlebot3_ws/install/custom_dwa_planner/share/colcon-core/packages/custom_dwa_planner)
[1.234s] DEBUG:colcon.colcon_parallel_executor.executor.parallel:closing loop
[1.234s] DEBUG:colcon.colcon_parallel_executor.executor.parallel:loop closed
[1.235s] DEBUG:colcon.colcon_parallel_executor.executor.parallel:run_until_complete finished with '0'
[1.235s] DEBUG:colcon.colcon_core.event_reactor:joining thread
[1.238s] INFO:colcon.colcon_core.plugin_system:Skipping extension 'colcon_notification.desktop_notification.terminal_notifier': Not used on non-Darwin systems
[1.238s] INFO:colcon.colcon_core.plugin_system:Skipping extension 'colcon_notification.desktop_notification.win32': Not used on non-Windows systems
[1.238s] INFO:colcon.colcon_notification.desktop_notification:Sending desktop notification using 'notify2'
[1.245s] DEBUG:colcon.colcon_core.event_reactor:joined thread
[1.246s] INFO:colcon.colcon_core.shell:Creating prefix script '/home/harsh/turtlebot3_ws/install/local_setup.ps1'
[1.247s] INFO:colcon.colcon_core.shell:Creating prefix util module '/home/harsh/turtlebot3_ws/install/_local_setup_util_ps1.py'
[1.248s] INFO:colcon.colcon_core.shell:Creating prefix chain script '/home/harsh/turtlebot3_ws/install/setup.ps1'
[1.249s] INFO:colcon.colcon_core.shell:Creating prefix script '/home/harsh/turtlebot3_ws/install/local_setup.sh'
[1.249s] INFO:colcon.colcon_core.shell:Creating prefix util module '/home/harsh/turtlebot3_ws/install/_local_setup_util_sh.py'
[1.250s] INFO:colcon.colcon_core.shell:Creating prefix chain script '/home/harsh/turtlebot3_ws/install/setup.sh'
[1.250s] INFO:colcon.colcon_core.shell:Creating prefix script '/home/harsh/turtlebot3_ws/install/local_setup.bash'
[1.251s] INFO:colcon.colcon_core.shell:Creating prefix chain script '/home/harsh/turtlebot3_ws/install/setup.bash'
[1.251s] INFO:colcon.colcon_core.shell:Creating prefix script '/home/harsh/turtlebot3_ws/install/local_setup.zsh'
[1.252s] INFO:colcon.colcon_core.shell:Creating prefix chain script '/home/harsh/turtlebot3_ws/install/setup.zsh'
