running develop
running egg_info
creating custom_dwa_planner.egg-info
writing custom_dwa_planner.egg-info/PKG-INFO
writing dependency_links to custom_dwa_planner.egg-info/dependency_links.txt
writing entry points to custom_dwa_planner.egg-info/entry_points.txt
writing requirements to custom_dwa_planner.egg-info/requires.txt
writing top-level names to custom_dwa_planner.egg-info/top_level.txt
writing manifest file 'custom_dwa_planner.egg-info/SOURCES.txt'
reading manifest file 'custom_dwa_planner.egg-info/SOURCES.txt'
writing manifest file 'custom_dwa_planner.egg-info/SOURCES.txt'
running build_ext
Creating /home/harsh/turtlebot3_ws/install/custom_dwa_planner/lib/python3.10/site-packages/custom-dwa-planner.egg-link (link to .)
Installing dwa_planner script to /home/harsh/turtlebot3_ws/install/custom_dwa_planner/lib/custom_dwa_planner
Installing goal_publisher script to /home/harsh/turtlebot3_ws/install/custom_dwa_planner/lib/custom_dwa_planner

Installed /home/harsh/turtlebot3_ws/build/custom_dwa_planner
running symlink_data
creating /home/harsh/turtlebot3_ws/install/custom_dwa_planner/share/ament_index
creating /home/harsh/turtlebot3_ws/install/custom_dwa_planner/share/ament_index/resource_index
creating /home/harsh/turtlebot3_ws/install/custom_dwa_planner/share/ament_index/resource_index/packages
symbolically linking /home/harsh/turtlebot3_ws/build/custom_dwa_planner/resource/custom_dwa_planner -> /home/harsh/turtlebot3_ws/install/custom_dwa_planner/share/ament_index/resource_index/packages
symbolically linking /home/harsh/turtlebot3_ws/build/custom_dwa_planner/package.xml -> /home/harsh/turtlebot3_ws/install/custom_dwa_planner/share/custom_dwa_planner
creating /home/harsh/turtlebot3_ws/install/custom_dwa_planner/share/custom_dwa_planner/launch
creating /home/harsh/turtlebot3_ws/install/custom_dwa_planner/share/custom_dwa_planner/rviz
