[2.059s] Invoking command in '/home/harsh/turtlebot3_ws/build/custom_dwa_planner': PYTHONPATH=/home/harsh/turtlebot3_ws/build/custom_dwa_planner/prefix_override:/usr/lib/python3/dist-packages/colcon_core/task/python/colcon_distutils_commands:/home/harsh/turtlebot3_ws/install/custom_dwa_planner/lib/python3.10/site-packages:${PYTHONPATH} /usr/bin/python3 -W ignore:setup.py install is deprecated -W ignore:easy_install command is deprecated setup.py develop --editable --build-directory /home/harsh/turtlebot3_ws/build/custom_dwa_planner/build --no-deps symlink_data
[2.226s] running develop
[2.327s] running egg_info
[2.327s] creating custom_dwa_planner.egg-info
[2.327s] writing custom_dwa_planner.egg-info/PKG-INFO
[2.327s] writing dependency_links to custom_dwa_planner.egg-info/dependency_links.txt
[2.327s] writing entry points to custom_dwa_planner.egg-info/entry_points.txt
[2.327s] writing requirements to custom_dwa_planner.egg-info/requires.txt
[2.327s] writing top-level names to custom_dwa_planner.egg-info/top_level.txt
[2.327s] writing manifest file 'custom_dwa_planner.egg-info/SOURCES.txt'
[2.329s] reading manifest file 'custom_dwa_planner.egg-info/SOURCES.txt'
[2.329s] writing manifest file 'custom_dwa_planner.egg-info/SOURCES.txt'
[2.330s] running build_ext
[2.330s] Creating /home/harsh/turtlebot3_ws/install/custom_dwa_planner/lib/python3.10/site-packages/custom-dwa-planner.egg-link (link to .)
[2.331s] Installing dwa_planner script to /home/harsh/turtlebot3_ws/install/custom_dwa_planner/lib/custom_dwa_planner
[2.331s] Installing goal_publisher script to /home/harsh/turtlebot3_ws/install/custom_dwa_planner/lib/custom_dwa_planner
[2.331s] 
[2.331s] Installed /home/harsh/turtlebot3_ws/build/custom_dwa_planner
[2.331s] running symlink_data
[2.331s] creating /home/harsh/turtlebot3_ws/install/custom_dwa_planner/share/ament_index
[2.331s] creating /home/harsh/turtlebot3_ws/install/custom_dwa_planner/share/ament_index/resource_index
[2.331s] creating /home/harsh/turtlebot3_ws/install/custom_dwa_planner/share/ament_index/resource_index/packages
[2.331s] symbolically linking /home/harsh/turtlebot3_ws/build/custom_dwa_planner/resource/custom_dwa_planner -> /home/harsh/turtlebot3_ws/install/custom_dwa_planner/share/ament_index/resource_index/packages
[2.332s] symbolically linking /home/harsh/turtlebot3_ws/build/custom_dwa_planner/package.xml -> /home/harsh/turtlebot3_ws/install/custom_dwa_planner/share/custom_dwa_planner
[2.332s] creating /home/harsh/turtlebot3_ws/install/custom_dwa_planner/share/custom_dwa_planner/launch
[2.332s] creating /home/harsh/turtlebot3_ws/install/custom_dwa_planner/share/custom_dwa_planner/rviz
[2.354s] Invoked command in '/home/harsh/turtlebot3_ws/build/custom_dwa_planner' returned '0': PYTHONPATH=/home/harsh/turtlebot3_ws/build/custom_dwa_planner/prefix_override:/usr/lib/python3/dist-packages/colcon_core/task/python/colcon_distutils_commands:/home/harsh/turtlebot3_ws/install/custom_dwa_planner/lib/python3.10/site-packages:${PYTHONPATH} /usr/bin/python3 -W ignore:setup.py install is deprecated -W ignore:easy_install command is deprecated setup.py develop --editable --build-directory /home/harsh/turtlebot3_ws/build/custom_dwa_planner/build --no-deps symlink_data
