[3.820s] Invoking command in '/home/harsh/turtlebot3_ws/src/custom_dwa_planner': PYTHONPATH=/home/harsh/turtlebot3_ws/build/custom_dwa_planner/prefix_override:/usr/lib/python3/dist-packages/colcon_core/task/python/colcon_distutils_commands:/home/harsh/turtlebot3_ws/install/custom_dwa_planner/lib/python3.10/site-packages:${PYTHONPATH} /usr/bin/python3 -W ignore:setup.py install is deprecated -W ignore:easy_install command is deprecated setup.py egg_info --egg-base ../../build/custom_dwa_planner build --build-base /home/harsh/turtlebot3_ws/build/custom_dwa_planner/build install --record /home/harsh/turtlebot3_ws/build/custom_dwa_planner/install.log --single-version-externally-managed install_data
[3.989s] running egg_info
[3.990s] writing ../../build/custom_dwa_planner/custom_dwa_planner.egg-info/PKG-INFO
[3.999s] writing dependency_links to ../../build/custom_dwa_planner/custom_dwa_planner.egg-info/dependency_links.txt
[3.999s] writing entry points to ../../build/custom_dwa_planner/custom_dwa_planner.egg-info/entry_points.txt
[3.999s] writing requirements to ../../build/custom_dwa_planner/custom_dwa_planner.egg-info/requires.txt
[3.999s] writing top-level names to ../../build/custom_dwa_planner/custom_dwa_planner.egg-info/top_level.txt
[4.001s] reading manifest file '../../build/custom_dwa_planner/custom_dwa_planner.egg-info/SOURCES.txt'
[4.038s] writing manifest file '../../build/custom_dwa_planner/custom_dwa_planner.egg-info/SOURCES.txt'
[4.038s] running build
[4.038s] running build_py
[4.106s] copying custom_dwa_planner/dwa_planner.py -> /home/harsh/turtlebot3_ws/build/custom_dwa_planner/build/lib/custom_dwa_planner
[4.107s] running install
[4.108s] running install_lib
[4.109s] copying /home/harsh/turtlebot3_ws/build/custom_dwa_planner/build/lib/custom_dwa_planner/dwa_planner.py -> /home/harsh/turtlebot3_ws/install/custom_dwa_planner/lib/python3.10/site-packages/custom_dwa_planner
[4.110s] byte-compiling /home/harsh/turtlebot3_ws/install/custom_dwa_planner/lib/python3.10/site-packages/custom_dwa_planner/dwa_planner.py to dwa_planner.cpython-310.pyc
[4.114s] running install_data
[4.114s] running install_egg_info
[4.119s] removing '/home/harsh/turtlebot3_ws/install/custom_dwa_planner/lib/python3.10/site-packages/custom_dwa_planner-0.0.0-py3.10.egg-info' (and everything under it)
[4.119s] Copying ../../build/custom_dwa_planner/custom_dwa_planner.egg-info to /home/harsh/turtlebot3_ws/install/custom_dwa_planner/lib/python3.10/site-packages/custom_dwa_planner-0.0.0-py3.10.egg-info
[4.141s] running install_scripts
[4.165s] Installing dwa_planner script to /home/harsh/turtlebot3_ws/install/custom_dwa_planner/lib/custom_dwa_planner
[4.165s] Installing goal_publisher script to /home/harsh/turtlebot3_ws/install/custom_dwa_planner/lib/custom_dwa_planner
[4.165s] writing list of installed files to '/home/harsh/turtlebot3_ws/build/custom_dwa_planner/install.log'
[4.184s] Invoked command in '/home/harsh/turtlebot3_ws/src/custom_dwa_planner' returned '0': PYTHONPATH=/home/harsh/turtlebot3_ws/build/custom_dwa_planner/prefix_override:/usr/lib/python3/dist-packages/colcon_core/task/python/colcon_distutils_commands:/home/harsh/turtlebot3_ws/install/custom_dwa_planner/lib/python3.10/site-packages:${PYTHONPATH} /usr/bin/python3 -W ignore:setup.py install is deprecated -W ignore:easy_install command is deprecated setup.py egg_info --egg-base ../../build/custom_dwa_planner build --build-base /home/harsh/turtlebot3_ws/build/custom_dwa_planner/build install --record /home/harsh/turtlebot3_ws/build/custom_dwa_planner/install.log --single-version-externally-managed install_data
