[0.839s] Invoking command in '/home/harsh/turtlebot3_ws/src/custom_dwa_planner': PYTHONPATH=/home/harsh/turtlebot3_ws/build/custom_dwa_planner/prefix_override:/usr/lib/python3/dist-packages/colcon_core/task/python/colcon_distutils_commands:/home/harsh/turtlebot3_ws/install/custom_dwa_planner/lib/python3.10/site-packages:${PYTHONPATH} /usr/bin/python3 -W ignore:setup.py install is deprecated -W ignore:easy_install command is deprecated setup.py egg_info --egg-base ../../build/custom_dwa_planner build --build-base /home/harsh/turtlebot3_ws/build/custom_dwa_planner/build install --record /home/harsh/turtlebot3_ws/build/custom_dwa_planner/install.log --single-version-externally-managed install_data
[1.088s] running egg_info
[1.088s] writing ../../build/custom_dwa_planner/custom_dwa_planner.egg-info/PKG-INFO
[1.088s] writing dependency_links to ../../build/custom_dwa_planner/custom_dwa_planner.egg-info/dependency_links.txt
[1.088s] writing entry points to ../../build/custom_dwa_planner/custom_dwa_planner.egg-info/entry_points.txt
[1.088s] writing requirements to ../../build/custom_dwa_planner/custom_dwa_planner.egg-info/requires.txt
[1.089s] writing top-level names to ../../build/custom_dwa_planner/custom_dwa_planner.egg-info/top_level.txt
[1.090s] reading manifest file '../../build/custom_dwa_planner/custom_dwa_planner.egg-info/SOURCES.txt'
[1.092s] writing manifest file '../../build/custom_dwa_planner/custom_dwa_planner.egg-info/SOURCES.txt'
[1.092s] running build
[1.092s] running build_py
[1.092s] copying custom_dwa_planner/goal_publisher.py -> /home/harsh/turtlebot3_ws/build/custom_dwa_planner/build/lib/custom_dwa_planner
[1.092s] running install
[1.093s] running install_lib
[1.093s] copying /home/harsh/turtlebot3_ws/build/custom_dwa_planner/build/lib/custom_dwa_planner/goal_publisher.py -> /home/harsh/turtlebot3_ws/install/custom_dwa_planner/lib/python3.10/site-packages/custom_dwa_planner
[1.094s] byte-compiling /home/harsh/turtlebot3_ws/install/custom_dwa_planner/lib/python3.10/site-packages/custom_dwa_planner/goal_publisher.py to goal_publisher.cpython-310.pyc
[1.095s] running install_data
[1.095s] running install_egg_info
[1.098s] removing '/home/harsh/turtlebot3_ws/install/custom_dwa_planner/lib/python3.10/site-packages/custom_dwa_planner-0.0.0-py3.10.egg-info' (and everything under it)
[1.098s] Copying ../../build/custom_dwa_planner/custom_dwa_planner.egg-info to /home/harsh/turtlebot3_ws/install/custom_dwa_planner/lib/python3.10/site-packages/custom_dwa_planner-0.0.0-py3.10.egg-info
[1.099s] running install_scripts
[1.123s] Installing dwa_planner script to /home/harsh/turtlebot3_ws/install/custom_dwa_planner/lib/custom_dwa_planner
[1.123s] Installing goal_publisher script to /home/harsh/turtlebot3_ws/install/custom_dwa_planner/lib/custom_dwa_planner
[1.124s] writing list of installed files to '/home/harsh/turtlebot3_ws/build/custom_dwa_planner/install.log'
[1.149s] Invoked command in '/home/harsh/turtlebot3_ws/src/custom_dwa_planner' returned '0': PYTHONPATH=/home/harsh/turtlebot3_ws/build/custom_dwa_planner/prefix_override:/usr/lib/python3/dist-packages/colcon_core/task/python/colcon_distutils_commands:/home/harsh/turtlebot3_ws/install/custom_dwa_planner/lib/python3.10/site-packages:${PYTHONPATH} /usr/bin/python3 -W ignore:setup.py install is deprecated -W ignore:easy_install command is deprecated setup.py egg_info --egg-base ../../build/custom_dwa_planner build --build-base /home/harsh/turtlebot3_ws/build/custom_dwa_planner/build install --record /home/harsh/turtlebot3_ws/build/custom_dwa_planner/install.log --single-version-externally-managed install_data
