[0.524s] DEBUG:colcon:Command line arguments: ['/usr/bin/colcon', 'build']
[0.524s] DEBUG:colcon:Parsed command line arguments: Namespace(log_base=None, log_level=None, verb_name='build', build_base='build', install_base='install', merge_install=False, symlink_install=False, test_result_base=None, continue_on_error=False, executor='parallel', parallel_workers=8, event_handlers=None, ignore_user_meta=False, metas=['./colcon.meta'], base_paths=['.'], packages_ignore=None, packages_ignore_regex=None, paths=None, packages_up_to=None, packages_up_to_regex=None, packages_above=None, packages_above_and_dependencies=None, packages_above_depth=None, packages_select_by_dep=None, packages_skip_by_dep=None, packages_skip_up_to=None, packages_select_build_failed=False, packages_skip_build_finished=False, packages_select_test_failures=False, packages_skip_test_passed=False, packages_select=None, packages_skip=None, packages_select_regex=None, packages_skip_regex=None, packages_start=None, packages_end=None, allow_overriding=[], cmake_args=None, cmake_target=None, cmake_target_skip_unavailable=False, cmake_clean_cache=False, cmake_clean_first=False, cmake_force_configure=False, ament_cmake_args=None, catkin_cmake_args=None, catkin_skip_building_tests=False, mixin_files=None, mixin=None, verb_parser=<colcon_mixin.mixin.mixin_argument.MixinArgumentDecorator object at 0x734f9f9662f0>, verb_extension=<colcon_core.verb.build.BuildVerb object at 0x734f9f965e10>, main=<bound method BuildVerb.main of <colcon_core.verb.build.BuildVerb object at 0x734f9f965e10>>, mixin_verb=('build',))
[4.510s] Level 1:colcon.colcon_core.package_discovery:discover_packages(colcon_meta) check parameters
[4.510s] Level 1:colcon.colcon_core.package_discovery:discover_packages(recursive) check parameters
[4.511s] Level 1:colcon.colcon_core.package_discovery:discover_packages(ignore) check parameters
[4.511s] Level 1:colcon.colcon_core.package_discovery:discover_packages(path) check parameters
[4.511s] Level 1:colcon.colcon_core.package_discovery:discover_packages(colcon_meta) discover
[4.511s] Level 1:colcon.colcon_core.package_discovery:discover_packages(recursive) discover
[4.511s] INFO:colcon.colcon_core.package_discovery:Crawling recursively for packages in '/home/harsh/turtlebot3_ws'
[4.511s] Level 1:colcon.colcon_core.package_identification:_identify(.) by extensions ['ignore', 'ignore_ament_install']
[4.511s] Level 1:colcon.colcon_core.package_identification:_identify(.) by extension 'ignore'
[4.511s] Level 1:colcon.colcon_core.package_identification:_identify(.) by extension 'ignore_ament_install'
[4.512s] Level 1:colcon.colcon_core.package_identification:_identify(.) by extensions ['colcon_pkg']
[4.512s] Level 1:colcon.colcon_core.package_identification:_identify(.) by extension 'colcon_pkg'
[4.512s] Level 1:colcon.colcon_core.package_identification:_identify(.) by extensions ['colcon_meta']
[4.512s] Level 1:colcon.colcon_core.package_identification:_identify(.) by extension 'colcon_meta'
[4.512s] Level 1:colcon.colcon_core.package_identification:_identify(.) by extensions ['ros']
[4.512s] Level 1:colcon.colcon_core.package_identification:_identify(.) by extension 'ros'
[4.528s] Level 1:colcon.colcon_core.package_identification:_identify(.) by extensions ['cmake', 'python']
[4.528s] Level 1:colcon.colcon_core.package_identification:_identify(.) by extension 'cmake'
[4.528s] Level 1:colcon.colcon_core.package_identification:_identify(.) by extension 'python'
[4.528s] Level 1:colcon.colcon_core.package_identification:_identify(.) by extensions ['python_setup_py']
[4.528s] Level 1:colcon.colcon_core.package_identification:_identify(.) by extension 'python_setup_py'
[4.528s] Level 1:colcon.colcon_core.package_identification:_identify(build) by extensions ['ignore', 'ignore_ament_install']
[4.528s] Level 1:colcon.colcon_core.package_identification:_identify(build) by extension 'ignore'
[4.528s] Level 1:colcon.colcon_core.package_identification:_identify(build) ignored
[4.528s] Level 1:colcon.colcon_core.package_identification:_identify(install) by extensions ['ignore', 'ignore_ament_install']
[4.528s] Level 1:colcon.colcon_core.package_identification:_identify(install) by extension 'ignore'
[4.528s] Level 1:colcon.colcon_core.package_identification:_identify(install) ignored
[4.528s] Level 1:colcon.colcon_core.package_identification:_identify(log) by extensions ['ignore', 'ignore_ament_install']
[4.528s] Level 1:colcon.colcon_core.package_identification:_identify(log) by extension 'ignore'
[4.528s] Level 1:colcon.colcon_core.package_identification:_identify(log) ignored
[4.528s] Level 1:colcon.colcon_core.package_identification:_identify(src) by extensions ['ignore', 'ignore_ament_install']
[4.528s] Level 1:colcon.colcon_core.package_identification:_identify(src) by extension 'ignore'
[4.528s] Level 1:colcon.colcon_core.package_identification:_identify(src) by extension 'ignore_ament_install'
[4.528s] Level 1:colcon.colcon_core.package_identification:_identify(src) by extensions ['colcon_pkg']
[4.528s] Level 1:colcon.colcon_core.package_identification:_identify(src) by extension 'colcon_pkg'
[4.528s] Level 1:colcon.colcon_core.package_identification:_identify(src) by extensions ['colcon_meta']
[4.528s] Level 1:colcon.colcon_core.package_identification:_identify(src) by extension 'colcon_meta'
[4.528s] Level 1:colcon.colcon_core.package_identification:_identify(src) by extensions ['ros']
[4.528s] Level 1:colcon.colcon_core.package_identification:_identify(src) by extension 'ros'
[4.528s] Level 1:colcon.colcon_core.package_identification:_identify(src) by extensions ['cmake', 'python']
[4.528s] Level 1:colcon.colcon_core.package_identification:_identify(src) by extension 'cmake'
[4.528s] Level 1:colcon.colcon_core.package_identification:_identify(src) by extension 'python'
[4.529s] Level 1:colcon.colcon_core.package_identification:_identify(src) by extensions ['python_setup_py']
[4.529s] Level 1:colcon.colcon_core.package_identification:_identify(src) by extension 'python_setup_py'
[4.529s] Level 1:colcon.colcon_core.package_identification:_identify(src/custom_dwa_planner) by extensions ['ignore', 'ignore_ament_install']
[4.529s] Level 1:colcon.colcon_core.package_identification:_identify(src/custom_dwa_planner) by extension 'ignore'
[4.529s] Level 1:colcon.colcon_core.package_identification:_identify(src/custom_dwa_planner) by extension 'ignore_ament_install'
[4.529s] Level 1:colcon.colcon_core.package_identification:_identify(src/custom_dwa_planner) by extensions ['colcon_pkg']
[4.529s] Level 1:colcon.colcon_core.package_identification:_identify(src/custom_dwa_planner) by extension 'colcon_pkg'
[4.529s] Level 1:colcon.colcon_core.package_identification:_identify(src/custom_dwa_planner) by extensions ['colcon_meta']
[4.529s] Level 1:colcon.colcon_core.package_identification:_identify(src/custom_dwa_planner) by extension 'colcon_meta'
[4.529s] Level 1:colcon.colcon_core.package_identification:_identify(src/custom_dwa_planner) by extensions ['ros']
[4.529s] Level 1:colcon.colcon_core.package_identification:_identify(src/custom_dwa_planner) by extension 'ros'
[4.547s] DEBUG:colcon.colcon_core.package_identification:Package 'src/custom_dwa_planner' with type 'ros.ament_python' and name 'custom_dwa_planner'
[4.547s] Level 1:colcon.colcon_core.package_identification:_identify(src/turtlebot3_simulations) by extensions ['ignore', 'ignore_ament_install']
[4.547s] Level 1:colcon.colcon_core.package_identification:_identify(src/turtlebot3_simulations) by extension 'ignore'
[4.547s] Level 1:colcon.colcon_core.package_identification:_identify(src/turtlebot3_simulations) by extension 'ignore_ament_install'
[4.547s] Level 1:colcon.colcon_core.package_identification:_identify(src/turtlebot3_simulations) by extensions ['colcon_pkg']
[4.547s] Level 1:colcon.colcon_core.package_identification:_identify(src/turtlebot3_simulations) by extension 'colcon_pkg'
[4.547s] Level 1:colcon.colcon_core.package_identification:_identify(src/turtlebot3_simulations) by extensions ['colcon_meta']
[4.547s] Level 1:colcon.colcon_core.package_identification:_identify(src/turtlebot3_simulations) by extension 'colcon_meta'
[4.547s] Level 1:colcon.colcon_core.package_identification:_identify(src/turtlebot3_simulations) by extensions ['ros']
[4.547s] Level 1:colcon.colcon_core.package_identification:_identify(src/turtlebot3_simulations) by extension 'ros'
[4.547s] Level 1:colcon.colcon_core.package_identification:_identify(src/turtlebot3_simulations) by extensions ['cmake', 'python']
[4.547s] Level 1:colcon.colcon_core.package_identification:_identify(src/turtlebot3_simulations) by extension 'cmake'
[4.547s] Level 1:colcon.colcon_core.package_identification:_identify(src/turtlebot3_simulations) by extension 'python'
[4.547s] Level 1:colcon.colcon_core.package_identification:_identify(src/turtlebot3_simulations) by extensions ['python_setup_py']
[4.547s] Level 1:colcon.colcon_core.package_identification:_identify(src/turtlebot3_simulations) by extension 'python_setup_py'
[4.547s] Level 1:colcon.colcon_core.package_identification:_identify(src/turtlebot3_simulations/turtlebot3_fake_node) by extensions ['ignore', 'ignore_ament_install']
[4.547s] Level 1:colcon.colcon_core.package_identification:_identify(src/turtlebot3_simulations/turtlebot3_fake_node) by extension 'ignore'
[4.547s] Level 1:colcon.colcon_core.package_identification:_identify(src/turtlebot3_simulations/turtlebot3_fake_node) by extension 'ignore_ament_install'
[4.547s] Level 1:colcon.colcon_core.package_identification:_identify(src/turtlebot3_simulations/turtlebot3_fake_node) by extensions ['colcon_pkg']
[4.547s] Level 1:colcon.colcon_core.package_identification:_identify(src/turtlebot3_simulations/turtlebot3_fake_node) by extension 'colcon_pkg'
[4.547s] Level 1:colcon.colcon_core.package_identification:_identify(src/turtlebot3_simulations/turtlebot3_fake_node) by extensions ['colcon_meta']
[4.547s] Level 1:colcon.colcon_core.package_identification:_identify(src/turtlebot3_simulations/turtlebot3_fake_node) by extension 'colcon_meta'
[4.548s] Level 1:colcon.colcon_core.package_identification:_identify(src/turtlebot3_simulations/turtlebot3_fake_node) by extensions ['ros']
[4.548s] Level 1:colcon.colcon_core.package_identification:_identify(src/turtlebot3_simulations/turtlebot3_fake_node) by extension 'ros'
[4.548s] DEBUG:colcon.colcon_core.package_identification:Package 'src/turtlebot3_simulations/turtlebot3_fake_node' with type 'ros.ament_cmake' and name 'turtlebot3_fake_node'
[4.549s] Level 1:colcon.colcon_core.package_identification:_identify(src/turtlebot3_simulations/turtlebot3_gazebo) by extensions ['ignore', 'ignore_ament_install']
[4.549s] Level 1:colcon.colcon_core.package_identification:_identify(src/turtlebot3_simulations/turtlebot3_gazebo) by extension 'ignore'
[4.549s] Level 1:colcon.colcon_core.package_identification:_identify(src/turtlebot3_simulations/turtlebot3_gazebo) by extension 'ignore_ament_install'
[4.549s] Level 1:colcon.colcon_core.package_identification:_identify(src/turtlebot3_simulations/turtlebot3_gazebo) by extensions ['colcon_pkg']
[4.549s] Level 1:colcon.colcon_core.package_identification:_identify(src/turtlebot3_simulations/turtlebot3_gazebo) by extension 'colcon_pkg'
[4.549s] Level 1:colcon.colcon_core.package_identification:_identify(src/turtlebot3_simulations/turtlebot3_gazebo) by extensions ['colcon_meta']
[4.549s] Level 1:colcon.colcon_core.package_identification:_identify(src/turtlebot3_simulations/turtlebot3_gazebo) by extension 'colcon_meta'
[4.549s] Level 1:colcon.colcon_core.package_identification:_identify(src/turtlebot3_simulations/turtlebot3_gazebo) by extensions ['ros']
[4.549s] Level 1:colcon.colcon_core.package_identification:_identify(src/turtlebot3_simulations/turtlebot3_gazebo) by extension 'ros'
[4.550s] DEBUG:colcon.colcon_core.package_identification:Package 'src/turtlebot3_simulations/turtlebot3_gazebo' with type 'ros.ament_cmake' and name 'turtlebot3_gazebo'
[4.550s] Level 1:colcon.colcon_core.package_identification:_identify(src/turtlebot3_simulations/turtlebot3_manipulation_gazebo) by extensions ['ignore', 'ignore_ament_install']
[4.550s] Level 1:colcon.colcon_core.package_identification:_identify(src/turtlebot3_simulations/turtlebot3_manipulation_gazebo) by extension 'ignore'
[4.550s] Level 1:colcon.colcon_core.package_identification:_identify(src/turtlebot3_simulations/turtlebot3_manipulation_gazebo) by extension 'ignore_ament_install'
[4.550s] Level 1:colcon.colcon_core.package_identification:_identify(src/turtlebot3_simulations/turtlebot3_manipulation_gazebo) by extensions ['colcon_pkg']
[4.550s] Level 1:colcon.colcon_core.package_identification:_identify(src/turtlebot3_simulations/turtlebot3_manipulation_gazebo) by extension 'colcon_pkg'
[4.550s] Level 1:colcon.colcon_core.package_identification:_identify(src/turtlebot3_simulations/turtlebot3_manipulation_gazebo) by extensions ['colcon_meta']
[4.550s] Level 1:colcon.colcon_core.package_identification:_identify(src/turtlebot3_simulations/turtlebot3_manipulation_gazebo) by extension 'colcon_meta'
[4.550s] Level 1:colcon.colcon_core.package_identification:_identify(src/turtlebot3_simulations/turtlebot3_manipulation_gazebo) by extensions ['ros']
[4.550s] Level 1:colcon.colcon_core.package_identification:_identify(src/turtlebot3_simulations/turtlebot3_manipulation_gazebo) by extension 'ros'
[4.551s] DEBUG:colcon.colcon_core.package_identification:Package 'src/turtlebot3_simulations/turtlebot3_manipulation_gazebo' with type 'ros.ament_cmake' and name 'turtlebot3_manipulation_gazebo'
[4.551s] Level 1:colcon.colcon_core.package_identification:_identify(src/turtlebot3_simulations/turtlebot3_simulations) by extensions ['ignore', 'ignore_ament_install']
[4.551s] Level 1:colcon.colcon_core.package_identification:_identify(src/turtlebot3_simulations/turtlebot3_simulations) by extension 'ignore'
[4.551s] Level 1:colcon.colcon_core.package_identification:_identify(src/turtlebot3_simulations/turtlebot3_simulations) by extension 'ignore_ament_install'
[4.551s] Level 1:colcon.colcon_core.package_identification:_identify(src/turtlebot3_simulations/turtlebot3_simulations) by extensions ['colcon_pkg']
[4.551s] Level 1:colcon.colcon_core.package_identification:_identify(src/turtlebot3_simulations/turtlebot3_simulations) by extension 'colcon_pkg'
[4.551s] Level 1:colcon.colcon_core.package_identification:_identify(src/turtlebot3_simulations/turtlebot3_simulations) by extensions ['colcon_meta']
[4.551s] Level 1:colcon.colcon_core.package_identification:_identify(src/turtlebot3_simulations/turtlebot3_simulations) by extension 'colcon_meta'
[4.551s] Level 1:colcon.colcon_core.package_identification:_identify(src/turtlebot3_simulations/turtlebot3_simulations) by extensions ['ros']
[4.551s] Level 1:colcon.colcon_core.package_identification:_identify(src/turtlebot3_simulations/turtlebot3_simulations) by extension 'ros'
[4.552s] DEBUG:colcon.colcon_core.package_identification:Package 'src/turtlebot3_simulations/turtlebot3_simulations' with type 'ros.ament_cmake' and name 'turtlebot3_simulations'
[4.552s] Level 1:colcon.colcon_core.package_discovery:discover_packages(recursive) using defaults
[4.552s] Level 1:colcon.colcon_core.package_discovery:discover_packages(ignore) discover
[4.552s] Level 1:colcon.colcon_core.package_discovery:discover_packages(ignore) using defaults
[4.552s] Level 1:colcon.colcon_core.package_discovery:discover_packages(path) discover
[4.552s] Level 1:colcon.colcon_core.package_discovery:discover_packages(path) using defaults
[5.017s] Level 1:colcon.colcon_core.package_discovery:discover_packages(prefix_path) check parameters
[5.018s] Level 1:colcon.colcon_core.package_discovery:discover_packages(prefix_path) discover
[5.082s] DEBUG:colcon.colcon_installed_package_information.package_discovery:Found 5 installed packages in /home/harsh/turtlebot3_ws/install
[5.085s] DEBUG:colcon.colcon_installed_package_information.package_discovery:Found 323 installed packages in /opt/ros/humble
[5.088s] Level 1:colcon.colcon_core.package_discovery:discover_packages(prefix_path) using defaults
[5.323s] Level 5:colcon.colcon_core.verb:set package 'custom_dwa_planner' build argument 'cmake_args' from command line to 'None'
[5.323s] Level 5:colcon.colcon_core.verb:set package 'custom_dwa_planner' build argument 'cmake_target' from command line to 'None'
[5.323s] Level 5:colcon.colcon_core.verb:set package 'custom_dwa_planner' build argument 'cmake_target_skip_unavailable' from command line to 'False'
[5.323s] Level 5:colcon.colcon_core.verb:set package 'custom_dwa_planner' build argument 'cmake_clean_cache' from command line to 'False'
[5.323s] Level 5:colcon.colcon_core.verb:set package 'custom_dwa_planner' build argument 'cmake_clean_first' from command line to 'False'
[5.323s] Level 5:colcon.colcon_core.verb:set package 'custom_dwa_planner' build argument 'cmake_force_configure' from command line to 'False'
[5.323s] Level 5:colcon.colcon_core.verb:set package 'custom_dwa_planner' build argument 'ament_cmake_args' from command line to 'None'
[5.323s] Level 5:colcon.colcon_core.verb:set package 'custom_dwa_planner' build argument 'catkin_cmake_args' from command line to 'None'
[5.323s] Level 5:colcon.colcon_core.verb:set package 'custom_dwa_planner' build argument 'catkin_skip_building_tests' from command line to 'False'
[5.323s] DEBUG:colcon.colcon_core.verb:Building package 'custom_dwa_planner' with the following arguments: {'ament_cmake_args': None, 'build_base': '/home/harsh/turtlebot3_ws/build/custom_dwa_planner', 'catkin_cmake_args': None, 'catkin_skip_building_tests': False, 'cmake_args': None, 'cmake_clean_cache': False, 'cmake_clean_first': False, 'cmake_force_configure': False, 'cmake_target': None, 'cmake_target_skip_unavailable': False, 'install_base': '/home/harsh/turtlebot3_ws/install/custom_dwa_planner', 'merge_install': False, 'path': '/home/harsh/turtlebot3_ws/src/custom_dwa_planner', 'symlink_install': False, 'test_result_base': None}
[5.323s] Level 5:colcon.colcon_core.verb:set package 'turtlebot3_fake_node' build argument 'cmake_args' from command line to 'None'
[5.323s] Level 5:colcon.colcon_core.verb:set package 'turtlebot3_fake_node' build argument 'cmake_target' from command line to 'None'
[5.323s] Level 5:colcon.colcon_core.verb:set package 'turtlebot3_fake_node' build argument 'cmake_target_skip_unavailable' from command line to 'False'
[5.323s] Level 5:colcon.colcon_core.verb:set package 'turtlebot3_fake_node' build argument 'cmake_clean_cache' from command line to 'False'
[5.323s] Level 5:colcon.colcon_core.verb:set package 'turtlebot3_fake_node' build argument 'cmake_clean_first' from command line to 'False'
[5.323s] Level 5:colcon.colcon_core.verb:set package 'turtlebot3_fake_node' build argument 'cmake_force_configure' from command line to 'False'
[5.323s] Level 5:colcon.colcon_core.verb:set package 'turtlebot3_fake_node' build argument 'ament_cmake_args' from command line to 'None'
[5.323s] Level 5:colcon.colcon_core.verb:set package 'turtlebot3_fake_node' build argument 'catkin_cmake_args' from command line to 'None'
[5.323s] Level 5:colcon.colcon_core.verb:set package 'turtlebot3_fake_node' build argument 'catkin_skip_building_tests' from command line to 'False'
[5.323s] DEBUG:colcon.colcon_core.verb:Building package 'turtlebot3_fake_node' with the following arguments: {'ament_cmake_args': None, 'build_base': '/home/harsh/turtlebot3_ws/build/turtlebot3_fake_node', 'catkin_cmake_args': None, 'catkin_skip_building_tests': False, 'cmake_args': None, 'cmake_clean_cache': False, 'cmake_clean_first': False, 'cmake_force_configure': False, 'cmake_target': None, 'cmake_target_skip_unavailable': False, 'install_base': '/home/harsh/turtlebot3_ws/install/turtlebot3_fake_node', 'merge_install': False, 'path': '/home/harsh/turtlebot3_ws/src/turtlebot3_simulations/turtlebot3_fake_node', 'symlink_install': False, 'test_result_base': None}
[5.324s] Level 5:colcon.colcon_core.verb:set package 'turtlebot3_gazebo' build argument 'cmake_args' from command line to 'None'
[5.324s] Level 5:colcon.colcon_core.verb:set package 'turtlebot3_gazebo' build argument 'cmake_target' from command line to 'None'
[5.324s] Level 5:colcon.colcon_core.verb:set package 'turtlebot3_gazebo' build argument 'cmake_target_skip_unavailable' from command line to 'False'
[5.324s] Level 5:colcon.colcon_core.verb:set package 'turtlebot3_gazebo' build argument 'cmake_clean_cache' from command line to 'False'
[5.324s] Level 5:colcon.colcon_core.verb:set package 'turtlebot3_gazebo' build argument 'cmake_clean_first' from command line to 'False'
[5.324s] Level 5:colcon.colcon_core.verb:set package 'turtlebot3_gazebo' build argument 'cmake_force_configure' from command line to 'False'
[5.324s] Level 5:colcon.colcon_core.verb:set package 'turtlebot3_gazebo' build argument 'ament_cmake_args' from command line to 'None'
[5.324s] Level 5:colcon.colcon_core.verb:set package 'turtlebot3_gazebo' build argument 'catkin_cmake_args' from command line to 'None'
[5.324s] Level 5:colcon.colcon_core.verb:set package 'turtlebot3_gazebo' build argument 'catkin_skip_building_tests' from command line to 'False'
[5.324s] DEBUG:colcon.colcon_core.verb:Building package 'turtlebot3_gazebo' with the following arguments: {'ament_cmake_args': None, 'build_base': '/home/harsh/turtlebot3_ws/build/turtlebot3_gazebo', 'catkin_cmake_args': None, 'catkin_skip_building_tests': False, 'cmake_args': None, 'cmake_clean_cache': False, 'cmake_clean_first': False, 'cmake_force_configure': False, 'cmake_target': None, 'cmake_target_skip_unavailable': False, 'install_base': '/home/harsh/turtlebot3_ws/install/turtlebot3_gazebo', 'merge_install': False, 'path': '/home/harsh/turtlebot3_ws/src/turtlebot3_simulations/turtlebot3_gazebo', 'symlink_install': False, 'test_result_base': None}
[5.324s] Level 5:colcon.colcon_core.verb:set package 'turtlebot3_manipulation_gazebo' build argument 'cmake_args' from command line to 'None'
[5.324s] Level 5:colcon.colcon_core.verb:set package 'turtlebot3_manipulation_gazebo' build argument 'cmake_target' from command line to 'None'
[5.324s] Level 5:colcon.colcon_core.verb:set package 'turtlebot3_manipulation_gazebo' build argument 'cmake_target_skip_unavailable' from command line to 'False'
[5.324s] Level 5:colcon.colcon_core.verb:set package 'turtlebot3_manipulation_gazebo' build argument 'cmake_clean_cache' from command line to 'False'
[5.324s] Level 5:colcon.colcon_core.verb:set package 'turtlebot3_manipulation_gazebo' build argument 'cmake_clean_first' from command line to 'False'
[5.324s] Level 5:colcon.colcon_core.verb:set package 'turtlebot3_manipulation_gazebo' build argument 'cmake_force_configure' from command line to 'False'
[5.324s] Level 5:colcon.colcon_core.verb:set package 'turtlebot3_manipulation_gazebo' build argument 'ament_cmake_args' from command line to 'None'
[5.324s] Level 5:colcon.colcon_core.verb:set package 'turtlebot3_manipulation_gazebo' build argument 'catkin_cmake_args' from command line to 'None'
[5.324s] Level 5:colcon.colcon_core.verb:set package 'turtlebot3_manipulation_gazebo' build argument 'catkin_skip_building_tests' from command line to 'False'
[5.324s] DEBUG:colcon.colcon_core.verb:Building package 'turtlebot3_manipulation_gazebo' with the following arguments: {'ament_cmake_args': None, 'build_base': '/home/harsh/turtlebot3_ws/build/turtlebot3_manipulation_gazebo', 'catkin_cmake_args': None, 'catkin_skip_building_tests': False, 'cmake_args': None, 'cmake_clean_cache': False, 'cmake_clean_first': False, 'cmake_force_configure': False, 'cmake_target': None, 'cmake_target_skip_unavailable': False, 'install_base': '/home/harsh/turtlebot3_ws/install/turtlebot3_manipulation_gazebo', 'merge_install': False, 'path': '/home/harsh/turtlebot3_ws/src/turtlebot3_simulations/turtlebot3_manipulation_gazebo', 'symlink_install': False, 'test_result_base': None}
[5.324s] Level 5:colcon.colcon_core.verb:set package 'turtlebot3_simulations' build argument 'cmake_args' from command line to 'None'
[5.324s] Level 5:colcon.colcon_core.verb:set package 'turtlebot3_simulations' build argument 'cmake_target' from command line to 'None'
[5.324s] Level 5:colcon.colcon_core.verb:set package 'turtlebot3_simulations' build argument 'cmake_target_skip_unavailable' from command line to 'False'
[5.324s] Level 5:colcon.colcon_core.verb:set package 'turtlebot3_simulations' build argument 'cmake_clean_cache' from command line to 'False'
[5.324s] Level 5:colcon.colcon_core.verb:set package 'turtlebot3_simulations' build argument 'cmake_clean_first' from command line to 'False'
[5.324s] Level 5:colcon.colcon_core.verb:set package 'turtlebot3_simulations' build argument 'cmake_force_configure' from command line to 'False'
[5.324s] Level 5:colcon.colcon_core.verb:set package 'turtlebot3_simulations' build argument 'ament_cmake_args' from command line to 'None'
[5.324s] Level 5:colcon.colcon_core.verb:set package 'turtlebot3_simulations' build argument 'catkin_cmake_args' from command line to 'None'
[5.324s] Level 5:colcon.colcon_core.verb:set package 'turtlebot3_simulations' build argument 'catkin_skip_building_tests' from command line to 'False'
[5.324s] DEBUG:colcon.colcon_core.verb:Building package 'turtlebot3_simulations' with the following arguments: {'ament_cmake_args': None, 'build_base': '/home/harsh/turtlebot3_ws/build/turtlebot3_simulations', 'catkin_cmake_args': None, 'catkin_skip_building_tests': False, 'cmake_args': None, 'cmake_clean_cache': False, 'cmake_clean_first': False, 'cmake_force_configure': False, 'cmake_target': None, 'cmake_target_skip_unavailable': False, 'install_base': '/home/harsh/turtlebot3_ws/install/turtlebot3_simulations', 'merge_install': False, 'path': '/home/harsh/turtlebot3_ws/src/turtlebot3_simulations/turtlebot3_simulations', 'symlink_install': False, 'test_result_base': None}
[5.324s] INFO:colcon.colcon_core.executor:Executing jobs using 'parallel' executor
[5.325s] DEBUG:colcon.colcon_parallel_executor.executor.parallel:run_until_complete
[5.326s] INFO:colcon.colcon_ros.task.ament_cmake.build:Building ROS package in '/home/harsh/turtlebot3_ws/src/turtlebot3_simulations/turtlebot3_fake_node' with build type 'ament_cmake'
[5.326s] INFO:colcon.colcon_cmake.task.cmake.build:Building CMake package in '/home/harsh/turtlebot3_ws/src/turtlebot3_simulations/turtlebot3_fake_node'
[5.362s] INFO:colcon.colcon_core.plugin_system:Skipping extension 'colcon_core.shell.bat': Not used on non-Windows systems
[5.363s] INFO:colcon.colcon_core.shell:Skip shell extension 'powershell' for command environment: Not usable outside of PowerShell
[5.363s] DEBUG:colcon.colcon_core.shell:Skip shell extension 'dsv' for command environment
[5.377s] INFO:colcon.colcon_ros.task.ament_cmake.build:Building ROS package in '/home/harsh/turtlebot3_ws/src/turtlebot3_simulations/turtlebot3_gazebo' with build type 'ament_cmake'
[5.378s] INFO:colcon.colcon_cmake.task.cmake.build:Building CMake package in '/home/harsh/turtlebot3_ws/src/turtlebot3_simulations/turtlebot3_gazebo'
[5.378s] INFO:colcon.colcon_core.shell:Skip shell extension 'powershell' for command environment: Not usable outside of PowerShell
[5.378s] DEBUG:colcon.colcon_core.shell:Skip shell extension 'dsv' for command environment
[5.384s] INFO:colcon.colcon_ros.task.ament_cmake.build:Building ROS package in '/home/harsh/turtlebot3_ws/src/turtlebot3_simulations/turtlebot3_manipulation_gazebo' with build type 'ament_cmake'
[5.384s] INFO:colcon.colcon_cmake.task.cmake.build:Building CMake package in '/home/harsh/turtlebot3_ws/src/turtlebot3_simulations/turtlebot3_manipulation_gazebo'
[5.385s] INFO:colcon.colcon_core.shell:Skip shell extension 'powershell' for command environment: Not usable outside of PowerShell
[5.385s] DEBUG:colcon.colcon_core.shell:Skip shell extension 'dsv' for command environment
[5.389s] INFO:colcon.colcon_ros.task.ament_python.build:Building ROS package in '/home/harsh/turtlebot3_ws/src/custom_dwa_planner' with build type 'ament_python'
[5.389s] Level 1:colcon.colcon_core.shell:create_environment_hook('custom_dwa_planner', 'ament_prefix_path')
[5.389s] INFO:colcon.colcon_core.shell:Creating environment hook '/home/harsh/turtlebot3_ws/install/custom_dwa_planner/share/custom_dwa_planner/hook/ament_prefix_path.ps1'
[5.390s] INFO:colcon.colcon_core.shell:Creating environment descriptor '/home/harsh/turtlebot3_ws/install/custom_dwa_planner/share/custom_dwa_planner/hook/ament_prefix_path.dsv'
[5.391s] INFO:colcon.colcon_core.shell:Creating environment hook '/home/harsh/turtlebot3_ws/install/custom_dwa_planner/share/custom_dwa_planner/hook/ament_prefix_path.sh'
[5.392s] INFO:colcon.colcon_core.shell:Skip shell extension 'powershell' for command environment: Not usable outside of PowerShell
[5.392s] DEBUG:colcon.colcon_core.shell:Skip shell extension 'dsv' for command environment
[5.464s] DEBUG:colcon.colcon_core.event_handler.log_command:Invoking command in '/home/harsh/turtlebot3_ws/build/turtlebot3_fake_node': CMAKE_PREFIX_PATH=${CMAKE_PREFIX_PATH}:/home/harsh/turtlebot3_ws/install/custom_dwa_planner:/opt/ros/humble /usr/bin/cmake --build /home/harsh/turtlebot3_ws/build/turtlebot3_fake_node -- -j8 -l8
[5.555s] DEBUG:colcon.colcon_core.event_handler.log_command:Invoking command in '/home/harsh/turtlebot3_ws/build/turtlebot3_gazebo': CMAKE_PREFIX_PATH=${CMAKE_PREFIX_PATH}:/home/harsh/turtlebot3_ws/install/custom_dwa_planner:/opt/ros/humble /usr/bin/cmake --build /home/harsh/turtlebot3_ws/build/turtlebot3_gazebo -- -j8 -l8
[5.623s] DEBUG:colcon.colcon_core.event_handler.log_command:Invoking command in '/home/harsh/turtlebot3_ws/build/turtlebot3_manipulation_gazebo': CMAKE_PREFIX_PATH=${CMAKE_PREFIX_PATH}:/home/harsh/turtlebot3_ws/install/custom_dwa_planner:/opt/ros/humble /usr/bin/cmake --build /home/harsh/turtlebot3_ws/build/turtlebot3_manipulation_gazebo -- -j8 -l8
[5.875s] INFO:colcon.colcon_core.task.python.build:Building Python package in '/home/harsh/turtlebot3_ws/src/custom_dwa_planner'
[5.875s] INFO:colcon.colcon_core.shell:Skip shell extension 'powershell' for command environment: Not usable outside of PowerShell
[5.875s] DEBUG:colcon.colcon_core.shell:Skip shell extension 'dsv' for command environment
[6.194s] DEBUG:colcon.colcon_core.event_handler.log_command:Invoked command in '/home/harsh/turtlebot3_ws/build/turtlebot3_manipulation_gazebo' returned '0': CMAKE_PREFIX_PATH=${CMAKE_PREFIX_PATH}:/home/harsh/turtlebot3_ws/install/custom_dwa_planner:/opt/ros/humble /usr/bin/cmake --build /home/harsh/turtlebot3_ws/build/turtlebot3_manipulation_gazebo -- -j8 -l8
[6.278s] DEBUG:colcon.colcon_core.event_handler.log_command:Invoking command in '/home/harsh/turtlebot3_ws/build/turtlebot3_manipulation_gazebo': CMAKE_PREFIX_PATH=${CMAKE_PREFIX_PATH}:/home/harsh/turtlebot3_ws/install/custom_dwa_planner:/opt/ros/humble /usr/bin/cmake --install /home/harsh/turtlebot3_ws/build/turtlebot3_manipulation_gazebo
[7.468s] DEBUG:colcon.colcon_core.event_handler.log_command:Invoked command in '/home/harsh/turtlebot3_ws/build/turtlebot3_fake_node' returned '0': CMAKE_PREFIX_PATH=${CMAKE_PREFIX_PATH}:/home/harsh/turtlebot3_ws/install/custom_dwa_planner:/opt/ros/humble /usr/bin/cmake --build /home/harsh/turtlebot3_ws/build/turtlebot3_fake_node -- -j8 -l8
[7.480s] DEBUG:colcon.colcon_core.event_handler.log_command:Invoking command in '/home/harsh/turtlebot3_ws/build/turtlebot3_fake_node': CMAKE_PREFIX_PATH=${CMAKE_PREFIX_PATH}:/home/harsh/turtlebot3_ws/install/custom_dwa_planner:/opt/ros/humble /usr/bin/cmake --install /home/harsh/turtlebot3_ws/build/turtlebot3_fake_node
[7.723s] Level 1:colcon.colcon_core.environment:create_environment_scripts_only(turtlebot3_fake_node)
[7.724s] DEBUG:colcon.colcon_core.event_handler.log_command:Invoked command in '/home/harsh/turtlebot3_ws/build/turtlebot3_fake_node' returned '0': CMAKE_PREFIX_PATH=${CMAKE_PREFIX_PATH}:/home/harsh/turtlebot3_ws/install/custom_dwa_planner:/opt/ros/humble /usr/bin/cmake --install /home/harsh/turtlebot3_ws/build/turtlebot3_fake_node
[7.862s] Level 1:colcon.colcon_core.environment:checking '/home/harsh/turtlebot3_ws/install/turtlebot3_fake_node' for CMake module files
[7.863s] Level 1:colcon.colcon_core.environment:checking '/home/harsh/turtlebot3_ws/install/turtlebot3_fake_node' for CMake config files
[7.863s] Level 1:colcon.colcon_core.shell:create_environment_hook('turtlebot3_fake_node', 'cmake_prefix_path')
[7.864s] INFO:colcon.colcon_core.shell:Creating environment hook '/home/harsh/turtlebot3_ws/install/turtlebot3_fake_node/share/turtlebot3_fake_node/hook/cmake_prefix_path.ps1'
[7.864s] INFO:colcon.colcon_core.shell:Creating environment descriptor '/home/harsh/turtlebot3_ws/install/turtlebot3_fake_node/share/turtlebot3_fake_node/hook/cmake_prefix_path.dsv'
[7.865s] INFO:colcon.colcon_core.shell:Creating environment hook '/home/harsh/turtlebot3_ws/install/turtlebot3_fake_node/share/turtlebot3_fake_node/hook/cmake_prefix_path.sh'
[7.866s] Level 1:colcon.colcon_core.environment:checking '/home/harsh/turtlebot3_ws/install/turtlebot3_fake_node/lib'
[7.867s] Level 1:colcon.colcon_core.environment:checking '/home/harsh/turtlebot3_ws/install/turtlebot3_fake_node/bin'
[7.867s] Level 1:colcon.colcon_core.environment:checking '/home/harsh/turtlebot3_ws/install/turtlebot3_fake_node/lib/pkgconfig/turtlebot3_fake_node.pc'
[7.867s] Level 1:colcon.colcon_core.environment:checking '/home/harsh/turtlebot3_ws/install/turtlebot3_fake_node/lib/python3.10/site-packages'
[7.867s] Level 1:colcon.colcon_core.environment:checking '/home/harsh/turtlebot3_ws/install/turtlebot3_fake_node/bin'
[7.868s] INFO:colcon.colcon_core.shell:Creating package script '/home/harsh/turtlebot3_ws/install/turtlebot3_fake_node/share/turtlebot3_fake_node/package.ps1'
[7.869s] INFO:colcon.colcon_core.shell:Creating package descriptor '/home/harsh/turtlebot3_ws/install/turtlebot3_fake_node/share/turtlebot3_fake_node/package.dsv'
[7.870s] INFO:colcon.colcon_core.shell:Creating package script '/home/harsh/turtlebot3_ws/install/turtlebot3_fake_node/share/turtlebot3_fake_node/package.sh'
[7.872s] INFO:colcon.colcon_core.shell:Creating package script '/home/harsh/turtlebot3_ws/install/turtlebot3_fake_node/share/turtlebot3_fake_node/package.bash'
[7.875s] INFO:colcon.colcon_core.shell:Creating package script '/home/harsh/turtlebot3_ws/install/turtlebot3_fake_node/share/turtlebot3_fake_node/package.zsh'
[7.877s] Level 1:colcon.colcon_core.environment:create_file_with_runtime_dependencies(/home/harsh/turtlebot3_ws/install/turtlebot3_fake_node/share/colcon-core/packages/turtlebot3_fake_node)
[7.878s] Level 1:colcon.colcon_core.environment:create_environment_scripts_only(turtlebot3_fake_node)
[7.878s] Level 1:colcon.colcon_core.environment:checking '/home/harsh/turtlebot3_ws/install/turtlebot3_fake_node' for CMake module files
[7.879s] Level 1:colcon.colcon_core.environment:checking '/home/harsh/turtlebot3_ws/install/turtlebot3_fake_node' for CMake config files
[7.879s] Level 1:colcon.colcon_core.shell:create_environment_hook('turtlebot3_fake_node', 'cmake_prefix_path')
[7.879s] INFO:colcon.colcon_core.shell:Creating environment hook '/home/harsh/turtlebot3_ws/install/turtlebot3_fake_node/share/turtlebot3_fake_node/hook/cmake_prefix_path.ps1'
[7.880s] INFO:colcon.colcon_core.shell:Creating environment descriptor '/home/harsh/turtlebot3_ws/install/turtlebot3_fake_node/share/turtlebot3_fake_node/hook/cmake_prefix_path.dsv'
[7.880s] INFO:colcon.colcon_core.shell:Creating environment hook '/home/harsh/turtlebot3_ws/install/turtlebot3_fake_node/share/turtlebot3_fake_node/hook/cmake_prefix_path.sh'
[7.881s] Level 1:colcon.colcon_core.environment:checking '/home/harsh/turtlebot3_ws/install/turtlebot3_fake_node/lib'
[7.881s] Level 1:colcon.colcon_core.environment:checking '/home/harsh/turtlebot3_ws/install/turtlebot3_fake_node/bin'
[7.881s] Level 1:colcon.colcon_core.environment:checking '/home/harsh/turtlebot3_ws/install/turtlebot3_fake_node/lib/pkgconfig/turtlebot3_fake_node.pc'
[7.881s] Level 1:colcon.colcon_core.environment:checking '/home/harsh/turtlebot3_ws/install/turtlebot3_fake_node/lib/python3.10/site-packages'
[7.881s] Level 1:colcon.colcon_core.environment:checking '/home/harsh/turtlebot3_ws/install/turtlebot3_fake_node/bin'
[7.882s] INFO:colcon.colcon_core.shell:Creating package script '/home/harsh/turtlebot3_ws/install/turtlebot3_fake_node/share/turtlebot3_fake_node/package.ps1'
[7.882s] INFO:colcon.colcon_core.shell:Creating package descriptor '/home/harsh/turtlebot3_ws/install/turtlebot3_fake_node/share/turtlebot3_fake_node/package.dsv'
[7.883s] INFO:colcon.colcon_core.shell:Creating package script '/home/harsh/turtlebot3_ws/install/turtlebot3_fake_node/share/turtlebot3_fake_node/package.sh'
[7.883s] INFO:colcon.colcon_core.shell:Creating package script '/home/harsh/turtlebot3_ws/install/turtlebot3_fake_node/share/turtlebot3_fake_node/package.bash'
[7.884s] INFO:colcon.colcon_core.shell:Creating package script '/home/harsh/turtlebot3_ws/install/turtlebot3_fake_node/share/turtlebot3_fake_node/package.zsh'
[7.884s] Level 1:colcon.colcon_core.environment:create_file_with_runtime_dependencies(/home/harsh/turtlebot3_ws/install/turtlebot3_fake_node/share/colcon-core/packages/turtlebot3_fake_node)
[9.707s] Level 1:colcon.colcon_core.environment:create_environment_scripts_only(turtlebot3_manipulation_gazebo)
[9.708s] Level 1:colcon.colcon_core.environment:checking '/home/harsh/turtlebot3_ws/install/turtlebot3_manipulation_gazebo' for CMake module files
[9.708s] DEBUG:colcon.colcon_core.event_handler.log_command:Invoked command in '/home/harsh/turtlebot3_ws/build/turtlebot3_manipulation_gazebo' returned '0': CMAKE_PREFIX_PATH=${CMAKE_PREFIX_PATH}:/home/harsh/turtlebot3_ws/install/custom_dwa_planner:/opt/ros/humble /usr/bin/cmake --install /home/harsh/turtlebot3_ws/build/turtlebot3_manipulation_gazebo
[9.708s] Level 1:colcon.colcon_core.environment:checking '/home/harsh/turtlebot3_ws/install/turtlebot3_manipulation_gazebo' for CMake config files
[9.709s] Level 1:colcon.colcon_core.shell:create_environment_hook('turtlebot3_manipulation_gazebo', 'cmake_prefix_path')
[9.709s] INFO:colcon.colcon_core.shell:Creating environment hook '/home/harsh/turtlebot3_ws/install/turtlebot3_manipulation_gazebo/share/turtlebot3_manipulation_gazebo/hook/cmake_prefix_path.ps1'
[9.710s] INFO:colcon.colcon_core.shell:Creating environment descriptor '/home/harsh/turtlebot3_ws/install/turtlebot3_manipulation_gazebo/share/turtlebot3_manipulation_gazebo/hook/cmake_prefix_path.dsv'
[9.710s] INFO:colcon.colcon_core.shell:Creating environment hook '/home/harsh/turtlebot3_ws/install/turtlebot3_manipulation_gazebo/share/turtlebot3_manipulation_gazebo/hook/cmake_prefix_path.sh'
[9.711s] Level 1:colcon.colcon_core.environment:checking '/home/harsh/turtlebot3_ws/install/turtlebot3_manipulation_gazebo/bin'
[9.711s] Level 1:colcon.colcon_core.environment:checking '/home/harsh/turtlebot3_ws/install/turtlebot3_manipulation_gazebo/lib/pkgconfig/turtlebot3_manipulation_gazebo.pc'
[9.711s] Level 1:colcon.colcon_core.environment:checking '/home/harsh/turtlebot3_ws/install/turtlebot3_manipulation_gazebo/lib/python3.10/site-packages'
[9.711s] Level 1:colcon.colcon_core.environment:checking '/home/harsh/turtlebot3_ws/install/turtlebot3_manipulation_gazebo/bin'
[9.711s] INFO:colcon.colcon_core.shell:Creating package script '/home/harsh/turtlebot3_ws/install/turtlebot3_manipulation_gazebo/share/turtlebot3_manipulation_gazebo/package.ps1'
[9.712s] INFO:colcon.colcon_core.shell:Creating package descriptor '/home/harsh/turtlebot3_ws/install/turtlebot3_manipulation_gazebo/share/turtlebot3_manipulation_gazebo/package.dsv'
[9.712s] INFO:colcon.colcon_core.shell:Creating package script '/home/harsh/turtlebot3_ws/install/turtlebot3_manipulation_gazebo/share/turtlebot3_manipulation_gazebo/package.sh'
[9.712s] INFO:colcon.colcon_core.shell:Creating package script '/home/harsh/turtlebot3_ws/install/turtlebot3_manipulation_gazebo/share/turtlebot3_manipulation_gazebo/package.bash'
[9.713s] INFO:colcon.colcon_core.shell:Creating package script '/home/harsh/turtlebot3_ws/install/turtlebot3_manipulation_gazebo/share/turtlebot3_manipulation_gazebo/package.zsh'
[9.713s] Level 1:colcon.colcon_core.environment:create_file_with_runtime_dependencies(/home/harsh/turtlebot3_ws/install/turtlebot3_manipulation_gazebo/share/colcon-core/packages/turtlebot3_manipulation_gazebo)
[9.713s] Level 1:colcon.colcon_core.environment:create_environment_scripts_only(turtlebot3_manipulation_gazebo)
[9.714s] Level 1:colcon.colcon_core.environment:checking '/home/harsh/turtlebot3_ws/install/turtlebot3_manipulation_gazebo' for CMake module files
[9.714s] Level 1:colcon.colcon_core.environment:checking '/home/harsh/turtlebot3_ws/install/turtlebot3_manipulation_gazebo' for CMake config files
[9.715s] Level 1:colcon.colcon_core.shell:create_environment_hook('turtlebot3_manipulation_gazebo', 'cmake_prefix_path')
[9.715s] INFO:colcon.colcon_core.shell:Creating environment hook '/home/harsh/turtlebot3_ws/install/turtlebot3_manipulation_gazebo/share/turtlebot3_manipulation_gazebo/hook/cmake_prefix_path.ps1'
[9.715s] INFO:colcon.colcon_core.shell:Creating environment descriptor '/home/harsh/turtlebot3_ws/install/turtlebot3_manipulation_gazebo/share/turtlebot3_manipulation_gazebo/hook/cmake_prefix_path.dsv'
[9.715s] INFO:colcon.colcon_core.shell:Creating environment hook '/home/harsh/turtlebot3_ws/install/turtlebot3_manipulation_gazebo/share/turtlebot3_manipulation_gazebo/hook/cmake_prefix_path.sh'
[9.716s] Level 1:colcon.colcon_core.environment:checking '/home/harsh/turtlebot3_ws/install/turtlebot3_manipulation_gazebo/bin'
[9.716s] Level 1:colcon.colcon_core.environment:checking '/home/harsh/turtlebot3_ws/install/turtlebot3_manipulation_gazebo/lib/pkgconfig/turtlebot3_manipulation_gazebo.pc'
[9.716s] Level 1:colcon.colcon_core.environment:checking '/home/harsh/turtlebot3_ws/install/turtlebot3_manipulation_gazebo/lib/python3.10/site-packages'
[9.716s] Level 1:colcon.colcon_core.environment:checking '/home/harsh/turtlebot3_ws/install/turtlebot3_manipulation_gazebo/bin'
[9.716s] INFO:colcon.colcon_core.shell:Creating package script '/home/harsh/turtlebot3_ws/install/turtlebot3_manipulation_gazebo/share/turtlebot3_manipulation_gazebo/package.ps1'
[9.717s] INFO:colcon.colcon_core.shell:Creating package descriptor '/home/harsh/turtlebot3_ws/install/turtlebot3_manipulation_gazebo/share/turtlebot3_manipulation_gazebo/package.dsv'
[9.717s] INFO:colcon.colcon_core.shell:Creating package script '/home/harsh/turtlebot3_ws/install/turtlebot3_manipulation_gazebo/share/turtlebot3_manipulation_gazebo/package.sh'
[9.717s] INFO:colcon.colcon_core.shell:Creating package script '/home/harsh/turtlebot3_ws/install/turtlebot3_manipulation_gazebo/share/turtlebot3_manipulation_gazebo/package.bash'
[9.718s] INFO:colcon.colcon_core.shell:Creating package script '/home/harsh/turtlebot3_ws/install/turtlebot3_manipulation_gazebo/share/turtlebot3_manipulation_gazebo/package.zsh'
[9.718s] Level 1:colcon.colcon_core.environment:create_file_with_runtime_dependencies(/home/harsh/turtlebot3_ws/install/turtlebot3_manipulation_gazebo/share/colcon-core/packages/turtlebot3_manipulation_gazebo)
[9.723s] DEBUG:colcon.colcon_core.event_handler.log_command:Invoking command in '/home/harsh/turtlebot3_ws/src/custom_dwa_planner': PYTHONPATH=/home/harsh/turtlebot3_ws/build/custom_dwa_planner/prefix_override:/usr/lib/python3/dist-packages/colcon_core/task/python/colcon_distutils_commands:/home/harsh/turtlebot3_ws/install/custom_dwa_planner/lib/python3.10/site-packages:${PYTHONPATH} /usr/bin/python3 -W ignore:setup.py install is deprecated -W ignore:easy_install command is deprecated setup.py egg_info --egg-base ../../build/custom_dwa_planner build --build-base /home/harsh/turtlebot3_ws/build/custom_dwa_planner/build install --record /home/harsh/turtlebot3_ws/build/custom_dwa_planner/install.log --single-version-externally-managed install_data
[9.806s] DEBUG:colcon.colcon_core.event_handler.log_command:Invoked command in '/home/harsh/turtlebot3_ws/build/turtlebot3_gazebo' returned '0': CMAKE_PREFIX_PATH=${CMAKE_PREFIX_PATH}:/home/harsh/turtlebot3_ws/install/custom_dwa_planner:/opt/ros/humble /usr/bin/cmake --build /home/harsh/turtlebot3_ws/build/turtlebot3_gazebo -- -j8 -l8
[9.808s] DEBUG:colcon.colcon_core.event_handler.log_command:Invoking command in '/home/harsh/turtlebot3_ws/build/turtlebot3_gazebo': CMAKE_PREFIX_PATH=${CMAKE_PREFIX_PATH}:/home/harsh/turtlebot3_ws/install/custom_dwa_planner:/opt/ros/humble /usr/bin/cmake --install /home/harsh/turtlebot3_ws/build/turtlebot3_gazebo
[10.072s] Level 1:colcon.colcon_core.environment:checking '/home/harsh/turtlebot3_ws/install/custom_dwa_planner' for CMake module files
[10.072s] DEBUG:colcon.colcon_core.event_handler.log_command:Invoked command in '/home/harsh/turtlebot3_ws/src/custom_dwa_planner' returned '0': PYTHONPATH=/home/harsh/turtlebot3_ws/build/custom_dwa_planner/prefix_override:/usr/lib/python3/dist-packages/colcon_core/task/python/colcon_distutils_commands:/home/harsh/turtlebot3_ws/install/custom_dwa_planner/lib/python3.10/site-packages:${PYTHONPATH} /usr/bin/python3 -W ignore:setup.py install is deprecated -W ignore:easy_install command is deprecated setup.py egg_info --egg-base ../../build/custom_dwa_planner build --build-base /home/harsh/turtlebot3_ws/build/custom_dwa_planner/build install --record /home/harsh/turtlebot3_ws/build/custom_dwa_planner/install.log --single-version-externally-managed install_data
[10.072s] Level 1:colcon.colcon_core.environment:checking '/home/harsh/turtlebot3_ws/install/custom_dwa_planner' for CMake config files
[10.073s] Level 1:colcon.colcon_core.environment:checking '/home/harsh/turtlebot3_ws/install/custom_dwa_planner/lib'
[10.073s] Level 1:colcon.colcon_core.environment:checking '/home/harsh/turtlebot3_ws/install/custom_dwa_planner/bin'
[10.073s] Level 1:colcon.colcon_core.environment:checking '/home/harsh/turtlebot3_ws/install/custom_dwa_planner/lib/pkgconfig/custom_dwa_planner.pc'
[10.073s] Level 1:colcon.colcon_core.environment:checking '/home/harsh/turtlebot3_ws/install/custom_dwa_planner/lib/python3.10/site-packages'
[10.073s] Level 1:colcon.colcon_core.shell:create_environment_hook('custom_dwa_planner', 'pythonpath')
[10.073s] INFO:colcon.colcon_core.shell:Creating environment hook '/home/harsh/turtlebot3_ws/install/custom_dwa_planner/share/custom_dwa_planner/hook/pythonpath.ps1'
[10.073s] INFO:colcon.colcon_core.shell:Creating environment descriptor '/home/harsh/turtlebot3_ws/install/custom_dwa_planner/share/custom_dwa_planner/hook/pythonpath.dsv'
[10.074s] INFO:colcon.colcon_core.shell:Creating environment hook '/home/harsh/turtlebot3_ws/install/custom_dwa_planner/share/custom_dwa_planner/hook/pythonpath.sh'
[10.074s] Level 1:colcon.colcon_core.environment:checking '/home/harsh/turtlebot3_ws/install/custom_dwa_planner/bin'
[10.074s] Level 1:colcon.colcon_core.environment:create_environment_scripts_only(custom_dwa_planner)
[10.074s] INFO:colcon.colcon_core.shell:Creating package script '/home/harsh/turtlebot3_ws/install/custom_dwa_planner/share/custom_dwa_planner/package.ps1'
[10.075s] INFO:colcon.colcon_core.shell:Creating package descriptor '/home/harsh/turtlebot3_ws/install/custom_dwa_planner/share/custom_dwa_planner/package.dsv'
[10.075s] INFO:colcon.colcon_core.shell:Creating package script '/home/harsh/turtlebot3_ws/install/custom_dwa_planner/share/custom_dwa_planner/package.sh'
[10.075s] INFO:colcon.colcon_core.shell:Creating package script '/home/harsh/turtlebot3_ws/install/custom_dwa_planner/share/custom_dwa_planner/package.bash'
[10.075s] INFO:colcon.colcon_core.shell:Creating package script '/home/harsh/turtlebot3_ws/install/custom_dwa_planner/share/custom_dwa_planner/package.zsh'
[10.076s] Level 1:colcon.colcon_core.environment:create_file_with_runtime_dependencies(/home/harsh/turtlebot3_ws/install/custom_dwa_planner/share/colcon-core/packages/custom_dwa_planner)
[10.503s] Level 1:colcon.colcon_core.environment:create_environment_scripts_only(turtlebot3_gazebo)
[10.503s] Level 1:colcon.colcon_core.environment:checking '/home/harsh/turtlebot3_ws/install/turtlebot3_gazebo' for CMake module files
[10.504s] DEBUG:colcon.colcon_core.event_handler.log_command:Invoked command in '/home/harsh/turtlebot3_ws/build/turtlebot3_gazebo' returned '0': CMAKE_PREFIX_PATH=${CMAKE_PREFIX_PATH}:/home/harsh/turtlebot3_ws/install/custom_dwa_planner:/opt/ros/humble /usr/bin/cmake --install /home/harsh/turtlebot3_ws/build/turtlebot3_gazebo
[10.504s] Level 1:colcon.colcon_core.environment:checking '/home/harsh/turtlebot3_ws/install/turtlebot3_gazebo' for CMake config files
[10.506s] Level 1:colcon.colcon_core.shell:create_environment_hook('turtlebot3_gazebo', 'cmake_prefix_path')
[10.506s] INFO:colcon.colcon_core.shell:Creating environment hook '/home/harsh/turtlebot3_ws/install/turtlebot3_gazebo/share/turtlebot3_gazebo/hook/cmake_prefix_path.ps1'
[10.506s] INFO:colcon.colcon_core.shell:Creating environment descriptor '/home/harsh/turtlebot3_ws/install/turtlebot3_gazebo/share/turtlebot3_gazebo/hook/cmake_prefix_path.dsv'
[10.507s] INFO:colcon.colcon_core.shell:Creating environment hook '/home/harsh/turtlebot3_ws/install/turtlebot3_gazebo/share/turtlebot3_gazebo/hook/cmake_prefix_path.sh'
[10.507s] Level 1:colcon.colcon_core.environment:checking '/home/harsh/turtlebot3_ws/install/turtlebot3_gazebo/lib'
[10.507s] Level 1:colcon.colcon_core.environment:checking '/home/harsh/turtlebot3_ws/install/turtlebot3_gazebo/bin'
[10.508s] Level 1:colcon.colcon_core.environment:checking '/home/harsh/turtlebot3_ws/install/turtlebot3_gazebo/lib/pkgconfig/turtlebot3_gazebo.pc'
[10.508s] Level 1:colcon.colcon_core.environment:checking '/home/harsh/turtlebot3_ws/install/turtlebot3_gazebo/lib/python3.10/site-packages'
[10.508s] Level 1:colcon.colcon_core.environment:checking '/home/harsh/turtlebot3_ws/install/turtlebot3_gazebo/bin'
[10.508s] INFO:colcon.colcon_core.shell:Creating package script '/home/harsh/turtlebot3_ws/install/turtlebot3_gazebo/share/turtlebot3_gazebo/package.ps1'
[10.509s] INFO:colcon.colcon_core.shell:Creating package descriptor '/home/harsh/turtlebot3_ws/install/turtlebot3_gazebo/share/turtlebot3_gazebo/package.dsv'
[10.509s] INFO:colcon.colcon_core.shell:Creating package script '/home/harsh/turtlebot3_ws/install/turtlebot3_gazebo/share/turtlebot3_gazebo/package.sh'
[10.510s] INFO:colcon.colcon_core.shell:Creating package script '/home/harsh/turtlebot3_ws/install/turtlebot3_gazebo/share/turtlebot3_gazebo/package.bash'
[10.510s] INFO:colcon.colcon_core.shell:Creating package script '/home/harsh/turtlebot3_ws/install/turtlebot3_gazebo/share/turtlebot3_gazebo/package.zsh'
[10.510s] Level 1:colcon.colcon_core.environment:create_file_with_runtime_dependencies(/home/harsh/turtlebot3_ws/install/turtlebot3_gazebo/share/colcon-core/packages/turtlebot3_gazebo)
[10.510s] Level 1:colcon.colcon_core.environment:create_environment_scripts_only(turtlebot3_gazebo)
[10.511s] Level 1:colcon.colcon_core.environment:checking '/home/harsh/turtlebot3_ws/install/turtlebot3_gazebo' for CMake module files
[10.511s] Level 1:colcon.colcon_core.environment:checking '/home/harsh/turtlebot3_ws/install/turtlebot3_gazebo' for CMake config files
[10.512s] Level 1:colcon.colcon_core.shell:create_environment_hook('turtlebot3_gazebo', 'cmake_prefix_path')
[10.512s] INFO:colcon.colcon_core.shell:Creating environment hook '/home/harsh/turtlebot3_ws/install/turtlebot3_gazebo/share/turtlebot3_gazebo/hook/cmake_prefix_path.ps1'
[10.512s] INFO:colcon.colcon_core.shell:Creating environment descriptor '/home/harsh/turtlebot3_ws/install/turtlebot3_gazebo/share/turtlebot3_gazebo/hook/cmake_prefix_path.dsv'
[10.513s] INFO:colcon.colcon_core.shell:Creating environment hook '/home/harsh/turtlebot3_ws/install/turtlebot3_gazebo/share/turtlebot3_gazebo/hook/cmake_prefix_path.sh'
[10.513s] Level 1:colcon.colcon_core.environment:checking '/home/harsh/turtlebot3_ws/install/turtlebot3_gazebo/lib'
[10.513s] Level 1:colcon.colcon_core.environment:checking '/home/harsh/turtlebot3_ws/install/turtlebot3_gazebo/bin'
[10.513s] Level 1:colcon.colcon_core.environment:checking '/home/harsh/turtlebot3_ws/install/turtlebot3_gazebo/lib/pkgconfig/turtlebot3_gazebo.pc'
[10.513s] Level 1:colcon.colcon_core.environment:checking '/home/harsh/turtlebot3_ws/install/turtlebot3_gazebo/lib/python3.10/site-packages'
[10.513s] Level 1:colcon.colcon_core.environment:checking '/home/harsh/turtlebot3_ws/install/turtlebot3_gazebo/bin'
[10.513s] INFO:colcon.colcon_core.shell:Creating package script '/home/harsh/turtlebot3_ws/install/turtlebot3_gazebo/share/turtlebot3_gazebo/package.ps1'
[10.514s] INFO:colcon.colcon_core.shell:Creating package descriptor '/home/harsh/turtlebot3_ws/install/turtlebot3_gazebo/share/turtlebot3_gazebo/package.dsv'
[10.514s] INFO:colcon.colcon_core.shell:Creating package script '/home/harsh/turtlebot3_ws/install/turtlebot3_gazebo/share/turtlebot3_gazebo/package.sh'
[10.514s] INFO:colcon.colcon_core.shell:Creating package script '/home/harsh/turtlebot3_ws/install/turtlebot3_gazebo/share/turtlebot3_gazebo/package.bash'
[10.514s] INFO:colcon.colcon_core.shell:Creating package script '/home/harsh/turtlebot3_ws/install/turtlebot3_gazebo/share/turtlebot3_gazebo/package.zsh'
[10.515s] Level 1:colcon.colcon_core.environment:create_file_with_runtime_dependencies(/home/harsh/turtlebot3_ws/install/turtlebot3_gazebo/share/colcon-core/packages/turtlebot3_gazebo)
[10.515s] INFO:colcon.colcon_ros.task.ament_cmake.build:Building ROS package in '/home/harsh/turtlebot3_ws/src/turtlebot3_simulations/turtlebot3_simulations' with build type 'ament_cmake'
[10.515s] INFO:colcon.colcon_cmake.task.cmake.build:Building CMake package in '/home/harsh/turtlebot3_ws/src/turtlebot3_simulations/turtlebot3_simulations'
[10.515s] INFO:colcon.colcon_core.shell:Skip shell extension 'powershell' for command environment: Not usable outside of PowerShell
[10.515s] DEBUG:colcon.colcon_core.shell:Skip shell extension 'dsv' for command environment
[10.618s] DEBUG:colcon.colcon_core.event_handler.log_command:Invoking command in '/home/harsh/turtlebot3_ws/build/turtlebot3_simulations': CMAKE_PREFIX_PATH=/home/harsh/turtlebot3_ws/install/turtlebot3_manipulation_gazebo:/home/harsh/turtlebot3_ws/install/turtlebot3_gazebo:/home/harsh/turtlebot3_ws/install/turtlebot3_fake_node:/home/harsh/turtlebot3_ws/install/turtlebot3_simulations:/home/harsh/turtlebot3_ws/install/custom_dwa_planner:/opt/ros/humble /usr/bin/cmake --build /home/harsh/turtlebot3_ws/build/turtlebot3_simulations -- -j8 -l8
[10.732s] DEBUG:colcon.colcon_core.event_handler.log_command:Invoked command in '/home/harsh/turtlebot3_ws/build/turtlebot3_simulations' returned '0': CMAKE_PREFIX_PATH=/home/harsh/turtlebot3_ws/install/turtlebot3_manipulation_gazebo:/home/harsh/turtlebot3_ws/install/turtlebot3_gazebo:/home/harsh/turtlebot3_ws/install/turtlebot3_fake_node:/home/harsh/turtlebot3_ws/install/turtlebot3_simulations:/home/harsh/turtlebot3_ws/install/custom_dwa_planner:/opt/ros/humble /usr/bin/cmake --build /home/harsh/turtlebot3_ws/build/turtlebot3_simulations -- -j8 -l8
[10.780s] DEBUG:colcon.colcon_core.event_handler.log_command:Invoking command in '/home/harsh/turtlebot3_ws/build/turtlebot3_simulations': CMAKE_PREFIX_PATH=/home/harsh/turtlebot3_ws/install/turtlebot3_manipulation_gazebo:/home/harsh/turtlebot3_ws/install/turtlebot3_gazebo:/home/harsh/turtlebot3_ws/install/turtlebot3_fake_node:/home/harsh/turtlebot3_ws/install/turtlebot3_simulations:/home/harsh/turtlebot3_ws/install/custom_dwa_planner:/opt/ros/humble /usr/bin/cmake --install /home/harsh/turtlebot3_ws/build/turtlebot3_simulations
[10.836s] Level 1:colcon.colcon_core.environment:create_environment_scripts_only(turtlebot3_simulations)
[10.836s] Level 1:colcon.colcon_core.environment:checking '/home/harsh/turtlebot3_ws/install/turtlebot3_simulations' for CMake module files
[10.837s] DEBUG:colcon.colcon_core.event_handler.log_command:Invoked command in '/home/harsh/turtlebot3_ws/build/turtlebot3_simulations' returned '0': CMAKE_PREFIX_PATH=/home/harsh/turtlebot3_ws/install/turtlebot3_manipulation_gazebo:/home/harsh/turtlebot3_ws/install/turtlebot3_gazebo:/home/harsh/turtlebot3_ws/install/turtlebot3_fake_node:/home/harsh/turtlebot3_ws/install/turtlebot3_simulations:/home/harsh/turtlebot3_ws/install/custom_dwa_planner:/opt/ros/humble /usr/bin/cmake --install /home/harsh/turtlebot3_ws/build/turtlebot3_simulations
[10.838s] Level 1:colcon.colcon_core.environment:checking '/home/harsh/turtlebot3_ws/install/turtlebot3_simulations' for CMake config files
[10.838s] Level 1:colcon.colcon_core.shell:create_environment_hook('turtlebot3_simulations', 'cmake_prefix_path')
[10.839s] INFO:colcon.colcon_core.shell:Creating environment hook '/home/harsh/turtlebot3_ws/install/turtlebot3_simulations/share/turtlebot3_simulations/hook/cmake_prefix_path.ps1'
[10.840s] INFO:colcon.colcon_core.shell:Creating environment descriptor '/home/harsh/turtlebot3_ws/install/turtlebot3_simulations/share/turtlebot3_simulations/hook/cmake_prefix_path.dsv'
[10.840s] INFO:colcon.colcon_core.shell:Creating environment hook '/home/harsh/turtlebot3_ws/install/turtlebot3_simulations/share/turtlebot3_simulations/hook/cmake_prefix_path.sh'
[10.841s] Level 1:colcon.colcon_core.environment:checking '/home/harsh/turtlebot3_ws/install/turtlebot3_simulations/bin'
[10.841s] Level 1:colcon.colcon_core.environment:checking '/home/harsh/turtlebot3_ws/install/turtlebot3_simulations/lib/pkgconfig/turtlebot3_simulations.pc'
[10.841s] Level 1:colcon.colcon_core.environment:checking '/home/harsh/turtlebot3_ws/install/turtlebot3_simulations/lib/python3.10/site-packages'
[10.842s] Level 1:colcon.colcon_core.environment:checking '/home/harsh/turtlebot3_ws/install/turtlebot3_simulations/bin'
[10.842s] INFO:colcon.colcon_core.shell:Creating package script '/home/harsh/turtlebot3_ws/install/turtlebot3_simulations/share/turtlebot3_simulations/package.ps1'
[10.843s] INFO:colcon.colcon_core.shell:Creating package descriptor '/home/harsh/turtlebot3_ws/install/turtlebot3_simulations/share/turtlebot3_simulations/package.dsv'
[10.843s] INFO:colcon.colcon_core.shell:Creating package script '/home/harsh/turtlebot3_ws/install/turtlebot3_simulations/share/turtlebot3_simulations/package.sh'
[10.844s] INFO:colcon.colcon_core.shell:Creating package script '/home/harsh/turtlebot3_ws/install/turtlebot3_simulations/share/turtlebot3_simulations/package.bash'
[10.844s] INFO:colcon.colcon_core.shell:Creating package script '/home/harsh/turtlebot3_ws/install/turtlebot3_simulations/share/turtlebot3_simulations/package.zsh'
[10.845s] Level 1:colcon.colcon_core.environment:create_file_with_runtime_dependencies(/home/harsh/turtlebot3_ws/install/turtlebot3_simulations/share/colcon-core/packages/turtlebot3_simulations)
[10.846s] Level 1:colcon.colcon_core.environment:create_environment_scripts_only(turtlebot3_simulations)
[10.846s] Level 1:colcon.colcon_core.environment:checking '/home/harsh/turtlebot3_ws/install/turtlebot3_simulations' for CMake module files
[10.846s] Level 1:colcon.colcon_core.environment:checking '/home/harsh/turtlebot3_ws/install/turtlebot3_simulations' for CMake config files
[10.847s] Level 1:colcon.colcon_core.shell:create_environment_hook('turtlebot3_simulations', 'cmake_prefix_path')
[10.847s] INFO:colcon.colcon_core.shell:Creating environment hook '/home/harsh/turtlebot3_ws/install/turtlebot3_simulations/share/turtlebot3_simulations/hook/cmake_prefix_path.ps1'
[10.848s] INFO:colcon.colcon_core.shell:Creating environment descriptor '/home/harsh/turtlebot3_ws/install/turtlebot3_simulations/share/turtlebot3_simulations/hook/cmake_prefix_path.dsv'
[10.848s] INFO:colcon.colcon_core.shell:Creating environment hook '/home/harsh/turtlebot3_ws/install/turtlebot3_simulations/share/turtlebot3_simulations/hook/cmake_prefix_path.sh'
[10.849s] Level 1:colcon.colcon_core.environment:checking '/home/harsh/turtlebot3_ws/install/turtlebot3_simulations/bin'
[10.849s] Level 1:colcon.colcon_core.environment:checking '/home/harsh/turtlebot3_ws/install/turtlebot3_simulations/lib/pkgconfig/turtlebot3_simulations.pc'
[10.850s] Level 1:colcon.colcon_core.environment:checking '/home/harsh/turtlebot3_ws/install/turtlebot3_simulations/lib/python3.10/site-packages'
[10.850s] Level 1:colcon.colcon_core.environment:checking '/home/harsh/turtlebot3_ws/install/turtlebot3_simulations/bin'
[10.850s] INFO:colcon.colcon_core.shell:Creating package script '/home/harsh/turtlebot3_ws/install/turtlebot3_simulations/share/turtlebot3_simulations/package.ps1'
[10.851s] INFO:colcon.colcon_core.shell:Creating package descriptor '/home/harsh/turtlebot3_ws/install/turtlebot3_simulations/share/turtlebot3_simulations/package.dsv'
[10.851s] INFO:colcon.colcon_core.shell:Creating package script '/home/harsh/turtlebot3_ws/install/turtlebot3_simulations/share/turtlebot3_simulations/package.sh'
[10.852s] INFO:colcon.colcon_core.shell:Creating package script '/home/harsh/turtlebot3_ws/install/turtlebot3_simulations/share/turtlebot3_simulations/package.bash'
[10.853s] INFO:colcon.colcon_core.shell:Creating package script '/home/harsh/turtlebot3_ws/install/turtlebot3_simulations/share/turtlebot3_simulations/package.zsh'
[10.853s] Level 1:colcon.colcon_core.environment:create_file_with_runtime_dependencies(/home/harsh/turtlebot3_ws/install/turtlebot3_simulations/share/colcon-core/packages/turtlebot3_simulations)
[10.853s] DEBUG:colcon.colcon_parallel_executor.executor.parallel:closing loop
[10.854s] DEBUG:colcon.colcon_parallel_executor.executor.parallel:loop closed
[10.854s] DEBUG:colcon.colcon_parallel_executor.executor.parallel:run_until_complete finished with '0'
[10.854s] DEBUG:colcon.colcon_core.event_reactor:joining thread
[10.861s] INFO:colcon.colcon_core.plugin_system:Skipping extension 'colcon_notification.desktop_notification.terminal_notifier': Not used on non-Darwin systems
[10.861s] INFO:colcon.colcon_core.plugin_system:Skipping extension 'colcon_notification.desktop_notification.win32': Not used on non-Windows systems
[10.861s] INFO:colcon.colcon_notification.desktop_notification:Sending desktop notification using 'notify2'
[10.881s] DEBUG:colcon.colcon_core.event_reactor:joined thread
[10.881s] INFO:colcon.colcon_core.shell:Creating prefix script '/home/harsh/turtlebot3_ws/install/local_setup.ps1'
[10.900s] INFO:colcon.colcon_core.shell:Creating prefix util module '/home/harsh/turtlebot3_ws/install/_local_setup_util_ps1.py'
[10.901s] INFO:colcon.colcon_core.shell:Creating prefix chain script '/home/harsh/turtlebot3_ws/install/setup.ps1'
[10.904s] INFO:colcon.colcon_core.shell:Creating prefix script '/home/harsh/turtlebot3_ws/install/local_setup.sh'
[10.905s] INFO:colcon.colcon_core.shell:Creating prefix util module '/home/harsh/turtlebot3_ws/install/_local_setup_util_sh.py'
[10.905s] INFO:colcon.colcon_core.shell:Creating prefix chain script '/home/harsh/turtlebot3_ws/install/setup.sh'
[10.906s] INFO:colcon.colcon_core.shell:Creating prefix script '/home/harsh/turtlebot3_ws/install/local_setup.bash'
[10.907s] INFO:colcon.colcon_core.shell:Creating prefix chain script '/home/harsh/turtlebot3_ws/install/setup.bash'
[10.909s] INFO:colcon.colcon_core.shell:Creating prefix script '/home/harsh/turtlebot3_ws/install/local_setup.zsh'
[10.921s] INFO:colcon.colcon_core.shell:Creating prefix chain script '/home/harsh/turtlebot3_ws/install/setup.zsh'
