[0.389s] Invoking command in '/home/harsh/turtlebot3_ws/build/turtlebot3_gazebo': CMAKE_PREFIX_PATH=/opt/ros/humble /usr/bin/cmake /home/harsh/turtlebot3_ws/src/turtlebot3_simulations/turtlebot3_gazebo -DCMAKE_INSTALL_PREFIX=/home/harsh/turtlebot3_ws/install/turtlebot3_gazebo
[1.229s] -- Found ament_cmake: 1.3.11 (/opt/ros/humble/share/ament_cmake/cmake)
[1.902s] -- Override CMake install command with custom implementation using symlinks instead of copying resources
[2.349s] [33mCMake Warning (dev) at /usr/share/cmake-3.22/Modules/FindPackageHandleStandardArgs.cmake:438 (message):
[2.350s]   The package name passed to `find_package_handle_standard_args` (PkgConfig)
[2.350s]   does not match the name of the calling package (gazebo).  This can lead to
[2.350s]   problems in calling code that expects `find_package` result variables
[2.350s]   (e.g., `_FOUND`) to follow a certain pattern.
[2.350s] Call Stack (most recent call first):
[2.350s]   /usr/share/cmake-3.22/Modules/FindPkgConfig.cmake:99 (find_package_handle_standard_args)
[2.350s]   /usr/lib/x86_64-linux-gnu/cmake/gazebo/gazebo-config.cmake:72 (include)
[2.350s]   CMakeLists.txt:23 (find_package)
[2.350s] This warning is for project developers.  Use -Wno-dev to suppress it.
[2.350s] [0m
[4.094s] -- Found DART: /usr/include (Required is at least version "6.6") found components: dart 
[5.375s] -- Found Protobuf: /usr/lib/x86_64-linux-gnu/libprotobuf.so (found version "3.12.4") 
[5.486s] -- Looking for ignition-math6 -- found version 6.15.1
[5.795s] -- Searching for dependencies of ignition-math6
[5.905s] -- Looking for OGRE...
[6.001s] -- Found Ogre Ghadamon (1.9.0)
[6.021s] -- Found OGRE: optimized;/usr/lib/x86_64-linux-gnu/libOgreMain.so;debug;/usr/lib/x86_64-linux-gnu/libOgreMain.so
[6.029s] -- Looking for OGRE_Paging...
[6.030s] -- Found OGRE_Paging: optimized;/usr/lib/x86_64-linux-gnu/libOgrePaging.so;debug;/usr/lib/x86_64-linux-gnu/libOgrePaging.so
[6.030s] -- Looking for OGRE_Terrain...
[6.030s] -- Found OGRE_Terrain: optimized;/usr/lib/x86_64-linux-gnu/libOgreTerrain.so;debug;/usr/lib/x86_64-linux-gnu/libOgreTerrain.so
[6.030s] -- Looking for OGRE_Property...
[6.030s] -- Found OGRE_Property: optimized;/usr/lib/x86_64-linux-gnu/libOgreProperty.so;debug;/usr/lib/x86_64-linux-gnu/libOgreProperty.so
[6.030s] -- Looking for OGRE_RTShaderSystem...
[6.030s] -- Found OGRE_RTShaderSystem: optimized;/usr/lib/x86_64-linux-gnu/libOgreRTShaderSystem.so;debug;/usr/lib/x86_64-linux-gnu/libOgreRTShaderSystem.so
[6.030s] -- Looking for OGRE_Volume...
[6.030s] -- Found OGRE_Volume: optimized;/usr/lib/x86_64-linux-gnu/libOgreVolume.so;debug;/usr/lib/x86_64-linux-gnu/libOgreVolume.so
[6.030s] -- Looking for OGRE_Overlay...
[6.030s] -- Found OGRE_Overlay: optimized;/usr/lib/x86_64-linux-gnu/libOgreOverlay.so;debug;/usr/lib/x86_64-linux-gnu/libOgreOverlay.so
[6.266s] -- Looking for ignition-math6 -- found version 6.15.1
[6.332s] -- Looking for ignition-transport8 -- found version 8.2.1
[6.333s] -- Searching for dependencies of ignition-transport8
[6.365s] -- Found Protobuf: /usr/lib/x86_64-linux-gnu/libprotobuf.so (found suitable version "3.12.4", minimum required is "3") 
[6.373s] -- Config-file not installed for ZeroMQ -- checking for pkg-config
[6.376s] -- Checking for module 'libzmq >= 4'
[6.623s] --   Found libzmq , version 4.3.4
[6.710s] -- Checking for module 'uuid'
[6.739s] --   Found uuid, version 2.37.2
[6.801s] -- Looking for ignition-msgs5 -- found version 5.8.1
[6.801s] -- Searching for dependencies of ignition-msgs5
[6.823s] -- Looking for ignition-math6 -- found version 6.15.1
[6.827s] -- Checking for module 'tinyxml2'
[6.877s] --   Found tinyxml2, version 9.0.0
[6.912s] -- Looking for ignition-msgs5 -- found version 5.8.1
[6.962s] -- Looking for ignition-common3 -- found version 3.14.0
[6.963s] -- Searching for dependencies of ignition-common3
[6.964s] -- Looking for dlfcn.h - found
[6.964s] -- Looking for libdl - found
[6.986s] -- Searching for <ignition-common3> component [graphics]
[7.014s] -- Looking for ignition-common3-graphics -- found version 3.14.0
[7.014s] -- Searching for dependencies of ignition-common3-graphics
[7.014s] -- Looking for ignition-math6 -- found version 6.15.1
[7.025s] -- Looking for ignition-fuel_tools4 -- found version 4.4.0
[7.025s] -- Searching for dependencies of ignition-fuel_tools4
[7.123s] -- Checking for module 'jsoncpp'
[7.133s] --   Found jsoncpp, version 1.9.5
[7.177s] -- Checking for module 'libzip'
[7.226s] --   Found libzip, version 1.7.3
[7.266s] -- Looking for ignition-common3 -- found version 3.14.0
[7.267s] -- Looking for ignition-math6 -- found version 6.15.1
[7.267s] -- Looking for ignition-msgs5 -- found version 5.8.1
[7.416s] -- Found gazebo_ros_pkgs: 3.9.0 (/opt/ros/humble/share/gazebo_ros_pkgs/cmake)
[7.416s] -- Found geometry_msgs: 4.9.0 (/opt/ros/humble/share/geometry_msgs/cmake)
[7.440s] -- Found rosidl_generator_c: 3.1.6 (/opt/ros/humble/share/rosidl_generator_c/cmake)
[7.443s] -- Found rosidl_adapter: 3.1.6 (/opt/ros/humble/share/rosidl_adapter/cmake)
[7.447s] -- Found rosidl_generator_cpp: 3.1.6 (/opt/ros/humble/share/rosidl_generator_cpp/cmake)
[7.462s] -- Using all available rosidl_typesupport_c: rosidl_typesupport_fastrtps_c;rosidl_typesupport_introspection_c
[7.471s] -- Using all available rosidl_typesupport_cpp: rosidl_typesupport_fastrtps_cpp;rosidl_typesupport_introspection_cpp
[7.495s] -- Found nav_msgs: 4.9.0 (/opt/ros/humble/share/nav_msgs/cmake)
[7.506s] -- Found rclcpp: 16.0.12 (/opt/ros/humble/share/rclcpp/cmake)
[7.523s] -- Found rmw_implementation_cmake: 6.1.2 (/opt/ros/humble/share/rmw_implementation_cmake/cmake)
[7.524s] -- Found rmw_fastrtps_cpp: 6.2.7 (/opt/ros/humble/share/rmw_fastrtps_cpp/cmake)
[7.591s] -- Using RMW implementation 'rmw_fastrtps_cpp' as default
[7.615s] -- Found sensor_msgs: 4.9.0 (/opt/ros/humble/share/sensor_msgs/cmake)
[7.626s] -- Found tf2: 0.25.13 (/opt/ros/humble/share/tf2/cmake)
[7.763s] -- Configuring done
[8.699s] -- Generating done
[8.741s] -- Build files have been written to: /home/harsh/turtlebot3_ws/build/turtlebot3_gazebo
[8.751s] Invoked command in '/home/harsh/turtlebot3_ws/build/turtlebot3_gazebo' returned '0': CMAKE_PREFIX_PATH=/opt/ros/humble /usr/bin/cmake /home/harsh/turtlebot3_ws/src/turtlebot3_simulations/turtlebot3_gazebo -DCMAKE_INSTALL_PREFIX=/home/harsh/turtlebot3_ws/install/turtlebot3_gazebo
[8.752s] Invoking command in '/home/harsh/turtlebot3_ws/build/turtlebot3_gazebo': CMAKE_PREFIX_PATH=/opt/ros/humble /usr/bin/cmake --build /home/harsh/turtlebot3_ws/build/turtlebot3_gazebo -- -j8 -l8
[8.838s] [35m[1mConsolidate compiler generated dependencies of target traffic_light_plugin[0m
[8.841s] [35m[1mConsolidate compiler generated dependencies of target obstacle2[0m
[8.857s] [35m[1mConsolidate compiler generated dependencies of target obstacle1[0m
[8.866s] [35m[1mConsolidate compiler generated dependencies of target obstacles[0m
[8.873s] [35m[1mConsolidate compiler generated dependencies of target turtlebot3_drive[0m
[8.878s] [35m[1mConsolidate compiler generated dependencies of target traffic_bar_plugin[0m
[8.885s] [ 16%] Built target turtlebot3_drive
[9.424s] [ 58%] Built target traffic_bar_plugin
[9.424s] [ 58%] Built target obstacle1
[9.424s] [ 66%] Built target traffic_light_plugin
[9.425s] [ 83%] Built target obstacle2
[9.425s] [100%] Built target obstacles
[9.433s] Invoked command in '/home/harsh/turtlebot3_ws/build/turtlebot3_gazebo' returned '0': CMAKE_PREFIX_PATH=/opt/ros/humble /usr/bin/cmake --build /home/harsh/turtlebot3_ws/build/turtlebot3_gazebo -- -j8 -l8
[9.434s] Invoking command in '/home/harsh/turtlebot3_ws/build/turtlebot3_gazebo': CMAKE_PREFIX_PATH=/opt/ros/humble /usr/bin/cmake --install /home/harsh/turtlebot3_ws/build/turtlebot3_gazebo
[9.440s] -- Install configuration: ""
[9.440s] -- Execute custom install script
[9.441s] -- Up-to-date symlink: /home/harsh/turtlebot3_ws/install/turtlebot3_gazebo/lib/turtlebot3_gazebo/turtlebot3_drive
[9.495s] -- Up-to-date symlink: /home/harsh/turtlebot3_ws/install/turtlebot3_gazebo/share/turtlebot3_gazebo//launch/empty_world.launch.py
[9.496s] -- Up-to-date symlink: /home/harsh/turtlebot3_ws/install/turtlebot3_gazebo/share/turtlebot3_gazebo//launch/multi_robot.launch.py
[9.497s] -- Up-to-date symlink: /home/harsh/turtlebot3_ws/install/turtlebot3_gazebo/share/turtlebot3_gazebo//launch/multi_spawn_turtlebot3.launch.py
[9.498s] -- Up-to-date symlink: /home/harsh/turtlebot3_ws/install/turtlebot3_gazebo/share/turtlebot3_gazebo//launch/robot_state_publisher.launch.py
[9.499s] -- Up-to-date symlink: /home/harsh/turtlebot3_ws/install/turtlebot3_gazebo/share/turtlebot3_gazebo//launch/spawn_turtlebot3.launch.py
[9.499s] -- Up-to-date symlink: /home/harsh/turtlebot3_ws/install/turtlebot3_gazebo/share/turtlebot3_gazebo//launch/turtlebot3_autorace_2020.launch.py
[9.500s] -- Up-to-date symlink: /home/harsh/turtlebot3_ws/install/turtlebot3_gazebo/share/turtlebot3_gazebo//launch/turtlebot3_dqn_stage1.launch.py
[9.500s] -- Up-to-date symlink: /home/harsh/turtlebot3_ws/install/turtlebot3_gazebo/share/turtlebot3_gazebo//launch/turtlebot3_dqn_stage2.launch.py
[9.501s] -- Up-to-date symlink: /home/harsh/turtlebot3_ws/install/turtlebot3_gazebo/share/turtlebot3_gazebo//launch/turtlebot3_dqn_stage3.launch.py
[9.501s] -- Up-to-date symlink: /home/harsh/turtlebot3_ws/install/turtlebot3_gazebo/share/turtlebot3_gazebo//launch/turtlebot3_dqn_stage4.launch.py
[9.502s] -- Up-to-date symlink: /home/harsh/turtlebot3_ws/install/turtlebot3_gazebo/share/turtlebot3_gazebo//launch/turtlebot3_house.launch.py
[9.503s] -- Up-to-date symlink: /home/harsh/turtlebot3_ws/install/turtlebot3_gazebo/share/turtlebot3_gazebo//launch/turtlebot3_world.launch.py
[9.762s] -- Up-to-date symlink: /home/harsh/turtlebot3_ws/install/turtlebot3_gazebo/share/turtlebot3_gazebo//models/turtlebot3_autorace_2020/checker/materials/checker.png
[9.763s] -- Up-to-date symlink: /home/harsh/turtlebot3_ws/install/turtlebot3_gazebo/share/turtlebot3_gazebo//models/turtlebot3_autorace_2020/checker/materials/scripts/checker.material
[9.763s] -- Up-to-date symlink: /home/harsh/turtlebot3_ws/install/turtlebot3_gazebo/share/turtlebot3_gazebo//models/turtlebot3_autorace_2020/checker/materials/textures/checker.png
[9.764s] -- Up-to-date symlink: /home/harsh/turtlebot3_ws/install/turtlebot3_gazebo/share/turtlebot3_gazebo//models/turtlebot3_autorace_2020/checker/model.config
[9.765s] -- Up-to-date symlink: /home/harsh/turtlebot3_ws/install/turtlebot3_gazebo/share/turtlebot3_gazebo//models/turtlebot3_autorace_2020/checker/model.sdf
[9.766s] -- Up-to-date symlink: /home/harsh/turtlebot3_ws/install/turtlebot3_gazebo/share/turtlebot3_gazebo//models/turtlebot3_autorace_2020/course/materials/scripts/course.material
[9.766s] -- Up-to-date symlink: /home/harsh/turtlebot3_ws/install/turtlebot3_gazebo/share/turtlebot3_gazebo//models/turtlebot3_autorace_2020/course/materials/textures/course.png
[9.767s] -- Up-to-date symlink: /home/harsh/turtlebot3_ws/install/turtlebot3_gazebo/share/turtlebot3_gazebo//models/turtlebot3_autorace_2020/course/model.config
[9.767s] -- Up-to-date symlink: /home/harsh/turtlebot3_ws/install/turtlebot3_gazebo/share/turtlebot3_gazebo//models/turtlebot3_autorace_2020/course/model.sdf
[9.768s] -- Up-to-date symlink: /home/harsh/turtlebot3_ws/install/turtlebot3_gazebo/share/turtlebot3_gazebo//models/turtlebot3_autorace_2020/traffic_bar/materials/scripts/traffic_bar.material
[9.769s] -- Up-to-date symlink: /home/harsh/turtlebot3_ws/install/turtlebot3_gazebo/share/turtlebot3_gazebo//models/turtlebot3_autorace_2020/traffic_bar/materials/textures/traffic_bar.png
[9.769s] -- Up-to-date symlink: /home/harsh/turtlebot3_ws/install/turtlebot3_gazebo/share/turtlebot3_gazebo//models/turtlebot3_autorace_2020/traffic_bar/model.config
[9.769s] -- Up-to-date symlink: /home/harsh/turtlebot3_ws/install/turtlebot3_gazebo/share/turtlebot3_gazebo//models/turtlebot3_autorace_2020/traffic_bar/model.sdf
[9.770s] -- Up-to-date symlink: /home/harsh/turtlebot3_ws/install/turtlebot3_gazebo/share/turtlebot3_gazebo//models/turtlebot3_autorace_2020/traffic_construction/materials/scripts/traffic_construction.material
[9.771s] -- Up-to-date symlink: /home/harsh/turtlebot3_ws/install/turtlebot3_gazebo/share/turtlebot3_gazebo//models/turtlebot3_autorace_2020/traffic_construction/materials/textures/traffic_construction.png
[9.771s] -- Up-to-date symlink: /home/harsh/turtlebot3_ws/install/turtlebot3_gazebo/share/turtlebot3_gazebo//models/turtlebot3_autorace_2020/traffic_construction/model.config
[9.771s] -- Up-to-date symlink: /home/harsh/turtlebot3_ws/install/turtlebot3_gazebo/share/turtlebot3_gazebo//models/turtlebot3_autorace_2020/traffic_construction/model.sdf
[9.772s] -- Up-to-date symlink: /home/harsh/turtlebot3_ws/install/turtlebot3_gazebo/share/turtlebot3_gazebo//models/turtlebot3_autorace_2020/traffic_intersection/materials/scripts/traffic_intersection.material
[9.773s] -- Up-to-date symlink: /home/harsh/turtlebot3_ws/install/turtlebot3_gazebo/share/turtlebot3_gazebo//models/turtlebot3_autorace_2020/traffic_intersection/materials/textures/traffic_intersection.png
[9.773s] -- Up-to-date symlink: /home/harsh/turtlebot3_ws/install/turtlebot3_gazebo/share/turtlebot3_gazebo//models/turtlebot3_autorace_2020/traffic_intersection/model.config
[9.773s] -- Up-to-date symlink: /home/harsh/turtlebot3_ws/install/turtlebot3_gazebo/share/turtlebot3_gazebo//models/turtlebot3_autorace_2020/traffic_intersection/model.sdf
[9.774s] -- Up-to-date symlink: /home/harsh/turtlebot3_ws/install/turtlebot3_gazebo/share/turtlebot3_gazebo//models/turtlebot3_autorace_2020/traffic_left/materials/scripts/traffic_is_left.material
[9.774s] -- Up-to-date symlink: /home/harsh/turtlebot3_ws/install/turtlebot3_gazebo/share/turtlebot3_gazebo//models/turtlebot3_autorace_2020/traffic_left/materials/textures/traffic_left.png
[9.775s] -- Up-to-date symlink: /home/harsh/turtlebot3_ws/install/turtlebot3_gazebo/share/turtlebot3_gazebo//models/turtlebot3_autorace_2020/traffic_left/model.config
[9.775s] -- Up-to-date symlink: /home/harsh/turtlebot3_ws/install/turtlebot3_gazebo/share/turtlebot3_gazebo//models/turtlebot3_autorace_2020/traffic_left/model.sdf
[9.776s] -- Up-to-date symlink: /home/harsh/turtlebot3_ws/install/turtlebot3_gazebo/share/turtlebot3_gazebo//models/turtlebot3_autorace_2020/traffic_light/materials/scripts/traffic_light.material
[9.776s] -- Up-to-date symlink: /home/harsh/turtlebot3_ws/install/turtlebot3_gazebo/share/turtlebot3_gazebo//models/turtlebot3_autorace_2020/traffic_light/materials/textures/traffic_light.png
[9.777s] -- Up-to-date symlink: /home/harsh/turtlebot3_ws/install/turtlebot3_gazebo/share/turtlebot3_gazebo//models/turtlebot3_autorace_2020/traffic_light/materials/textures/traffic_light_green.png
[9.777s] -- Up-to-date symlink: /home/harsh/turtlebot3_ws/install/turtlebot3_gazebo/share/turtlebot3_gazebo//models/turtlebot3_autorace_2020/traffic_light/materials/textures/traffic_light_red.png
[9.777s] -- Up-to-date symlink: /home/harsh/turtlebot3_ws/install/turtlebot3_gazebo/share/turtlebot3_gazebo//models/turtlebot3_autorace_2020/traffic_light/materials/textures/traffic_light_yellow.png
[9.777s] -- Up-to-date symlink: /home/harsh/turtlebot3_ws/install/turtlebot3_gazebo/share/turtlebot3_gazebo//models/turtlebot3_autorace_2020/traffic_light/model.config
[9.777s] -- Up-to-date symlink: /home/harsh/turtlebot3_ws/install/turtlebot3_gazebo/share/turtlebot3_gazebo//models/turtlebot3_autorace_2020/traffic_light/model.sdf
[9.782s] -- Up-to-date symlink: /home/harsh/turtlebot3_ws/install/turtlebot3_gazebo/share/turtlebot3_gazebo//models/turtlebot3_autorace_2020/traffic_noentry/materials/scripts/traffic_noentry.material
[9.782s] -- Up-to-date symlink: /home/harsh/turtlebot3_ws/install/turtlebot3_gazebo/share/turtlebot3_gazebo//models/turtlebot3_autorace_2020/traffic_noentry/materials/textures/traffic_noentry.png
[9.787s] -- Up-to-date symlink: /home/harsh/turtlebot3_ws/install/turtlebot3_gazebo/share/turtlebot3_gazebo//models/turtlebot3_autorace_2020/traffic_noentry/model.config
[9.787s] -- Up-to-date symlink: /home/harsh/turtlebot3_ws/install/turtlebot3_gazebo/share/turtlebot3_gazebo//models/turtlebot3_autorace_2020/traffic_noentry/model.sdf
[9.789s] -- Up-to-date symlink: /home/harsh/turtlebot3_ws/install/turtlebot3_gazebo/share/turtlebot3_gazebo//models/turtlebot3_autorace_2020/traffic_parking/materials/scripts/traffic_parking.material
[9.789s] -- Up-to-date symlink: /home/harsh/turtlebot3_ws/install/turtlebot3_gazebo/share/turtlebot3_gazebo//models/turtlebot3_autorace_2020/traffic_parking/materials/textures/traffic_parking.png
[9.790s] -- Up-to-date symlink: /home/harsh/turtlebot3_ws/install/turtlebot3_gazebo/share/turtlebot3_gazebo//models/turtlebot3_autorace_2020/traffic_parking/model.config
[9.790s] -- Up-to-date symlink: /home/harsh/turtlebot3_ws/install/turtlebot3_gazebo/share/turtlebot3_gazebo//models/turtlebot3_autorace_2020/traffic_parking/model.sdf
[9.791s] -- Up-to-date symlink: /home/harsh/turtlebot3_ws/install/turtlebot3_gazebo/share/turtlebot3_gazebo//models/turtlebot3_autorace_2020/traffic_pl_left/materials/scripts/traffic_pl_left.material
[9.793s] -- Up-to-date symlink: /home/harsh/turtlebot3_ws/install/turtlebot3_gazebo/share/turtlebot3_gazebo//models/turtlebot3_autorace_2020/traffic_pl_left/materials/textures/traffic_pl_left.png
[9.793s] -- Up-to-date symlink: /home/harsh/turtlebot3_ws/install/turtlebot3_gazebo/share/turtlebot3_gazebo//models/turtlebot3_autorace_2020/traffic_pl_left/model.config
[9.794s] -- Up-to-date symlink: /home/harsh/turtlebot3_ws/install/turtlebot3_gazebo/share/turtlebot3_gazebo//models/turtlebot3_autorace_2020/traffic_pl_left/model.sdf
[9.795s] -- Up-to-date symlink: /home/harsh/turtlebot3_ws/install/turtlebot3_gazebo/share/turtlebot3_gazebo//models/turtlebot3_autorace_2020/traffic_right/materials/scripts/traffic_right.material
[9.795s] -- Up-to-date symlink: /home/harsh/turtlebot3_ws/install/turtlebot3_gazebo/share/turtlebot3_gazebo//models/turtlebot3_autorace_2020/traffic_right/materials/textures/traffic_right.png
[9.796s] -- Up-to-date symlink: /home/harsh/turtlebot3_ws/install/turtlebot3_gazebo/share/turtlebot3_gazebo//models/turtlebot3_autorace_2020/traffic_right/model.config
[9.796s] -- Up-to-date symlink: /home/harsh/turtlebot3_ws/install/turtlebot3_gazebo/share/turtlebot3_gazebo//models/turtlebot3_autorace_2020/traffic_right/model.sdf
[9.797s] -- Up-to-date symlink: /home/harsh/turtlebot3_ws/install/turtlebot3_gazebo/share/turtlebot3_gazebo//models/turtlebot3_autorace_2020/traffic_stop/materials/scripts/traffic_stop.material
[9.797s] -- Up-to-date symlink: /home/harsh/turtlebot3_ws/install/turtlebot3_gazebo/share/turtlebot3_gazebo//models/turtlebot3_autorace_2020/traffic_stop/materials/textures/traffic_stop.png
[9.798s] -- Up-to-date symlink: /home/harsh/turtlebot3_ws/install/turtlebot3_gazebo/share/turtlebot3_gazebo//models/turtlebot3_autorace_2020/traffic_stop/model.config
[9.798s] -- Up-to-date symlink: /home/harsh/turtlebot3_ws/install/turtlebot3_gazebo/share/turtlebot3_gazebo//models/turtlebot3_autorace_2020/traffic_stop/model.sdf
[9.799s] -- Up-to-date symlink: /home/harsh/turtlebot3_ws/install/turtlebot3_gazebo/share/turtlebot3_gazebo//models/turtlebot3_autorace_2020/traffic_tunnel/materials/scripts/tunnel.material
[9.799s] -- Up-to-date symlink: /home/harsh/turtlebot3_ws/install/turtlebot3_gazebo/share/turtlebot3_gazebo//models/turtlebot3_autorace_2020/traffic_tunnel/materials/textures/tunnel.png
[9.799s] -- Up-to-date symlink: /home/harsh/turtlebot3_ws/install/turtlebot3_gazebo/share/turtlebot3_gazebo//models/turtlebot3_autorace_2020/traffic_tunnel/model.config
[9.800s] -- Up-to-date symlink: /home/harsh/turtlebot3_ws/install/turtlebot3_gazebo/share/turtlebot3_gazebo//models/turtlebot3_autorace_2020/traffic_tunnel/model.sdf
[9.800s] -- Up-to-date symlink: /home/harsh/turtlebot3_ws/install/turtlebot3_gazebo/share/turtlebot3_gazebo//models/turtlebot3_burger/model-1_4.sdf
[9.800s] -- Up-to-date symlink: /home/harsh/turtlebot3_ws/install/turtlebot3_gazebo/share/turtlebot3_gazebo//models/turtlebot3_burger/model.config
[9.800s] -- Up-to-date symlink: /home/harsh/turtlebot3_ws/install/turtlebot3_gazebo/share/turtlebot3_gazebo//models/turtlebot3_burger/model.sdf
[9.801s] -- Up-to-date symlink: /home/harsh/turtlebot3_ws/install/turtlebot3_gazebo/share/turtlebot3_gazebo//models/turtlebot3_burger_cam/model-1_4.sdf
[9.801s] -- Up-to-date symlink: /home/harsh/turtlebot3_ws/install/turtlebot3_gazebo/share/turtlebot3_gazebo//models/turtlebot3_burger_cam/model.config
[9.801s] -- Up-to-date symlink: /home/harsh/turtlebot3_ws/install/turtlebot3_gazebo/share/turtlebot3_gazebo//models/turtlebot3_burger_cam/model.sdf
[9.802s] -- Up-to-date symlink: /home/harsh/turtlebot3_ws/install/turtlebot3_gazebo/share/turtlebot3_gazebo//models/turtlebot3_common/meshes/bases/burger_base.stl
[9.802s] -- Up-to-date symlink: /home/harsh/turtlebot3_ws/install/turtlebot3_gazebo/share/turtlebot3_gazebo//models/turtlebot3_common/meshes/bases/waffle_base.stl
[9.803s] -- Up-to-date symlink: /home/harsh/turtlebot3_ws/install/turtlebot3_gazebo/share/turtlebot3_gazebo//models/turtlebot3_common/meshes/bases/waffle_pi_base.stl
[9.803s] -- Up-to-date symlink: /home/harsh/turtlebot3_ws/install/turtlebot3_gazebo/share/turtlebot3_gazebo//models/turtlebot3_common/meshes/burger_base.dae
[9.803s] -- Up-to-date symlink: /home/harsh/turtlebot3_ws/install/turtlebot3_gazebo/share/turtlebot3_gazebo//models/turtlebot3_common/meshes/lds.dae
[9.803s] -- Up-to-date symlink: /home/harsh/turtlebot3_ws/install/turtlebot3_gazebo/share/turtlebot3_gazebo//models/turtlebot3_common/meshes/r200.dae
[9.804s] -- Up-to-date symlink: /home/harsh/turtlebot3_ws/install/turtlebot3_gazebo/share/turtlebot3_gazebo//models/turtlebot3_common/meshes/sensors/astra.dae
[9.805s] -- Up-to-date symlink: /home/harsh/turtlebot3_ws/install/turtlebot3_gazebo/share/turtlebot3_gazebo//models/turtlebot3_common/meshes/sensors/astra.jpg
[9.805s] -- Up-to-date symlink: /home/harsh/turtlebot3_ws/install/turtlebot3_gazebo/share/turtlebot3_gazebo//models/turtlebot3_common/meshes/sensors/lds.stl
[9.805s] -- Up-to-date symlink: /home/harsh/turtlebot3_ws/install/turtlebot3_gazebo/share/turtlebot3_gazebo//models/turtlebot3_common/meshes/sensors/r200.dae
[9.806s] -- Up-to-date symlink: /home/harsh/turtlebot3_ws/install/turtlebot3_gazebo/share/turtlebot3_gazebo//models/turtlebot3_common/meshes/sensors/r200.jpg
[9.806s] -- Up-to-date symlink: /home/harsh/turtlebot3_ws/install/turtlebot3_gazebo/share/turtlebot3_gazebo//models/turtlebot3_common/meshes/tire.dae
[9.806s] -- Up-to-date symlink: /home/harsh/turtlebot3_ws/install/turtlebot3_gazebo/share/turtlebot3_gazebo//models/turtlebot3_common/meshes/waffle_base.dae
[9.806s] -- Up-to-date symlink: /home/harsh/turtlebot3_ws/install/turtlebot3_gazebo/share/turtlebot3_gazebo//models/turtlebot3_common/meshes/waffle_pi_base.dae
[9.807s] -- Up-to-date symlink: /home/harsh/turtlebot3_ws/install/turtlebot3_gazebo/share/turtlebot3_gazebo//models/turtlebot3_common/meshes/wheels/left_tire.stl
[9.807s] -- Up-to-date symlink: /home/harsh/turtlebot3_ws/install/turtlebot3_gazebo/share/turtlebot3_gazebo//models/turtlebot3_common/meshes/wheels/right_tire.stl
[9.807s] -- Up-to-date symlink: /home/harsh/turtlebot3_ws/install/turtlebot3_gazebo/share/turtlebot3_gazebo//models/turtlebot3_common/model.config
[9.808s] -- Up-to-date symlink: /home/harsh/turtlebot3_ws/install/turtlebot3_gazebo/share/turtlebot3_gazebo//models/turtlebot3_dqn_world/goal_box/model.config
[9.808s] -- Up-to-date symlink: /home/harsh/turtlebot3_ws/install/turtlebot3_gazebo/share/turtlebot3_gazebo//models/turtlebot3_dqn_world/goal_box/model.sdf
[9.808s] -- Up-to-date symlink: /home/harsh/turtlebot3_ws/install/turtlebot3_gazebo/share/turtlebot3_gazebo//models/turtlebot3_dqn_world/inner_walls/model.config
[9.808s] -- Up-to-date symlink: /home/harsh/turtlebot3_ws/install/turtlebot3_gazebo/share/turtlebot3_gazebo//models/turtlebot3_dqn_world/inner_walls/model.sdf
[9.809s] -- Up-to-date symlink: /home/harsh/turtlebot3_ws/install/turtlebot3_gazebo/share/turtlebot3_gazebo//models/turtlebot3_dqn_world/model.config
[9.809s] -- Up-to-date symlink: /home/harsh/turtlebot3_ws/install/turtlebot3_gazebo/share/turtlebot3_gazebo//models/turtlebot3_dqn_world/model.sdf
[9.809s] -- Up-to-date symlink: /home/harsh/turtlebot3_ws/install/turtlebot3_gazebo/share/turtlebot3_gazebo//models/turtlebot3_dqn_world/obstacle1/model.config
[9.809s] -- Up-to-date symlink: /home/harsh/turtlebot3_ws/install/turtlebot3_gazebo/share/turtlebot3_gazebo//models/turtlebot3_dqn_world/obstacle1/model.sdf
[9.810s] -- Up-to-date symlink: /home/harsh/turtlebot3_ws/install/turtlebot3_gazebo/share/turtlebot3_gazebo//models/turtlebot3_dqn_world/obstacle2/model.config
[9.810s] -- Up-to-date symlink: /home/harsh/turtlebot3_ws/install/turtlebot3_gazebo/share/turtlebot3_gazebo//models/turtlebot3_dqn_world/obstacle2/model.sdf
[9.810s] -- Up-to-date symlink: /home/harsh/turtlebot3_ws/install/turtlebot3_gazebo/share/turtlebot3_gazebo//models/turtlebot3_dqn_world/obstacles/model.config
[9.811s] -- Up-to-date symlink: /home/harsh/turtlebot3_ws/install/turtlebot3_gazebo/share/turtlebot3_gazebo//models/turtlebot3_dqn_world/obstacles/model.sdf
[9.811s] -- Up-to-date symlink: /home/harsh/turtlebot3_ws/install/turtlebot3_gazebo/share/turtlebot3_gazebo//models/turtlebot3_house/model.config
[9.811s] -- Up-to-date symlink: /home/harsh/turtlebot3_ws/install/turtlebot3_gazebo/share/turtlebot3_gazebo//models/turtlebot3_house/model.sdf
[9.812s] -- Up-to-date symlink: /home/harsh/turtlebot3_ws/install/turtlebot3_gazebo/share/turtlebot3_gazebo//models/turtlebot3_waffle/model-1_4.sdf
[9.812s] -- Up-to-date symlink: /home/harsh/turtlebot3_ws/install/turtlebot3_gazebo/share/turtlebot3_gazebo//models/turtlebot3_waffle/model.config
[9.812s] -- Up-to-date symlink: /home/harsh/turtlebot3_ws/install/turtlebot3_gazebo/share/turtlebot3_gazebo//models/turtlebot3_waffle/model.sdf
[9.813s] -- Up-to-date symlink: /home/harsh/turtlebot3_ws/install/turtlebot3_gazebo/share/turtlebot3_gazebo//models/turtlebot3_waffle_pi/model-1_4_.sdf
[9.813s] -- Up-to-date symlink: /home/harsh/turtlebot3_ws/install/turtlebot3_gazebo/share/turtlebot3_gazebo//models/turtlebot3_waffle_pi/model.config
[9.813s] -- Up-to-date symlink: /home/harsh/turtlebot3_ws/install/turtlebot3_gazebo/share/turtlebot3_gazebo//models/turtlebot3_waffle_pi/model.sdf
[9.814s] -- Up-to-date symlink: /home/harsh/turtlebot3_ws/install/turtlebot3_gazebo/share/turtlebot3_gazebo//models/turtlebot3_world/meshes/hexagon.dae
[9.814s] -- Up-to-date symlink: /home/harsh/turtlebot3_ws/install/turtlebot3_gazebo/share/turtlebot3_gazebo//models/turtlebot3_world/meshes/wall.dae
[9.814s] -- Up-to-date symlink: /home/harsh/turtlebot3_ws/install/turtlebot3_gazebo/share/turtlebot3_gazebo//models/turtlebot3_world/model-1_4.sdf
[9.814s] -- Up-to-date symlink: /home/harsh/turtlebot3_ws/install/turtlebot3_gazebo/share/turtlebot3_gazebo//models/turtlebot3_world/model.config
[9.814s] -- Up-to-date symlink: /home/harsh/turtlebot3_ws/install/turtlebot3_gazebo/share/turtlebot3_gazebo//models/turtlebot3_world/model.sdf
[9.819s] -- Up-to-date symlink: /home/harsh/turtlebot3_ws/install/turtlebot3_gazebo/share/turtlebot3_gazebo//rviz/tb3_gazebo.rviz
[9.831s] -- Up-to-date symlink: /home/harsh/turtlebot3_ws/install/turtlebot3_gazebo/share/turtlebot3_gazebo//urdf/common_properties.urdf
[9.832s] -- Up-to-date symlink: /home/harsh/turtlebot3_ws/install/turtlebot3_gazebo/share/turtlebot3_gazebo//urdf/turtlebot3_burger.urdf
[9.832s] -- Up-to-date symlink: /home/harsh/turtlebot3_ws/install/turtlebot3_gazebo/share/turtlebot3_gazebo//urdf/turtlebot3_burger_cam.urdf
[9.833s] -- Up-to-date symlink: /home/harsh/turtlebot3_ws/install/turtlebot3_gazebo/share/turtlebot3_gazebo//urdf/turtlebot3_waffle.urdf
[9.833s] -- Up-to-date symlink: /home/harsh/turtlebot3_ws/install/turtlebot3_gazebo/share/turtlebot3_gazebo//urdf/turtlebot3_waffle_pi.urdf
[9.835s] -- Up-to-date symlink: /home/harsh/turtlebot3_ws/install/turtlebot3_gazebo/share/turtlebot3_gazebo//worlds/empty_world.world
[9.835s] -- Up-to-date symlink: /home/harsh/turtlebot3_ws/install/turtlebot3_gazebo/share/turtlebot3_gazebo//worlds/turtlebot3_autorace_2020.world
[9.835s] -- Up-to-date symlink: /home/harsh/turtlebot3_ws/install/turtlebot3_gazebo/share/turtlebot3_gazebo//worlds/turtlebot3_dqn_stage1.world
[9.836s] -- Up-to-date symlink: /home/harsh/turtlebot3_ws/install/turtlebot3_gazebo/share/turtlebot3_gazebo//worlds/turtlebot3_dqn_stage2.world
[9.836s] -- Up-to-date symlink: /home/harsh/turtlebot3_ws/install/turtlebot3_gazebo/share/turtlebot3_gazebo//worlds/turtlebot3_dqn_stage3.world
[9.837s] -- Up-to-date symlink: /home/harsh/turtlebot3_ws/install/turtlebot3_gazebo/share/turtlebot3_gazebo//worlds/turtlebot3_dqn_stage4.world
[9.838s] -- Up-to-date symlink: /home/harsh/turtlebot3_ws/install/turtlebot3_gazebo/share/turtlebot3_gazebo//worlds/turtlebot3_house.world
[9.839s] -- Up-to-date symlink: /home/harsh/turtlebot3_ws/install/turtlebot3_gazebo/share/turtlebot3_gazebo//worlds/turtlebot3_world.world
[9.840s] -- Up-to-date symlink: /home/harsh/turtlebot3_ws/install/turtlebot3_gazebo/include//turtlebot3_gazebo/obstacle1.hpp
[9.840s] -- Up-to-date symlink: /home/harsh/turtlebot3_ws/install/turtlebot3_gazebo/include//turtlebot3_gazebo/obstacle2.hpp
[9.840s] -- Up-to-date symlink: /home/harsh/turtlebot3_ws/install/turtlebot3_gazebo/include//turtlebot3_gazebo/obstacles.hpp
[9.841s] -- Up-to-date symlink: /home/harsh/turtlebot3_ws/install/turtlebot3_gazebo/include//turtlebot3_gazebo/traffic_bar_plugin.hpp
[9.841s] -- Up-to-date symlink: /home/harsh/turtlebot3_ws/install/turtlebot3_gazebo/include//turtlebot3_gazebo/traffic_light_plugin.hpp
[9.841s] -- Up-to-date symlink: /home/harsh/turtlebot3_ws/install/turtlebot3_gazebo/include//turtlebot3_gazebo/turtlebot3_drive.hpp
[9.842s] -- Up-to-date symlink: /home/harsh/turtlebot3_ws/install/turtlebot3_gazebo/share/ament_index/resource_index/package_run_dependencies/turtlebot3_gazebo
[9.843s] -- Up-to-date symlink: /home/harsh/turtlebot3_ws/install/turtlebot3_gazebo/share/ament_index/resource_index/parent_prefix_path/turtlebot3_gazebo
[9.843s] -- Up-to-date symlink: /home/harsh/turtlebot3_ws/install/turtlebot3_gazebo/share/turtlebot3_gazebo/environment/ament_prefix_path.sh
[9.844s] -- Up-to-date symlink: /home/harsh/turtlebot3_ws/install/turtlebot3_gazebo/share/turtlebot3_gazebo/environment/ament_prefix_path.dsv
[9.844s] -- Up-to-date symlink: /home/harsh/turtlebot3_ws/install/turtlebot3_gazebo/share/turtlebot3_gazebo/environment/path.sh
[9.844s] -- Up-to-date symlink: /home/harsh/turtlebot3_ws/install/turtlebot3_gazebo/share/turtlebot3_gazebo/environment/path.dsv
[9.845s] -- Up-to-date symlink: /home/harsh/turtlebot3_ws/install/turtlebot3_gazebo/share/turtlebot3_gazebo/local_setup.bash
[9.845s] -- Up-to-date symlink: /home/harsh/turtlebot3_ws/install/turtlebot3_gazebo/share/turtlebot3_gazebo/local_setup.sh
[9.846s] -- Up-to-date symlink: /home/harsh/turtlebot3_ws/install/turtlebot3_gazebo/share/turtlebot3_gazebo/local_setup.zsh
[9.846s] -- Up-to-date symlink: /home/harsh/turtlebot3_ws/install/turtlebot3_gazebo/share/turtlebot3_gazebo/local_setup.dsv
[9.846s] -- Symlinking: /home/harsh/turtlebot3_ws/install/turtlebot3_gazebo/share/turtlebot3_gazebo/package.dsv
[9.856s] -- Up-to-date symlink: /home/harsh/turtlebot3_ws/install/turtlebot3_gazebo/share/ament_index/resource_index/packages/turtlebot3_gazebo
[9.856s] -- Up-to-date symlink: /home/harsh/turtlebot3_ws/install/turtlebot3_gazebo/share/turtlebot3_gazebo/cmake/ament_cmake_export_include_directories-extras.cmake
[9.857s] -- Up-to-date symlink: /home/harsh/turtlebot3_ws/install/turtlebot3_gazebo/share/turtlebot3_gazebo/cmake/ament_cmake_export_dependencies-extras.cmake
[9.857s] -- Up-to-date symlink: /home/harsh/turtlebot3_ws/install/turtlebot3_gazebo/share/turtlebot3_gazebo/cmake/turtlebot3_gazeboConfig.cmake
[9.858s] -- Up-to-date symlink: /home/harsh/turtlebot3_ws/install/turtlebot3_gazebo/share/turtlebot3_gazebo/cmake/turtlebot3_gazeboConfig-version.cmake
[9.858s] -- Up-to-date symlink: /home/harsh/turtlebot3_ws/install/turtlebot3_gazebo/share/turtlebot3_gazebo/package.xml
[9.862s] Invoked command in '/home/harsh/turtlebot3_ws/build/turtlebot3_gazebo' returned '0': CMAKE_PREFIX_PATH=/opt/ros/humble /usr/bin/cmake --install /home/harsh/turtlebot3_ws/build/turtlebot3_gazebo
