running develop
Removing /home/harsh/turtlebot3_ws/install/custom_dwa_planner/lib/python3.10/site-packages/custom-dwa-planner.egg-link (link to .)
running egg_info
writing ../../build/custom_dwa_planner/custom_dwa_planner.egg-info/PKG-INFO
writing dependency_links to ../../build/custom_dwa_planner/custom_dwa_planner.egg-info/dependency_links.txt
writing entry points to ../../build/custom_dwa_planner/custom_dwa_planner.egg-info/entry_points.txt
writing requirements to ../../build/custom_dwa_planner/custom_dwa_planner.egg-info/requires.txt
writing top-level names to ../../build/custom_dwa_planner/custom_dwa_planner.egg-info/top_level.txt
reading manifest file '../../build/custom_dwa_planner/custom_dwa_planner.egg-info/SOURCES.txt'
writing manifest file '../../build/custom_dwa_planner/custom_dwa_planner.egg-info/SOURCES.txt'
running build
running build_py
creating /home/harsh/turtlebot3_ws/build/custom_dwa_planner/build
creating /home/harsh/turtlebot3_ws/build/custom_dwa_planner/build/lib
creating /home/harsh/turtlebot3_ws/build/custom_dwa_planner/build/lib/custom_dwa_planner
copying custom_dwa_planner/__init__.py -> /home/harsh/turtlebot3_ws/build/custom_dwa_planner/build/lib/custom_dwa_planner
copying custom_dwa_planner/goal_publisher.py -> /home/harsh/turtlebot3_ws/build/custom_dwa_planner/build/lib/custom_dwa_planner
copying custom_dwa_planner/dwa_planner.py -> /home/harsh/turtlebot3_ws/build/custom_dwa_planner/build/lib/custom_dwa_planner
running install
running install_lib
creating /home/harsh/turtlebot3_ws/install/custom_dwa_planner/lib/python3.10/site-packages/custom_dwa_planner
copying /home/harsh/turtlebot3_ws/build/custom_dwa_planner/build/lib/custom_dwa_planner/__init__.py -> /home/harsh/turtlebot3_ws/install/custom_dwa_planner/lib/python3.10/site-packages/custom_dwa_planner
copying /home/harsh/turtlebot3_ws/build/custom_dwa_planner/build/lib/custom_dwa_planner/goal_publisher.py -> /home/harsh/turtlebot3_ws/install/custom_dwa_planner/lib/python3.10/site-packages/custom_dwa_planner
copying /home/harsh/turtlebot3_ws/build/custom_dwa_planner/build/lib/custom_dwa_planner/dwa_planner.py -> /home/harsh/turtlebot3_ws/install/custom_dwa_planner/lib/python3.10/site-packages/custom_dwa_planner
byte-compiling /home/harsh/turtlebot3_ws/install/custom_dwa_planner/lib/python3.10/site-packages/custom_dwa_planner/__init__.py to __init__.cpython-310.pyc
byte-compiling /home/harsh/turtlebot3_ws/install/custom_dwa_planner/lib/python3.10/site-packages/custom_dwa_planner/goal_publisher.py to goal_publisher.cpython-310.pyc
byte-compiling /home/harsh/turtlebot3_ws/install/custom_dwa_planner/lib/python3.10/site-packages/custom_dwa_planner/dwa_planner.py to dwa_planner.cpython-310.pyc
running install_data
copying resource/custom_dwa_planner -> /home/harsh/turtlebot3_ws/install/custom_dwa_planner/share/ament_index/resource_index/packages
copying package.xml -> /home/harsh/turtlebot3_ws/install/custom_dwa_planner/share/custom_dwa_planner
copying launch/full_system.launch.py -> /home/harsh/turtlebot3_ws/install/custom_dwa_planner/share/custom_dwa_planner/launch
running install_egg_info
Copying ../../build/custom_dwa_planner/custom_dwa_planner.egg-info to /home/harsh/turtlebot3_ws/install/custom_dwa_planner/lib/python3.10/site-packages/custom_dwa_planner-0.0.0-py3.10.egg-info
running install_scripts
Installing dwa_planner script to /home/harsh/turtlebot3_ws/install/custom_dwa_planner/lib/custom_dwa_planner
Installing goal_publisher script to /home/harsh/turtlebot3_ws/install/custom_dwa_planner/lib/custom_dwa_planner
writing list of installed files to '/home/harsh/turtlebot3_ws/build/custom_dwa_planner/install.log'
