[0.147s] Invoking command in '/home/harsh/turtlebot3_ws/build/turtlebot3_fake_node': CMAKE_PREFIX_PATH=/opt/ros/humble /usr/bin/cmake --build /home/harsh/turtlebot3_ws/build/turtlebot3_fake_node -- -j8 -l8
[3.841s] [100%] Built target turtlebot3_fake_node
[3.857s] Invoked command in '/home/harsh/turtlebot3_ws/build/turtlebot3_fake_node' returned '0': CMAKE_PREFIX_PATH=/opt/ros/humble /usr/bin/cmake --build /home/harsh/turtlebot3_ws/build/turtlebot3_fake_node -- -j8 -l8
[4.266s] Invoking command in '/home/harsh/turtlebot3_ws/build/turtlebot3_fake_node': CMAKE_PREFIX_PATH=/opt/ros/humble /usr/bin/cmake --install /home/harsh/turtlebot3_ws/build/turtlebot3_fake_node
[4.318s] -- Install configuration: ""
[4.564s] -- Execute custom install script
[4.684s] -- Up-to-date symlink: /home/harsh/turtlebot3_ws/install/turtlebot3_fake_node/lib/turtlebot3_fake_node/turtlebot3_fake_node
[5.004s] -- Up-to-date symlink: /home/harsh/turtlebot3_ws/install/turtlebot3_fake_node/share/turtlebot3_fake_node/launch/rviz2.launch.py
[5.015s] -- Up-to-date symlink: /home/harsh/turtlebot3_ws/install/turtlebot3_fake_node/share/turtlebot3_fake_node/launch/turtlebot3_fake_node.launch.py
[5.038s] -- Up-to-date symlink: /home/harsh/turtlebot3_ws/install/turtlebot3_fake_node/share/turtlebot3_fake_node/param/burger.yaml
[5.049s] -- Up-to-date symlink: /home/harsh/turtlebot3_ws/install/turtlebot3_fake_node/share/turtlebot3_fake_node/param/waffle.yaml
[5.060s] -- Up-to-date symlink: /home/harsh/turtlebot3_ws/install/turtlebot3_fake_node/share/turtlebot3_fake_node/param/waffle_pi.yaml
[5.071s] -- Up-to-date symlink: /home/harsh/turtlebot3_ws/install/turtlebot3_fake_node/include//turtlebot3_fake_node/turtlebot3_fake_node.hpp
[5.228s] -- Up-to-date symlink: /home/harsh/turtlebot3_ws/install/turtlebot3_fake_node/share/ament_index/resource_index/package_run_dependencies/turtlebot3_fake_node
[5.228s] -- Up-to-date symlink: /home/harsh/turtlebot3_ws/install/turtlebot3_fake_node/share/ament_index/resource_index/parent_prefix_path/turtlebot3_fake_node
[5.229s] -- Up-to-date symlink: /home/harsh/turtlebot3_ws/install/turtlebot3_fake_node/share/turtlebot3_fake_node/environment/ament_prefix_path.sh
[5.229s] -- Up-to-date symlink: /home/harsh/turtlebot3_ws/install/turtlebot3_fake_node/share/turtlebot3_fake_node/environment/ament_prefix_path.dsv
[5.259s] -- Up-to-date symlink: /home/harsh/turtlebot3_ws/install/turtlebot3_fake_node/share/turtlebot3_fake_node/environment/path.sh
[5.260s] -- Up-to-date symlink: /home/harsh/turtlebot3_ws/install/turtlebot3_fake_node/share/turtlebot3_fake_node/environment/path.dsv
[5.304s] -- Up-to-date symlink: /home/harsh/turtlebot3_ws/install/turtlebot3_fake_node/share/turtlebot3_fake_node/local_setup.bash
[5.304s] -- Up-to-date symlink: /home/harsh/turtlebot3_ws/install/turtlebot3_fake_node/share/turtlebot3_fake_node/local_setup.sh
[5.669s] -- Up-to-date symlink: /home/harsh/turtlebot3_ws/install/turtlebot3_fake_node/share/turtlebot3_fake_node/local_setup.zsh
[5.670s] -- Up-to-date symlink: /home/harsh/turtlebot3_ws/install/turtlebot3_fake_node/share/turtlebot3_fake_node/local_setup.dsv
[5.670s] -- Symlinking: /home/harsh/turtlebot3_ws/install/turtlebot3_fake_node/share/turtlebot3_fake_node/package.dsv
[5.803s] -- Up-to-date symlink: /home/harsh/turtlebot3_ws/install/turtlebot3_fake_node/share/ament_index/resource_index/packages/turtlebot3_fake_node
[5.804s] -- Up-to-date symlink: /home/harsh/turtlebot3_ws/install/turtlebot3_fake_node/share/turtlebot3_fake_node/cmake/ament_cmake_export_include_directories-extras.cmake
[5.804s] -- Up-to-date symlink: /home/harsh/turtlebot3_ws/install/turtlebot3_fake_node/share/turtlebot3_fake_node/cmake/ament_cmake_export_dependencies-extras.cmake
[5.805s] -- Up-to-date symlink: /home/harsh/turtlebot3_ws/install/turtlebot3_fake_node/share/turtlebot3_fake_node/cmake/turtlebot3_fake_nodeConfig.cmake
[5.805s] -- Up-to-date symlink: /home/harsh/turtlebot3_ws/install/turtlebot3_fake_node/share/turtlebot3_fake_node/cmake/turtlebot3_fake_nodeConfig-version.cmake
[5.806s] -- Up-to-date symlink: /home/harsh/turtlebot3_ws/install/turtlebot3_fake_node/share/turtlebot3_fake_node/package.xml
[5.810s] Invoked command in '/home/harsh/turtlebot3_ws/build/turtlebot3_fake_node' returned '0': CMAKE_PREFIX_PATH=/opt/ros/humble /usr/bin/cmake --install /home/harsh/turtlebot3_ws/build/turtlebot3_fake_node
