[0.509s] Invoking command in '/home/harsh/turtlebot3_ws/src/custom_dwa_planner': PYTHONPATH=/home/harsh/turtlebot3_ws/build/custom_dwa_planner/prefix_override:/usr/lib/python3/dist-packages/colcon_core/task/python/colcon_distutils_commands:/home/harsh/turtlebot3_ws/install/custom_dwa_planner/lib/python3.10/site-packages:${PYTHONPATH} /usr/bin/python3 -W ignore:setup.py install is deprecated -W ignore:easy_install command is deprecated setup.py egg_info --egg-base ../../build/custom_dwa_planner build --build-base /home/harsh/turtlebot3_ws/build/custom_dwa_planner/build install --record /home/harsh/turtlebot3_ws/build/custom_dwa_planner/install.log --single-version-externally-managed install_data
[0.671s] running egg_info
[0.671s] writing ../../build/custom_dwa_planner/custom_dwa_planner.egg-info/PKG-INFO
[0.671s] writing dependency_links to ../../build/custom_dwa_planner/custom_dwa_planner.egg-info/dependency_links.txt
[0.671s] writing entry points to ../../build/custom_dwa_planner/custom_dwa_planner.egg-info/entry_points.txt
[0.671s] writing requirements to ../../build/custom_dwa_planner/custom_dwa_planner.egg-info/requires.txt
[0.671s] writing top-level names to ../../build/custom_dwa_planner/custom_dwa_planner.egg-info/top_level.txt
[0.673s] reading manifest file '../../build/custom_dwa_planner/custom_dwa_planner.egg-info/SOURCES.txt'
[0.673s] writing manifest file '../../build/custom_dwa_planner/custom_dwa_planner.egg-info/SOURCES.txt'
[0.673s] running build
[0.673s] running build_py
[0.673s] copying custom_dwa_planner/dwa_planner.py -> /home/harsh/turtlebot3_ws/build/custom_dwa_planner/build/lib/custom_dwa_planner
[0.674s] running install
[0.674s] running install_lib
[0.674s] copying /home/harsh/turtlebot3_ws/build/custom_dwa_planner/build/lib/custom_dwa_planner/dwa_planner.py -> /home/harsh/turtlebot3_ws/install/custom_dwa_planner/lib/python3.10/site-packages/custom_dwa_planner
[0.675s] byte-compiling /home/harsh/turtlebot3_ws/install/custom_dwa_planner/lib/python3.10/site-packages/custom_dwa_planner/dwa_planner.py to dwa_planner.cpython-310.pyc
[0.676s] running install_data
[0.677s] running install_egg_info
[0.678s] removing '/home/harsh/turtlebot3_ws/install/custom_dwa_planner/lib/python3.10/site-packages/custom_dwa_planner-0.0.0-py3.10.egg-info' (and everything under it)
[0.678s] Copying ../../build/custom_dwa_planner/custom_dwa_planner.egg-info to /home/harsh/turtlebot3_ws/install/custom_dwa_planner/lib/python3.10/site-packages/custom_dwa_planner-0.0.0-py3.10.egg-info
[0.679s] running install_scripts
[0.693s] Installing dwa_planner script to /home/harsh/turtlebot3_ws/install/custom_dwa_planner/lib/custom_dwa_planner
[0.693s] Installing goal_publisher script to /home/harsh/turtlebot3_ws/install/custom_dwa_planner/lib/custom_dwa_planner
[0.693s] writing list of installed files to '/home/harsh/turtlebot3_ws/build/custom_dwa_planner/install.log'
[0.713s] Invoked command in '/home/harsh/turtlebot3_ws/src/custom_dwa_planner' returned '0': PYTHONPATH=/home/harsh/turtlebot3_ws/build/custom_dwa_planner/prefix_override:/usr/lib/python3/dist-packages/colcon_core/task/python/colcon_distutils_commands:/home/harsh/turtlebot3_ws/install/custom_dwa_planner/lib/python3.10/site-packages:${PYTHONPATH} /usr/bin/python3 -W ignore:setup.py install is deprecated -W ignore:easy_install command is deprecated setup.py egg_info --egg-base ../../build/custom_dwa_planner build --build-base /home/harsh/turtlebot3_ws/build/custom_dwa_planner/build install --record /home/harsh/turtlebot3_ws/build/custom_dwa_planner/install.log --single-version-externally-managed install_data
