[1.225s] DEBUG:colcon:Command line arguments: ['/usr/bin/colcon', 'build', '--symlink-install']
[1.225s] DEBUG:colcon:Parsed command line arguments: Namespace(log_base=None, log_level=None, verb_name='build', build_base='build', install_base='install', merge_install=False, symlink_install=True, test_result_base=None, continue_on_error=False, executor='parallel', parallel_workers=8, event_handlers=None, ignore_user_meta=False, metas=['./colcon.meta'], base_paths=['.'], packages_ignore=None, packages_ignore_regex=None, paths=None, packages_up_to=None, packages_up_to_regex=None, packages_above=None, packages_above_and_dependencies=None, packages_above_depth=None, packages_select_by_dep=None, packages_skip_by_dep=None, packages_skip_up_to=None, packages_select_build_failed=False, packages_skip_build_finished=False, packages_select_test_failures=False, packages_skip_test_passed=False, packages_select=None, packages_skip=None, packages_select_regex=None, packages_skip_regex=None, packages_start=None, packages_end=None, allow_overriding=[], cmake_args=None, cmake_target=None, cmake_target_skip_unavailable=False, cmake_clean_cache=False, cmake_clean_first=False, cmake_force_configure=False, ament_cmake_args=None, catkin_cmake_args=None, catkin_skip_building_tests=False, mixin_files=None, mixin=None, verb_parser=<colcon_mixin.mixin.mixin_argument.MixinArgumentDecorator object at 0x7bd0a0465ff0>, verb_extension=<colcon_core.verb.build.BuildVerb object at 0x7bd0a0465b10>, main=<bound method BuildVerb.main of <colcon_core.verb.build.BuildVerb object at 0x7bd0a0465b10>>, mixin_verb=('build',))
[2.249s] Level 1:colcon.colcon_core.package_discovery:discover_packages(colcon_meta) check parameters
[2.249s] Level 1:colcon.colcon_core.package_discovery:discover_packages(recursive) check parameters
[2.249s] Level 1:colcon.colcon_core.package_discovery:discover_packages(ignore) check parameters
[2.250s] Level 1:colcon.colcon_core.package_discovery:discover_packages(path) check parameters
[2.250s] Level 1:colcon.colcon_core.package_discovery:discover_packages(colcon_meta) discover
[2.250s] Level 1:colcon.colcon_core.package_discovery:discover_packages(recursive) discover
[2.250s] INFO:colcon.colcon_core.package_discovery:Crawling recursively for packages in '/home/harsh/turtlebot3_ws'
[2.250s] Level 1:colcon.colcon_core.package_identification:_identify(.) by extensions ['ignore', 'ignore_ament_install']
[2.250s] Level 1:colcon.colcon_core.package_identification:_identify(.) by extension 'ignore'
[2.250s] Level 1:colcon.colcon_core.package_identification:_identify(.) by extension 'ignore_ament_install'
[2.250s] Level 1:colcon.colcon_core.package_identification:_identify(.) by extensions ['colcon_pkg']
[2.250s] Level 1:colcon.colcon_core.package_identification:_identify(.) by extension 'colcon_pkg'
[2.250s] Level 1:colcon.colcon_core.package_identification:_identify(.) by extensions ['colcon_meta']
[2.250s] Level 1:colcon.colcon_core.package_identification:_identify(.) by extension 'colcon_meta'
[2.250s] Level 1:colcon.colcon_core.package_identification:_identify(.) by extensions ['ros']
[2.250s] Level 1:colcon.colcon_core.package_identification:_identify(.) by extension 'ros'
[2.260s] Level 1:colcon.colcon_core.package_identification:_identify(.) by extensions ['cmake', 'python']
[2.260s] Level 1:colcon.colcon_core.package_identification:_identify(.) by extension 'cmake'
[2.260s] Level 1:colcon.colcon_core.package_identification:_identify(.) by extension 'python'
[2.260s] Level 1:colcon.colcon_core.package_identification:_identify(.) by extensions ['python_setup_py']
[2.260s] Level 1:colcon.colcon_core.package_identification:_identify(.) by extension 'python_setup_py'
[2.260s] Level 1:colcon.colcon_core.package_identification:_identify(build) by extensions ['ignore', 'ignore_ament_install']
[2.260s] Level 1:colcon.colcon_core.package_identification:_identify(build) by extension 'ignore'
[2.260s] Level 1:colcon.colcon_core.package_identification:_identify(build) ignored
[2.260s] Level 1:colcon.colcon_core.package_identification:_identify(install) by extensions ['ignore', 'ignore_ament_install']
[2.260s] Level 1:colcon.colcon_core.package_identification:_identify(install) by extension 'ignore'
[2.260s] Level 1:colcon.colcon_core.package_identification:_identify(install) ignored
[2.260s] Level 1:colcon.colcon_core.package_identification:_identify(log) by extensions ['ignore', 'ignore_ament_install']
[2.260s] Level 1:colcon.colcon_core.package_identification:_identify(log) by extension 'ignore'
[2.260s] Level 1:colcon.colcon_core.package_identification:_identify(log) ignored
[2.260s] Level 1:colcon.colcon_core.package_identification:_identify(src) by extensions ['ignore', 'ignore_ament_install']
[2.261s] Level 1:colcon.colcon_core.package_identification:_identify(src) by extension 'ignore'
[2.261s] Level 1:colcon.colcon_core.package_identification:_identify(src) by extension 'ignore_ament_install'
[2.261s] Level 1:colcon.colcon_core.package_identification:_identify(src) by extensions ['colcon_pkg']
[2.261s] Level 1:colcon.colcon_core.package_identification:_identify(src) by extension 'colcon_pkg'
[2.261s] Level 1:colcon.colcon_core.package_identification:_identify(src) by extensions ['colcon_meta']
[2.261s] Level 1:colcon.colcon_core.package_identification:_identify(src) by extension 'colcon_meta'
[2.261s] Level 1:colcon.colcon_core.package_identification:_identify(src) by extensions ['ros']
[2.261s] Level 1:colcon.colcon_core.package_identification:_identify(src) by extension 'ros'
[2.261s] Level 1:colcon.colcon_core.package_identification:_identify(src) by extensions ['cmake', 'python']
[2.261s] Level 1:colcon.colcon_core.package_identification:_identify(src) by extension 'cmake'
[2.261s] Level 1:colcon.colcon_core.package_identification:_identify(src) by extension 'python'
[2.261s] Level 1:colcon.colcon_core.package_identification:_identify(src) by extensions ['python_setup_py']
[2.261s] Level 1:colcon.colcon_core.package_identification:_identify(src) by extension 'python_setup_py'
[2.261s] Level 1:colcon.colcon_core.package_identification:_identify(src/turtlebot3_simulations) by extensions ['ignore', 'ignore_ament_install']
[2.261s] Level 1:colcon.colcon_core.package_identification:_identify(src/turtlebot3_simulations) by extension 'ignore'
[2.261s] Level 1:colcon.colcon_core.package_identification:_identify(src/turtlebot3_simulations) by extension 'ignore_ament_install'
[2.261s] Level 1:colcon.colcon_core.package_identification:_identify(src/turtlebot3_simulations) by extensions ['colcon_pkg']
[2.261s] Level 1:colcon.colcon_core.package_identification:_identify(src/turtlebot3_simulations) by extension 'colcon_pkg'
[2.261s] Level 1:colcon.colcon_core.package_identification:_identify(src/turtlebot3_simulations) by extensions ['colcon_meta']
[2.261s] Level 1:colcon.colcon_core.package_identification:_identify(src/turtlebot3_simulations) by extension 'colcon_meta'
[2.261s] Level 1:colcon.colcon_core.package_identification:_identify(src/turtlebot3_simulations) by extensions ['ros']
[2.261s] Level 1:colcon.colcon_core.package_identification:_identify(src/turtlebot3_simulations) by extension 'ros'
[2.261s] Level 1:colcon.colcon_core.package_identification:_identify(src/turtlebot3_simulations) by extensions ['cmake', 'python']
[2.261s] Level 1:colcon.colcon_core.package_identification:_identify(src/turtlebot3_simulations) by extension 'cmake'
[2.261s] Level 1:colcon.colcon_core.package_identification:_identify(src/turtlebot3_simulations) by extension 'python'
[2.261s] Level 1:colcon.colcon_core.package_identification:_identify(src/turtlebot3_simulations) by extensions ['python_setup_py']
[2.261s] Level 1:colcon.colcon_core.package_identification:_identify(src/turtlebot3_simulations) by extension 'python_setup_py'
[2.261s] Level 1:colcon.colcon_core.package_identification:_identify(src/turtlebot3_simulations/turtlebot3_fake_node) by extensions ['ignore', 'ignore_ament_install']
[2.262s] Level 1:colcon.colcon_core.package_identification:_identify(src/turtlebot3_simulations/turtlebot3_fake_node) by extension 'ignore'
[2.262s] Level 1:colcon.colcon_core.package_identification:_identify(src/turtlebot3_simulations/turtlebot3_fake_node) by extension 'ignore_ament_install'
[2.262s] Level 1:colcon.colcon_core.package_identification:_identify(src/turtlebot3_simulations/turtlebot3_fake_node) by extensions ['colcon_pkg']
[2.262s] Level 1:colcon.colcon_core.package_identification:_identify(src/turtlebot3_simulations/turtlebot3_fake_node) by extension 'colcon_pkg'
[2.262s] Level 1:colcon.colcon_core.package_identification:_identify(src/turtlebot3_simulations/turtlebot3_fake_node) by extensions ['colcon_meta']
[2.262s] Level 1:colcon.colcon_core.package_identification:_identify(src/turtlebot3_simulations/turtlebot3_fake_node) by extension 'colcon_meta'
[2.262s] Level 1:colcon.colcon_core.package_identification:_identify(src/turtlebot3_simulations/turtlebot3_fake_node) by extensions ['ros']
[2.262s] Level 1:colcon.colcon_core.package_identification:_identify(src/turtlebot3_simulations/turtlebot3_fake_node) by extension 'ros'
[2.264s] DEBUG:colcon.colcon_core.package_identification:Package 'src/turtlebot3_simulations/turtlebot3_fake_node' with type 'ros.ament_cmake' and name 'turtlebot3_fake_node'
[2.264s] Level 1:colcon.colcon_core.package_identification:_identify(src/turtlebot3_simulations/turtlebot3_gazebo) by extensions ['ignore', 'ignore_ament_install']
[2.265s] Level 1:colcon.colcon_core.package_identification:_identify(src/turtlebot3_simulations/turtlebot3_gazebo) by extension 'ignore'
[2.265s] Level 1:colcon.colcon_core.package_identification:_identify(src/turtlebot3_simulations/turtlebot3_gazebo) by extension 'ignore_ament_install'
[2.265s] Level 1:colcon.colcon_core.package_identification:_identify(src/turtlebot3_simulations/turtlebot3_gazebo) by extensions ['colcon_pkg']
[2.265s] Level 1:colcon.colcon_core.package_identification:_identify(src/turtlebot3_simulations/turtlebot3_gazebo) by extension 'colcon_pkg'
[2.265s] Level 1:colcon.colcon_core.package_identification:_identify(src/turtlebot3_simulations/turtlebot3_gazebo) by extensions ['colcon_meta']
[2.265s] Level 1:colcon.colcon_core.package_identification:_identify(src/turtlebot3_simulations/turtlebot3_gazebo) by extension 'colcon_meta'
[2.265s] Level 1:colcon.colcon_core.package_identification:_identify(src/turtlebot3_simulations/turtlebot3_gazebo) by extensions ['ros']
[2.265s] Level 1:colcon.colcon_core.package_identification:_identify(src/turtlebot3_simulations/turtlebot3_gazebo) by extension 'ros'
[2.266s] DEBUG:colcon.colcon_core.package_identification:Package 'src/turtlebot3_simulations/turtlebot3_gazebo' with type 'ros.ament_cmake' and name 'turtlebot3_gazebo'
[2.266s] Level 1:colcon.colcon_core.package_identification:_identify(src/turtlebot3_simulations/turtlebot3_manipulation_gazebo) by extensions ['ignore', 'ignore_ament_install']
[2.266s] Level 1:colcon.colcon_core.package_identification:_identify(src/turtlebot3_simulations/turtlebot3_manipulation_gazebo) by extension 'ignore'
[2.266s] Level 1:colcon.colcon_core.package_identification:_identify(src/turtlebot3_simulations/turtlebot3_manipulation_gazebo) by extension 'ignore_ament_install'
[2.266s] Level 1:colcon.colcon_core.package_identification:_identify(src/turtlebot3_simulations/turtlebot3_manipulation_gazebo) by extensions ['colcon_pkg']
[2.266s] Level 1:colcon.colcon_core.package_identification:_identify(src/turtlebot3_simulations/turtlebot3_manipulation_gazebo) by extension 'colcon_pkg'
[2.266s] Level 1:colcon.colcon_core.package_identification:_identify(src/turtlebot3_simulations/turtlebot3_manipulation_gazebo) by extensions ['colcon_meta']
[2.266s] Level 1:colcon.colcon_core.package_identification:_identify(src/turtlebot3_simulations/turtlebot3_manipulation_gazebo) by extension 'colcon_meta'
[2.266s] Level 1:colcon.colcon_core.package_identification:_identify(src/turtlebot3_simulations/turtlebot3_manipulation_gazebo) by extensions ['ros']
[2.266s] Level 1:colcon.colcon_core.package_identification:_identify(src/turtlebot3_simulations/turtlebot3_manipulation_gazebo) by extension 'ros'
[2.267s] DEBUG:colcon.colcon_core.package_identification:Package 'src/turtlebot3_simulations/turtlebot3_manipulation_gazebo' with type 'ros.ament_cmake' and name 'turtlebot3_manipulation_gazebo'
[2.267s] Level 1:colcon.colcon_core.package_identification:_identify(src/turtlebot3_simulations/turtlebot3_simulations) by extensions ['ignore', 'ignore_ament_install']
[2.267s] Level 1:colcon.colcon_core.package_identification:_identify(src/turtlebot3_simulations/turtlebot3_simulations) by extension 'ignore'
[2.267s] Level 1:colcon.colcon_core.package_identification:_identify(src/turtlebot3_simulations/turtlebot3_simulations) by extension 'ignore_ament_install'
[2.267s] Level 1:colcon.colcon_core.package_identification:_identify(src/turtlebot3_simulations/turtlebot3_simulations) by extensions ['colcon_pkg']
[2.267s] Level 1:colcon.colcon_core.package_identification:_identify(src/turtlebot3_simulations/turtlebot3_simulations) by extension 'colcon_pkg'
[2.267s] Level 1:colcon.colcon_core.package_identification:_identify(src/turtlebot3_simulations/turtlebot3_simulations) by extensions ['colcon_meta']
[2.267s] Level 1:colcon.colcon_core.package_identification:_identify(src/turtlebot3_simulations/turtlebot3_simulations) by extension 'colcon_meta'
[2.267s] Level 1:colcon.colcon_core.package_identification:_identify(src/turtlebot3_simulations/turtlebot3_simulations) by extensions ['ros']
[2.267s] Level 1:colcon.colcon_core.package_identification:_identify(src/turtlebot3_simulations/turtlebot3_simulations) by extension 'ros'
[2.267s] DEBUG:colcon.colcon_core.package_identification:Package 'src/turtlebot3_simulations/turtlebot3_simulations' with type 'ros.ament_cmake' and name 'turtlebot3_simulations'
[2.267s] Level 1:colcon.colcon_core.package_discovery:discover_packages(recursive) using defaults
[2.268s] Level 1:colcon.colcon_core.package_discovery:discover_packages(ignore) discover
[2.268s] Level 1:colcon.colcon_core.package_discovery:discover_packages(ignore) using defaults
[2.268s] Level 1:colcon.colcon_core.package_discovery:discover_packages(path) discover
[2.268s] Level 1:colcon.colcon_core.package_discovery:discover_packages(path) using defaults
[2.315s] Level 1:colcon.colcon_core.package_discovery:discover_packages(prefix_path) check parameters
[2.315s] Level 1:colcon.colcon_core.package_discovery:discover_packages(prefix_path) discover
[2.360s] DEBUG:colcon.colcon_installed_package_information.package_discovery:Found 323 installed packages in /opt/ros/humble
[2.364s] Level 1:colcon.colcon_core.package_discovery:discover_packages(prefix_path) using defaults
[2.404s] Level 5:colcon.colcon_core.verb:set package 'turtlebot3_fake_node' build argument 'cmake_args' from command line to 'None'
[2.404s] Level 5:colcon.colcon_core.verb:set package 'turtlebot3_fake_node' build argument 'cmake_target' from command line to 'None'
[2.404s] Level 5:colcon.colcon_core.verb:set package 'turtlebot3_fake_node' build argument 'cmake_target_skip_unavailable' from command line to 'False'
[2.404s] Level 5:colcon.colcon_core.verb:set package 'turtlebot3_fake_node' build argument 'cmake_clean_cache' from command line to 'False'
[2.404s] Level 5:colcon.colcon_core.verb:set package 'turtlebot3_fake_node' build argument 'cmake_clean_first' from command line to 'False'
[2.404s] Level 5:colcon.colcon_core.verb:set package 'turtlebot3_fake_node' build argument 'cmake_force_configure' from command line to 'False'
[2.404s] Level 5:colcon.colcon_core.verb:set package 'turtlebot3_fake_node' build argument 'ament_cmake_args' from command line to 'None'
[2.404s] Level 5:colcon.colcon_core.verb:set package 'turtlebot3_fake_node' build argument 'catkin_cmake_args' from command line to 'None'
[2.404s] Level 5:colcon.colcon_core.verb:set package 'turtlebot3_fake_node' build argument 'catkin_skip_building_tests' from command line to 'False'
[2.404s] DEBUG:colcon.colcon_core.verb:Building package 'turtlebot3_fake_node' with the following arguments: {'ament_cmake_args': None, 'build_base': '/home/harsh/turtlebot3_ws/build/turtlebot3_fake_node', 'catkin_cmake_args': None, 'catkin_skip_building_tests': False, 'cmake_args': None, 'cmake_clean_cache': False, 'cmake_clean_first': False, 'cmake_force_configure': False, 'cmake_target': None, 'cmake_target_skip_unavailable': False, 'install_base': '/home/harsh/turtlebot3_ws/install/turtlebot3_fake_node', 'merge_install': False, 'path': '/home/harsh/turtlebot3_ws/src/turtlebot3_simulations/turtlebot3_fake_node', 'symlink_install': True, 'test_result_base': None}
[2.405s] Level 5:colcon.colcon_core.verb:set package 'turtlebot3_gazebo' build argument 'cmake_args' from command line to 'None'
[2.405s] Level 5:colcon.colcon_core.verb:set package 'turtlebot3_gazebo' build argument 'cmake_target' from command line to 'None'
[2.405s] Level 5:colcon.colcon_core.verb:set package 'turtlebot3_gazebo' build argument 'cmake_target_skip_unavailable' from command line to 'False'
[2.405s] Level 5:colcon.colcon_core.verb:set package 'turtlebot3_gazebo' build argument 'cmake_clean_cache' from command line to 'False'
[2.405s] Level 5:colcon.colcon_core.verb:set package 'turtlebot3_gazebo' build argument 'cmake_clean_first' from command line to 'False'
[2.405s] Level 5:colcon.colcon_core.verb:set package 'turtlebot3_gazebo' build argument 'cmake_force_configure' from command line to 'False'
[2.405s] Level 5:colcon.colcon_core.verb:set package 'turtlebot3_gazebo' build argument 'ament_cmake_args' from command line to 'None'
[2.405s] Level 5:colcon.colcon_core.verb:set package 'turtlebot3_gazebo' build argument 'catkin_cmake_args' from command line to 'None'
[2.405s] Level 5:colcon.colcon_core.verb:set package 'turtlebot3_gazebo' build argument 'catkin_skip_building_tests' from command line to 'False'
[2.405s] DEBUG:colcon.colcon_core.verb:Building package 'turtlebot3_gazebo' with the following arguments: {'ament_cmake_args': None, 'build_base': '/home/harsh/turtlebot3_ws/build/turtlebot3_gazebo', 'catkin_cmake_args': None, 'catkin_skip_building_tests': False, 'cmake_args': None, 'cmake_clean_cache': False, 'cmake_clean_first': False, 'cmake_force_configure': False, 'cmake_target': None, 'cmake_target_skip_unavailable': False, 'install_base': '/home/harsh/turtlebot3_ws/install/turtlebot3_gazebo', 'merge_install': False, 'path': '/home/harsh/turtlebot3_ws/src/turtlebot3_simulations/turtlebot3_gazebo', 'symlink_install': True, 'test_result_base': None}
[2.405s] Level 5:colcon.colcon_core.verb:set package 'turtlebot3_manipulation_gazebo' build argument 'cmake_args' from command line to 'None'
[2.405s] Level 5:colcon.colcon_core.verb:set package 'turtlebot3_manipulation_gazebo' build argument 'cmake_target' from command line to 'None'
[2.405s] Level 5:colcon.colcon_core.verb:set package 'turtlebot3_manipulation_gazebo' build argument 'cmake_target_skip_unavailable' from command line to 'False'
[2.405s] Level 5:colcon.colcon_core.verb:set package 'turtlebot3_manipulation_gazebo' build argument 'cmake_clean_cache' from command line to 'False'
[2.405s] Level 5:colcon.colcon_core.verb:set package 'turtlebot3_manipulation_gazebo' build argument 'cmake_clean_first' from command line to 'False'
[2.405s] Level 5:colcon.colcon_core.verb:set package 'turtlebot3_manipulation_gazebo' build argument 'cmake_force_configure' from command line to 'False'
[2.405s] Level 5:colcon.colcon_core.verb:set package 'turtlebot3_manipulation_gazebo' build argument 'ament_cmake_args' from command line to 'None'
[2.405s] Level 5:colcon.colcon_core.verb:set package 'turtlebot3_manipulation_gazebo' build argument 'catkin_cmake_args' from command line to 'None'
[2.405s] Level 5:colcon.colcon_core.verb:set package 'turtlebot3_manipulation_gazebo' build argument 'catkin_skip_building_tests' from command line to 'False'
[2.405s] DEBUG:colcon.colcon_core.verb:Building package 'turtlebot3_manipulation_gazebo' with the following arguments: {'ament_cmake_args': None, 'build_base': '/home/harsh/turtlebot3_ws/build/turtlebot3_manipulation_gazebo', 'catkin_cmake_args': None, 'catkin_skip_building_tests': False, 'cmake_args': None, 'cmake_clean_cache': False, 'cmake_clean_first': False, 'cmake_force_configure': False, 'cmake_target': None, 'cmake_target_skip_unavailable': False, 'install_base': '/home/harsh/turtlebot3_ws/install/turtlebot3_manipulation_gazebo', 'merge_install': False, 'path': '/home/harsh/turtlebot3_ws/src/turtlebot3_simulations/turtlebot3_manipulation_gazebo', 'symlink_install': True, 'test_result_base': None}
[2.406s] Level 5:colcon.colcon_core.verb:set package 'turtlebot3_simulations' build argument 'cmake_args' from command line to 'None'
[2.406s] Level 5:colcon.colcon_core.verb:set package 'turtlebot3_simulations' build argument 'cmake_target' from command line to 'None'
[2.406s] Level 5:colcon.colcon_core.verb:set package 'turtlebot3_simulations' build argument 'cmake_target_skip_unavailable' from command line to 'False'
[2.406s] Level 5:colcon.colcon_core.verb:set package 'turtlebot3_simulations' build argument 'cmake_clean_cache' from command line to 'False'
[2.406s] Level 5:colcon.colcon_core.verb:set package 'turtlebot3_simulations' build argument 'cmake_clean_first' from command line to 'False'
[2.406s] Level 5:colcon.colcon_core.verb:set package 'turtlebot3_simulations' build argument 'cmake_force_configure' from command line to 'False'
[2.406s] Level 5:colcon.colcon_core.verb:set package 'turtlebot3_simulations' build argument 'ament_cmake_args' from command line to 'None'
[2.406s] Level 5:colcon.colcon_core.verb:set package 'turtlebot3_simulations' build argument 'catkin_cmake_args' from command line to 'None'
[2.406s] Level 5:colcon.colcon_core.verb:set package 'turtlebot3_simulations' build argument 'catkin_skip_building_tests' from command line to 'False'
[2.406s] DEBUG:colcon.colcon_core.verb:Building package 'turtlebot3_simulations' with the following arguments: {'ament_cmake_args': None, 'build_base': '/home/harsh/turtlebot3_ws/build/turtlebot3_simulations', 'catkin_cmake_args': None, 'catkin_skip_building_tests': False, 'cmake_args': None, 'cmake_clean_cache': False, 'cmake_clean_first': False, 'cmake_force_configure': False, 'cmake_target': None, 'cmake_target_skip_unavailable': False, 'install_base': '/home/harsh/turtlebot3_ws/install/turtlebot3_simulations', 'merge_install': False, 'path': '/home/harsh/turtlebot3_ws/src/turtlebot3_simulations/turtlebot3_simulations', 'symlink_install': True, 'test_result_base': None}
[2.406s] INFO:colcon.colcon_core.executor:Executing jobs using 'parallel' executor
[2.408s] DEBUG:colcon.colcon_parallel_executor.executor.parallel:run_until_complete
[2.408s] INFO:colcon.colcon_ros.task.ament_cmake.build:Building ROS package in '/home/harsh/turtlebot3_ws/src/turtlebot3_simulations/turtlebot3_fake_node' with build type 'ament_cmake'
[2.408s] INFO:colcon.colcon_cmake.task.cmake.build:Building CMake package in '/home/harsh/turtlebot3_ws/src/turtlebot3_simulations/turtlebot3_fake_node'
[2.410s] INFO:colcon.colcon_core.plugin_system:Skipping extension 'colcon_core.shell.bat': Not used on non-Windows systems
[2.410s] INFO:colcon.colcon_core.shell:Skip shell extension 'powershell' for command environment: Not usable outside of PowerShell
[2.410s] DEBUG:colcon.colcon_core.shell:Skip shell extension 'dsv' for command environment
[2.414s] INFO:colcon.colcon_ros.task.ament_cmake.build:Building ROS package in '/home/harsh/turtlebot3_ws/src/turtlebot3_simulations/turtlebot3_gazebo' with build type 'ament_cmake'
[2.414s] INFO:colcon.colcon_cmake.task.cmake.build:Building CMake package in '/home/harsh/turtlebot3_ws/src/turtlebot3_simulations/turtlebot3_gazebo'
[2.414s] INFO:colcon.colcon_core.shell:Skip shell extension 'powershell' for command environment: Not usable outside of PowerShell
[2.414s] DEBUG:colcon.colcon_core.shell:Skip shell extension 'dsv' for command environment
[2.417s] INFO:colcon.colcon_ros.task.ament_cmake.build:Building ROS package in '/home/harsh/turtlebot3_ws/src/turtlebot3_simulations/turtlebot3_manipulation_gazebo' with build type 'ament_cmake'
[2.418s] INFO:colcon.colcon_cmake.task.cmake.build:Building CMake package in '/home/harsh/turtlebot3_ws/src/turtlebot3_simulations/turtlebot3_manipulation_gazebo'
[2.418s] INFO:colcon.colcon_core.shell:Skip shell extension 'powershell' for command environment: Not usable outside of PowerShell
[2.418s] DEBUG:colcon.colcon_core.shell:Skip shell extension 'dsv' for command environment
[2.426s] DEBUG:colcon.colcon_core.event_handler.log_command:Invoking command in '/home/harsh/turtlebot3_ws/build/turtlebot3_fake_node': CMAKE_PREFIX_PATH=/opt/ros/humble /usr/bin/cmake /home/harsh/turtlebot3_ws/src/turtlebot3_simulations/turtlebot3_fake_node -DAMENT_CMAKE_SYMLINK_INSTALL=1 -DCMAKE_INSTALL_PREFIX=/home/harsh/turtlebot3_ws/install/turtlebot3_fake_node
[2.429s] DEBUG:colcon.colcon_core.event_handler.log_command:Invoking command in '/home/harsh/turtlebot3_ws/build/turtlebot3_gazebo': CMAKE_PREFIX_PATH=/opt/ros/humble /usr/bin/cmake /home/harsh/turtlebot3_ws/src/turtlebot3_simulations/turtlebot3_gazebo -DAMENT_CMAKE_SYMLINK_INSTALL=1 -DCMAKE_INSTALL_PREFIX=/home/harsh/turtlebot3_ws/install/turtlebot3_gazebo
[2.432s] DEBUG:colcon.colcon_core.event_handler.log_command:Invoking command in '/home/harsh/turtlebot3_ws/build/turtlebot3_manipulation_gazebo': CMAKE_PREFIX_PATH=/opt/ros/humble /usr/bin/cmake /home/harsh/turtlebot3_ws/src/turtlebot3_simulations/turtlebot3_manipulation_gazebo -DAMENT_CMAKE_SYMLINK_INSTALL=1 -DCMAKE_INSTALL_PREFIX=/home/harsh/turtlebot3_ws/install/turtlebot3_manipulation_gazebo
[3.719s] DEBUG:colcon.colcon_core.event_handler.log_command:Invoked command in '/home/harsh/turtlebot3_ws/build/turtlebot3_manipulation_gazebo' returned '0': CMAKE_PREFIX_PATH=/opt/ros/humble /usr/bin/cmake /home/harsh/turtlebot3_ws/src/turtlebot3_simulations/turtlebot3_manipulation_gazebo -DAMENT_CMAKE_SYMLINK_INSTALL=1 -DCMAKE_INSTALL_PREFIX=/home/harsh/turtlebot3_ws/install/turtlebot3_manipulation_gazebo
[3.720s] DEBUG:colcon.colcon_core.event_handler.log_command:Invoking command in '/home/harsh/turtlebot3_ws/build/turtlebot3_manipulation_gazebo': CMAKE_PREFIX_PATH=/opt/ros/humble /usr/bin/cmake --build /home/harsh/turtlebot3_ws/build/turtlebot3_manipulation_gazebo -- -j8 -l8
[3.767s] DEBUG:colcon.colcon_core.event_handler.log_command:Invoked command in '/home/harsh/turtlebot3_ws/build/turtlebot3_manipulation_gazebo' returned '0': CMAKE_PREFIX_PATH=/opt/ros/humble /usr/bin/cmake --build /home/harsh/turtlebot3_ws/build/turtlebot3_manipulation_gazebo -- -j8 -l8
[3.779s] DEBUG:colcon.colcon_core.event_handler.log_command:Invoking command in '/home/harsh/turtlebot3_ws/build/turtlebot3_manipulation_gazebo': CMAKE_PREFIX_PATH=/opt/ros/humble /usr/bin/cmake --install /home/harsh/turtlebot3_ws/build/turtlebot3_manipulation_gazebo
[4.643s] Level 1:colcon.colcon_core.environment:create_environment_scripts_only(turtlebot3_manipulation_gazebo)
[4.644s] DEBUG:colcon.colcon_core.event_handler.log_command:Invoked command in '/home/harsh/turtlebot3_ws/build/turtlebot3_manipulation_gazebo' returned '0': CMAKE_PREFIX_PATH=/opt/ros/humble /usr/bin/cmake --install /home/harsh/turtlebot3_ws/build/turtlebot3_manipulation_gazebo
[4.646s] Level 1:colcon.colcon_core.environment:checking '/home/harsh/turtlebot3_ws/install/turtlebot3_manipulation_gazebo' for CMake module files
[4.647s] Level 1:colcon.colcon_core.environment:checking '/home/harsh/turtlebot3_ws/install/turtlebot3_manipulation_gazebo' for CMake config files
[4.648s] Level 1:colcon.colcon_core.shell:create_environment_hook('turtlebot3_manipulation_gazebo', 'cmake_prefix_path')
[4.648s] INFO:colcon.colcon_core.shell:Creating environment hook '/home/harsh/turtlebot3_ws/install/turtlebot3_manipulation_gazebo/share/turtlebot3_manipulation_gazebo/hook/cmake_prefix_path.ps1'
[4.692s] INFO:colcon.colcon_core.shell:Creating environment descriptor '/home/harsh/turtlebot3_ws/install/turtlebot3_manipulation_gazebo/share/turtlebot3_manipulation_gazebo/hook/cmake_prefix_path.dsv'
[4.709s] INFO:colcon.colcon_core.shell:Creating environment hook '/home/harsh/turtlebot3_ws/install/turtlebot3_manipulation_gazebo/share/turtlebot3_manipulation_gazebo/hook/cmake_prefix_path.sh'
[4.711s] Level 1:colcon.colcon_core.environment:checking '/home/harsh/turtlebot3_ws/install/turtlebot3_manipulation_gazebo/bin'
[4.712s] Level 1:colcon.colcon_core.environment:checking '/home/harsh/turtlebot3_ws/install/turtlebot3_manipulation_gazebo/lib/pkgconfig/turtlebot3_manipulation_gazebo.pc'
[4.712s] Level 1:colcon.colcon_core.environment:checking '/home/harsh/turtlebot3_ws/install/turtlebot3_manipulation_gazebo/lib/python3.10/site-packages'
[4.712s] Level 1:colcon.colcon_core.environment:checking '/home/harsh/turtlebot3_ws/install/turtlebot3_manipulation_gazebo/bin'
[4.713s] INFO:colcon.colcon_core.shell:Creating package script '/home/harsh/turtlebot3_ws/install/turtlebot3_manipulation_gazebo/share/turtlebot3_manipulation_gazebo/package.ps1'
[4.714s] INFO:colcon.colcon_core.shell:Creating package descriptor '/home/harsh/turtlebot3_ws/install/turtlebot3_manipulation_gazebo/share/turtlebot3_manipulation_gazebo/package.dsv'
[4.715s] INFO:colcon.colcon_core.shell:Creating package script '/home/harsh/turtlebot3_ws/install/turtlebot3_manipulation_gazebo/share/turtlebot3_manipulation_gazebo/package.sh'
[4.716s] INFO:colcon.colcon_core.shell:Creating package script '/home/harsh/turtlebot3_ws/install/turtlebot3_manipulation_gazebo/share/turtlebot3_manipulation_gazebo/package.bash'
[4.717s] INFO:colcon.colcon_core.shell:Creating package script '/home/harsh/turtlebot3_ws/install/turtlebot3_manipulation_gazebo/share/turtlebot3_manipulation_gazebo/package.zsh'
[4.718s] Level 1:colcon.colcon_core.environment:create_file_with_runtime_dependencies(/home/harsh/turtlebot3_ws/install/turtlebot3_manipulation_gazebo/share/colcon-core/packages/turtlebot3_manipulation_gazebo)
[4.719s] Level 1:colcon.colcon_core.environment:create_environment_scripts_only(turtlebot3_manipulation_gazebo)
[4.720s] Level 1:colcon.colcon_core.environment:checking '/home/harsh/turtlebot3_ws/install/turtlebot3_manipulation_gazebo' for CMake module files
[4.720s] Level 1:colcon.colcon_core.environment:checking '/home/harsh/turtlebot3_ws/install/turtlebot3_manipulation_gazebo' for CMake config files
[4.722s] Level 1:colcon.colcon_core.shell:create_environment_hook('turtlebot3_manipulation_gazebo', 'cmake_prefix_path')
[4.722s] INFO:colcon.colcon_core.shell:Creating environment hook '/home/harsh/turtlebot3_ws/install/turtlebot3_manipulation_gazebo/share/turtlebot3_manipulation_gazebo/hook/cmake_prefix_path.ps1'
[4.723s] INFO:colcon.colcon_core.shell:Creating environment descriptor '/home/harsh/turtlebot3_ws/install/turtlebot3_manipulation_gazebo/share/turtlebot3_manipulation_gazebo/hook/cmake_prefix_path.dsv'
[4.723s] INFO:colcon.colcon_core.shell:Creating environment hook '/home/harsh/turtlebot3_ws/install/turtlebot3_manipulation_gazebo/share/turtlebot3_manipulation_gazebo/hook/cmake_prefix_path.sh'
[4.724s] Level 1:colcon.colcon_core.environment:checking '/home/harsh/turtlebot3_ws/install/turtlebot3_manipulation_gazebo/bin'
[4.724s] Level 1:colcon.colcon_core.environment:checking '/home/harsh/turtlebot3_ws/install/turtlebot3_manipulation_gazebo/lib/pkgconfig/turtlebot3_manipulation_gazebo.pc'
[4.724s] Level 1:colcon.colcon_core.environment:checking '/home/harsh/turtlebot3_ws/install/turtlebot3_manipulation_gazebo/lib/python3.10/site-packages'
[4.725s] Level 1:colcon.colcon_core.environment:checking '/home/harsh/turtlebot3_ws/install/turtlebot3_manipulation_gazebo/bin'
[4.725s] INFO:colcon.colcon_core.shell:Creating package script '/home/harsh/turtlebot3_ws/install/turtlebot3_manipulation_gazebo/share/turtlebot3_manipulation_gazebo/package.ps1'
[4.726s] INFO:colcon.colcon_core.shell:Creating package descriptor '/home/harsh/turtlebot3_ws/install/turtlebot3_manipulation_gazebo/share/turtlebot3_manipulation_gazebo/package.dsv'
[4.726s] INFO:colcon.colcon_core.shell:Creating package script '/home/harsh/turtlebot3_ws/install/turtlebot3_manipulation_gazebo/share/turtlebot3_manipulation_gazebo/package.sh'
[4.726s] INFO:colcon.colcon_core.shell:Creating package script '/home/harsh/turtlebot3_ws/install/turtlebot3_manipulation_gazebo/share/turtlebot3_manipulation_gazebo/package.bash'
[4.727s] INFO:colcon.colcon_core.shell:Creating package script '/home/harsh/turtlebot3_ws/install/turtlebot3_manipulation_gazebo/share/turtlebot3_manipulation_gazebo/package.zsh'
[4.727s] Level 1:colcon.colcon_core.environment:create_file_with_runtime_dependencies(/home/harsh/turtlebot3_ws/install/turtlebot3_manipulation_gazebo/share/colcon-core/packages/turtlebot3_manipulation_gazebo)
[7.640s] DEBUG:colcon.colcon_core.event_handler.log_command:Invoked command in '/home/harsh/turtlebot3_ws/build/turtlebot3_fake_node' returned '0': CMAKE_PREFIX_PATH=/opt/ros/humble /usr/bin/cmake /home/harsh/turtlebot3_ws/src/turtlebot3_simulations/turtlebot3_fake_node -DAMENT_CMAKE_SYMLINK_INSTALL=1 -DCMAKE_INSTALL_PREFIX=/home/harsh/turtlebot3_ws/install/turtlebot3_fake_node
[7.642s] DEBUG:colcon.colcon_core.event_handler.log_command:Invoking command in '/home/harsh/turtlebot3_ws/build/turtlebot3_fake_node': CMAKE_PREFIX_PATH=/opt/ros/humble /usr/bin/cmake --build /home/harsh/turtlebot3_ws/build/turtlebot3_fake_node -- -j8 -l8
[12.248s] DEBUG:colcon.colcon_core.event_handler.log_command:Invoked command in '/home/harsh/turtlebot3_ws/build/turtlebot3_gazebo' returned '0': CMAKE_PREFIX_PATH=/opt/ros/humble /usr/bin/cmake /home/harsh/turtlebot3_ws/src/turtlebot3_simulations/turtlebot3_gazebo -DAMENT_CMAKE_SYMLINK_INSTALL=1 -DCMAKE_INSTALL_PREFIX=/home/harsh/turtlebot3_ws/install/turtlebot3_gazebo
[12.251s] DEBUG:colcon.colcon_core.event_handler.log_command:Invoking command in '/home/harsh/turtlebot3_ws/build/turtlebot3_gazebo': CMAKE_PREFIX_PATH=/opt/ros/humble /usr/bin/cmake --build /home/harsh/turtlebot3_ws/build/turtlebot3_gazebo -- -j8 -l8
[42.682s] DEBUG:colcon.colcon_core.event_handler.log_command:Invoked command in '/home/harsh/turtlebot3_ws/build/turtlebot3_fake_node' returned '0': CMAKE_PREFIX_PATH=/opt/ros/humble /usr/bin/cmake --build /home/harsh/turtlebot3_ws/build/turtlebot3_fake_node -- -j8 -l8
[43.201s] DEBUG:colcon.colcon_core.event_handler.log_command:Invoking command in '/home/harsh/turtlebot3_ws/build/turtlebot3_fake_node': CMAKE_PREFIX_PATH=/opt/ros/humble /usr/bin/cmake --install /home/harsh/turtlebot3_ws/build/turtlebot3_fake_node
[44.006s] DEBUG:colcon.colcon_core.event_handler.log_command:Invoked command in '/home/harsh/turtlebot3_ws/build/turtlebot3_fake_node' returned '0': CMAKE_PREFIX_PATH=/opt/ros/humble /usr/bin/cmake --install /home/harsh/turtlebot3_ws/build/turtlebot3_fake_node
[43.980s] Level 1:colcon.colcon_core.environment:create_environment_scripts_only(turtlebot3_fake_node)
[44.763s] Level 1:colcon.colcon_core.environment:checking '/home/harsh/turtlebot3_ws/install/turtlebot3_fake_node' for CMake module files
[44.808s] Level 1:colcon.colcon_core.environment:checking '/home/harsh/turtlebot3_ws/install/turtlebot3_fake_node' for CMake config files
[44.889s] Level 1:colcon.colcon_core.shell:create_environment_hook('turtlebot3_fake_node', 'cmake_prefix_path')
[44.907s] INFO:colcon.colcon_core.shell:Creating environment hook '/home/harsh/turtlebot3_ws/install/turtlebot3_fake_node/share/turtlebot3_fake_node/hook/cmake_prefix_path.ps1'
[45.318s] INFO:colcon.colcon_core.shell:Creating environment descriptor '/home/harsh/turtlebot3_ws/install/turtlebot3_fake_node/share/turtlebot3_fake_node/hook/cmake_prefix_path.dsv'
[45.387s] INFO:colcon.colcon_core.shell:Creating environment hook '/home/harsh/turtlebot3_ws/install/turtlebot3_fake_node/share/turtlebot3_fake_node/hook/cmake_prefix_path.sh'
[45.887s] Level 1:colcon.colcon_core.environment:checking '/home/harsh/turtlebot3_ws/install/turtlebot3_fake_node/lib'
[46.052s] Level 1:colcon.colcon_core.environment:checking '/home/harsh/turtlebot3_ws/install/turtlebot3_fake_node/bin'
[46.054s] Level 1:colcon.colcon_core.environment:checking '/home/harsh/turtlebot3_ws/install/turtlebot3_fake_node/lib/pkgconfig/turtlebot3_fake_node.pc'
[46.375s] Level 1:colcon.colcon_core.environment:checking '/home/harsh/turtlebot3_ws/install/turtlebot3_fake_node/lib/python3.10/site-packages'
[46.377s] Level 1:colcon.colcon_core.environment:checking '/home/harsh/turtlebot3_ws/install/turtlebot3_fake_node/bin'
[46.384s] INFO:colcon.colcon_core.shell:Creating package script '/home/harsh/turtlebot3_ws/install/turtlebot3_fake_node/share/turtlebot3_fake_node/package.ps1'
[46.390s] INFO:colcon.colcon_core.shell:Creating package descriptor '/home/harsh/turtlebot3_ws/install/turtlebot3_fake_node/share/turtlebot3_fake_node/package.dsv'
[46.392s] INFO:colcon.colcon_core.shell:Creating package script '/home/harsh/turtlebot3_ws/install/turtlebot3_fake_node/share/turtlebot3_fake_node/package.sh'
[46.420s] INFO:colcon.colcon_core.shell:Creating package script '/home/harsh/turtlebot3_ws/install/turtlebot3_fake_node/share/turtlebot3_fake_node/package.bash'
[46.459s] INFO:colcon.colcon_core.shell:Creating package script '/home/harsh/turtlebot3_ws/install/turtlebot3_fake_node/share/turtlebot3_fake_node/package.zsh'
[46.467s] Level 1:colcon.colcon_core.environment:create_file_with_runtime_dependencies(/home/harsh/turtlebot3_ws/install/turtlebot3_fake_node/share/colcon-core/packages/turtlebot3_fake_node)
[46.474s] Level 1:colcon.colcon_core.environment:create_environment_scripts_only(turtlebot3_fake_node)
[46.477s] Level 1:colcon.colcon_core.environment:checking '/home/harsh/turtlebot3_ws/install/turtlebot3_fake_node' for CMake module files
[46.479s] Level 1:colcon.colcon_core.environment:checking '/home/harsh/turtlebot3_ws/install/turtlebot3_fake_node' for CMake config files
[46.479s] Level 1:colcon.colcon_core.shell:create_environment_hook('turtlebot3_fake_node', 'cmake_prefix_path')
[46.480s] INFO:colcon.colcon_core.shell:Creating environment hook '/home/harsh/turtlebot3_ws/install/turtlebot3_fake_node/share/turtlebot3_fake_node/hook/cmake_prefix_path.ps1'
[46.481s] INFO:colcon.colcon_core.shell:Creating environment descriptor '/home/harsh/turtlebot3_ws/install/turtlebot3_fake_node/share/turtlebot3_fake_node/hook/cmake_prefix_path.dsv'
[46.482s] INFO:colcon.colcon_core.shell:Creating environment hook '/home/harsh/turtlebot3_ws/install/turtlebot3_fake_node/share/turtlebot3_fake_node/hook/cmake_prefix_path.sh'
[46.483s] Level 1:colcon.colcon_core.environment:checking '/home/harsh/turtlebot3_ws/install/turtlebot3_fake_node/lib'
[46.621s] Level 1:colcon.colcon_core.environment:checking '/home/harsh/turtlebot3_ws/install/turtlebot3_fake_node/bin'
[46.621s] Level 1:colcon.colcon_core.environment:checking '/home/harsh/turtlebot3_ws/install/turtlebot3_fake_node/lib/pkgconfig/turtlebot3_fake_node.pc'
[46.622s] Level 1:colcon.colcon_core.environment:checking '/home/harsh/turtlebot3_ws/install/turtlebot3_fake_node/lib/python3.10/site-packages'
[46.622s] Level 1:colcon.colcon_core.environment:checking '/home/harsh/turtlebot3_ws/install/turtlebot3_fake_node/bin'
[46.803s] INFO:colcon.colcon_core.shell:Creating package script '/home/harsh/turtlebot3_ws/install/turtlebot3_fake_node/share/turtlebot3_fake_node/package.ps1'
[46.805s] INFO:colcon.colcon_core.shell:Creating package descriptor '/home/harsh/turtlebot3_ws/install/turtlebot3_fake_node/share/turtlebot3_fake_node/package.dsv'
[46.930s] INFO:colcon.colcon_core.shell:Creating package script '/home/harsh/turtlebot3_ws/install/turtlebot3_fake_node/share/turtlebot3_fake_node/package.sh'
[46.932s] INFO:colcon.colcon_core.shell:Creating package script '/home/harsh/turtlebot3_ws/install/turtlebot3_fake_node/share/turtlebot3_fake_node/package.bash'
[46.933s] INFO:colcon.colcon_core.shell:Creating package script '/home/harsh/turtlebot3_ws/install/turtlebot3_fake_node/share/turtlebot3_fake_node/package.zsh'
[46.935s] Level 1:colcon.colcon_core.environment:create_file_with_runtime_dependencies(/home/harsh/turtlebot3_ws/install/turtlebot3_fake_node/share/colcon-core/packages/turtlebot3_fake_node)
[86.384s] DEBUG:colcon.colcon_core.event_handler.log_command:Invoked command in '/home/harsh/turtlebot3_ws/build/turtlebot3_gazebo' returned '0': CMAKE_PREFIX_PATH=/opt/ros/humble /usr/bin/cmake --build /home/harsh/turtlebot3_ws/build/turtlebot3_gazebo -- -j8 -l8
[86.593s] DEBUG:colcon.colcon_core.event_handler.log_command:Invoking command in '/home/harsh/turtlebot3_ws/build/turtlebot3_gazebo': CMAKE_PREFIX_PATH=/opt/ros/humble /usr/bin/cmake --install /home/harsh/turtlebot3_ws/build/turtlebot3_gazebo
[91.685s] Level 1:colcon.colcon_core.environment:create_environment_scripts_only(turtlebot3_gazebo)
[91.692s] DEBUG:colcon.colcon_core.event_handler.log_command:Invoked command in '/home/harsh/turtlebot3_ws/build/turtlebot3_gazebo' returned '0': CMAKE_PREFIX_PATH=/opt/ros/humble /usr/bin/cmake --install /home/harsh/turtlebot3_ws/build/turtlebot3_gazebo
[91.692s] Level 1:colcon.colcon_core.environment:checking '/home/harsh/turtlebot3_ws/install/turtlebot3_gazebo' for CMake module files
[91.693s] Level 1:colcon.colcon_core.environment:checking '/home/harsh/turtlebot3_ws/install/turtlebot3_gazebo' for CMake config files
[91.720s] Level 1:colcon.colcon_core.shell:create_environment_hook('turtlebot3_gazebo', 'cmake_prefix_path')
[91.721s] INFO:colcon.colcon_core.shell:Creating environment hook '/home/harsh/turtlebot3_ws/install/turtlebot3_gazebo/share/turtlebot3_gazebo/hook/cmake_prefix_path.ps1'
[91.772s] INFO:colcon.colcon_core.shell:Creating environment descriptor '/home/harsh/turtlebot3_ws/install/turtlebot3_gazebo/share/turtlebot3_gazebo/hook/cmake_prefix_path.dsv'
[91.773s] INFO:colcon.colcon_core.shell:Creating environment hook '/home/harsh/turtlebot3_ws/install/turtlebot3_gazebo/share/turtlebot3_gazebo/hook/cmake_prefix_path.sh'
[91.792s] Level 1:colcon.colcon_core.environment:checking '/home/harsh/turtlebot3_ws/install/turtlebot3_gazebo/lib'
[91.792s] Level 1:colcon.colcon_core.environment:checking '/home/harsh/turtlebot3_ws/install/turtlebot3_gazebo/bin'
[91.801s] Level 1:colcon.colcon_core.environment:checking '/home/harsh/turtlebot3_ws/install/turtlebot3_gazebo/lib/pkgconfig/turtlebot3_gazebo.pc'
[91.801s] Level 1:colcon.colcon_core.environment:checking '/home/harsh/turtlebot3_ws/install/turtlebot3_gazebo/lib/python3.10/site-packages'
[91.801s] Level 1:colcon.colcon_core.environment:checking '/home/harsh/turtlebot3_ws/install/turtlebot3_gazebo/bin'
[91.802s] INFO:colcon.colcon_core.shell:Creating package script '/home/harsh/turtlebot3_ws/install/turtlebot3_gazebo/share/turtlebot3_gazebo/package.ps1'
[91.802s] INFO:colcon.colcon_core.shell:Creating package descriptor '/home/harsh/turtlebot3_ws/install/turtlebot3_gazebo/share/turtlebot3_gazebo/package.dsv'
[91.803s] INFO:colcon.colcon_core.shell:Creating package script '/home/harsh/turtlebot3_ws/install/turtlebot3_gazebo/share/turtlebot3_gazebo/package.sh'
[91.833s] INFO:colcon.colcon_core.shell:Creating package script '/home/harsh/turtlebot3_ws/install/turtlebot3_gazebo/share/turtlebot3_gazebo/package.bash'
[91.843s] INFO:colcon.colcon_core.shell:Creating package script '/home/harsh/turtlebot3_ws/install/turtlebot3_gazebo/share/turtlebot3_gazebo/package.zsh'
[91.844s] Level 1:colcon.colcon_core.environment:create_file_with_runtime_dependencies(/home/harsh/turtlebot3_ws/install/turtlebot3_gazebo/share/colcon-core/packages/turtlebot3_gazebo)
[91.882s] Level 1:colcon.colcon_core.environment:create_environment_scripts_only(turtlebot3_gazebo)
[91.882s] Level 1:colcon.colcon_core.environment:checking '/home/harsh/turtlebot3_ws/install/turtlebot3_gazebo' for CMake module files
[91.883s] Level 1:colcon.colcon_core.environment:checking '/home/harsh/turtlebot3_ws/install/turtlebot3_gazebo' for CMake config files
[91.885s] Level 1:colcon.colcon_core.shell:create_environment_hook('turtlebot3_gazebo', 'cmake_prefix_path')
[91.886s] INFO:colcon.colcon_core.shell:Creating environment hook '/home/harsh/turtlebot3_ws/install/turtlebot3_gazebo/share/turtlebot3_gazebo/hook/cmake_prefix_path.ps1'
[91.886s] INFO:colcon.colcon_core.shell:Creating environment descriptor '/home/harsh/turtlebot3_ws/install/turtlebot3_gazebo/share/turtlebot3_gazebo/hook/cmake_prefix_path.dsv'
[91.887s] INFO:colcon.colcon_core.shell:Creating environment hook '/home/harsh/turtlebot3_ws/install/turtlebot3_gazebo/share/turtlebot3_gazebo/hook/cmake_prefix_path.sh'
[91.888s] Level 1:colcon.colcon_core.environment:checking '/home/harsh/turtlebot3_ws/install/turtlebot3_gazebo/lib'
[91.888s] Level 1:colcon.colcon_core.environment:checking '/home/harsh/turtlebot3_ws/install/turtlebot3_gazebo/bin'
[91.943s] Level 1:colcon.colcon_core.environment:checking '/home/harsh/turtlebot3_ws/install/turtlebot3_gazebo/lib/pkgconfig/turtlebot3_gazebo.pc'
[91.944s] Level 1:colcon.colcon_core.environment:checking '/home/harsh/turtlebot3_ws/install/turtlebot3_gazebo/lib/python3.10/site-packages'
[91.944s] Level 1:colcon.colcon_core.environment:checking '/home/harsh/turtlebot3_ws/install/turtlebot3_gazebo/bin'
[91.953s] INFO:colcon.colcon_core.shell:Creating package script '/home/harsh/turtlebot3_ws/install/turtlebot3_gazebo/share/turtlebot3_gazebo/package.ps1'
[91.954s] INFO:colcon.colcon_core.shell:Creating package descriptor '/home/harsh/turtlebot3_ws/install/turtlebot3_gazebo/share/turtlebot3_gazebo/package.dsv'
[91.955s] INFO:colcon.colcon_core.shell:Creating package script '/home/harsh/turtlebot3_ws/install/turtlebot3_gazebo/share/turtlebot3_gazebo/package.sh'
[91.956s] INFO:colcon.colcon_core.shell:Creating package script '/home/harsh/turtlebot3_ws/install/turtlebot3_gazebo/share/turtlebot3_gazebo/package.bash'
[91.956s] INFO:colcon.colcon_core.shell:Creating package script '/home/harsh/turtlebot3_ws/install/turtlebot3_gazebo/share/turtlebot3_gazebo/package.zsh'
[92.016s] Level 1:colcon.colcon_core.environment:create_file_with_runtime_dependencies(/home/harsh/turtlebot3_ws/install/turtlebot3_gazebo/share/colcon-core/packages/turtlebot3_gazebo)
[92.217s] INFO:colcon.colcon_ros.task.ament_cmake.build:Building ROS package in '/home/harsh/turtlebot3_ws/src/turtlebot3_simulations/turtlebot3_simulations' with build type 'ament_cmake'
[92.217s] INFO:colcon.colcon_cmake.task.cmake.build:Building CMake package in '/home/harsh/turtlebot3_ws/src/turtlebot3_simulations/turtlebot3_simulations'
[92.338s] INFO:colcon.colcon_core.shell:Skip shell extension 'powershell' for command environment: Not usable outside of PowerShell
[92.338s] DEBUG:colcon.colcon_core.shell:Skip shell extension 'dsv' for command environment
[95.275s] DEBUG:colcon.colcon_core.event_handler.log_command:Invoking command in '/home/harsh/turtlebot3_ws/build/turtlebot3_simulations': AMENT_PREFIX_PATH=/home/harsh/turtlebot3_ws/install/turtlebot3_manipulation_gazebo:/home/harsh/turtlebot3_ws/install/turtlebot3_gazebo:/home/harsh/turtlebot3_ws/install/turtlebot3_fake_node:${AMENT_PREFIX_PATH} CMAKE_PREFIX_PATH=/home/harsh/turtlebot3_ws/install/turtlebot3_manipulation_gazebo:/home/harsh/turtlebot3_ws/install/turtlebot3_gazebo:/home/harsh/turtlebot3_ws/install/turtlebot3_fake_node:/opt/ros/humble /usr/bin/cmake /home/harsh/turtlebot3_ws/src/turtlebot3_simulations/turtlebot3_simulations -DAMENT_CMAKE_SYMLINK_INSTALL=1 -DCMAKE_INSTALL_PREFIX=/home/harsh/turtlebot3_ws/install/turtlebot3_simulations
[161.211s] DEBUG:colcon.colcon_core.event_handler.log_command:Invoked command in '/home/harsh/turtlebot3_ws/build/turtlebot3_simulations' returned '0': AMENT_PREFIX_PATH=/home/harsh/turtlebot3_ws/install/turtlebot3_manipulation_gazebo:/home/harsh/turtlebot3_ws/install/turtlebot3_gazebo:/home/harsh/turtlebot3_ws/install/turtlebot3_fake_node:${AMENT_PREFIX_PATH} CMAKE_PREFIX_PATH=/home/harsh/turtlebot3_ws/install/turtlebot3_manipulation_gazebo:/home/harsh/turtlebot3_ws/install/turtlebot3_gazebo:/home/harsh/turtlebot3_ws/install/turtlebot3_fake_node:/opt/ros/humble /usr/bin/cmake /home/harsh/turtlebot3_ws/src/turtlebot3_simulations/turtlebot3_simulations -DAMENT_CMAKE_SYMLINK_INSTALL=1 -DCMAKE_INSTALL_PREFIX=/home/harsh/turtlebot3_ws/install/turtlebot3_simulations
[161.286s] DEBUG:colcon.colcon_core.event_handler.log_command:Invoking command in '/home/harsh/turtlebot3_ws/build/turtlebot3_simulations': AMENT_PREFIX_PATH=/home/harsh/turtlebot3_ws/install/turtlebot3_manipulation_gazebo:/home/harsh/turtlebot3_ws/install/turtlebot3_gazebo:/home/harsh/turtlebot3_ws/install/turtlebot3_fake_node:${AMENT_PREFIX_PATH} CMAKE_PREFIX_PATH=/home/harsh/turtlebot3_ws/install/turtlebot3_manipulation_gazebo:/home/harsh/turtlebot3_ws/install/turtlebot3_gazebo:/home/harsh/turtlebot3_ws/install/turtlebot3_fake_node:/opt/ros/humble /usr/bin/cmake --build /home/harsh/turtlebot3_ws/build/turtlebot3_simulations -- -j8 -l8
[161.305s] DEBUG:colcon.colcon_core.event_handler.log_command:Invoked command in '/home/harsh/turtlebot3_ws/build/turtlebot3_simulations' returned '0': AMENT_PREFIX_PATH=/home/harsh/turtlebot3_ws/install/turtlebot3_manipulation_gazebo:/home/harsh/turtlebot3_ws/install/turtlebot3_gazebo:/home/harsh/turtlebot3_ws/install/turtlebot3_fake_node:${AMENT_PREFIX_PATH} CMAKE_PREFIX_PATH=/home/harsh/turtlebot3_ws/install/turtlebot3_manipulation_gazebo:/home/harsh/turtlebot3_ws/install/turtlebot3_gazebo:/home/harsh/turtlebot3_ws/install/turtlebot3_fake_node:/opt/ros/humble /usr/bin/cmake --build /home/harsh/turtlebot3_ws/build/turtlebot3_simulations -- -j8 -l8
[161.307s] DEBUG:colcon.colcon_core.event_handler.log_command:Invoking command in '/home/harsh/turtlebot3_ws/build/turtlebot3_simulations': AMENT_PREFIX_PATH=/home/harsh/turtlebot3_ws/install/turtlebot3_manipulation_gazebo:/home/harsh/turtlebot3_ws/install/turtlebot3_gazebo:/home/harsh/turtlebot3_ws/install/turtlebot3_fake_node:${AMENT_PREFIX_PATH} CMAKE_PREFIX_PATH=/home/harsh/turtlebot3_ws/install/turtlebot3_manipulation_gazebo:/home/harsh/turtlebot3_ws/install/turtlebot3_gazebo:/home/harsh/turtlebot3_ws/install/turtlebot3_fake_node:/opt/ros/humble /usr/bin/cmake --install /home/harsh/turtlebot3_ws/build/turtlebot3_simulations
[161.487s] Level 1:colcon.colcon_core.environment:create_environment_scripts_only(turtlebot3_simulations)
[161.489s] Level 1:colcon.colcon_core.environment:checking '/home/harsh/turtlebot3_ws/install/turtlebot3_simulations' for CMake module files
[161.490s] DEBUG:colcon.colcon_core.event_handler.log_command:Invoked command in '/home/harsh/turtlebot3_ws/build/turtlebot3_simulations' returned '0': AMENT_PREFIX_PATH=/home/harsh/turtlebot3_ws/install/turtlebot3_manipulation_gazebo:/home/harsh/turtlebot3_ws/install/turtlebot3_gazebo:/home/harsh/turtlebot3_ws/install/turtlebot3_fake_node:${AMENT_PREFIX_PATH} CMAKE_PREFIX_PATH=/home/harsh/turtlebot3_ws/install/turtlebot3_manipulation_gazebo:/home/harsh/turtlebot3_ws/install/turtlebot3_gazebo:/home/harsh/turtlebot3_ws/install/turtlebot3_fake_node:/opt/ros/humble /usr/bin/cmake --install /home/harsh/turtlebot3_ws/build/turtlebot3_simulations
[161.491s] Level 1:colcon.colcon_core.environment:checking '/home/harsh/turtlebot3_ws/install/turtlebot3_simulations' for CMake config files
[161.491s] Level 1:colcon.colcon_core.shell:create_environment_hook('turtlebot3_simulations', 'cmake_prefix_path')
[161.491s] INFO:colcon.colcon_core.shell:Creating environment hook '/home/harsh/turtlebot3_ws/install/turtlebot3_simulations/share/turtlebot3_simulations/hook/cmake_prefix_path.ps1'
[161.492s] INFO:colcon.colcon_core.shell:Creating environment descriptor '/home/harsh/turtlebot3_ws/install/turtlebot3_simulations/share/turtlebot3_simulations/hook/cmake_prefix_path.dsv'
[161.493s] INFO:colcon.colcon_core.shell:Creating environment hook '/home/harsh/turtlebot3_ws/install/turtlebot3_simulations/share/turtlebot3_simulations/hook/cmake_prefix_path.sh'
[161.493s] Level 1:colcon.colcon_core.environment:checking '/home/harsh/turtlebot3_ws/install/turtlebot3_simulations/bin'
[161.493s] Level 1:colcon.colcon_core.environment:checking '/home/harsh/turtlebot3_ws/install/turtlebot3_simulations/lib/pkgconfig/turtlebot3_simulations.pc'
[161.494s] Level 1:colcon.colcon_core.environment:checking '/home/harsh/turtlebot3_ws/install/turtlebot3_simulations/lib/python3.10/site-packages'
[161.494s] Level 1:colcon.colcon_core.environment:checking '/home/harsh/turtlebot3_ws/install/turtlebot3_simulations/bin'
[161.495s] INFO:colcon.colcon_core.shell:Creating package script '/home/harsh/turtlebot3_ws/install/turtlebot3_simulations/share/turtlebot3_simulations/package.ps1'
[161.495s] INFO:colcon.colcon_core.shell:Creating package descriptor '/home/harsh/turtlebot3_ws/install/turtlebot3_simulations/share/turtlebot3_simulations/package.dsv'
[161.496s] INFO:colcon.colcon_core.shell:Creating package script '/home/harsh/turtlebot3_ws/install/turtlebot3_simulations/share/turtlebot3_simulations/package.sh'
[161.496s] INFO:colcon.colcon_core.shell:Creating package script '/home/harsh/turtlebot3_ws/install/turtlebot3_simulations/share/turtlebot3_simulations/package.bash'
[161.497s] INFO:colcon.colcon_core.shell:Creating package script '/home/harsh/turtlebot3_ws/install/turtlebot3_simulations/share/turtlebot3_simulations/package.zsh'
[161.497s] Level 1:colcon.colcon_core.environment:create_file_with_runtime_dependencies(/home/harsh/turtlebot3_ws/install/turtlebot3_simulations/share/colcon-core/packages/turtlebot3_simulations)
[161.498s] Level 1:colcon.colcon_core.environment:create_environment_scripts_only(turtlebot3_simulations)
[161.499s] Level 1:colcon.colcon_core.environment:checking '/home/harsh/turtlebot3_ws/install/turtlebot3_simulations' for CMake module files
[161.499s] Level 1:colcon.colcon_core.environment:checking '/home/harsh/turtlebot3_ws/install/turtlebot3_simulations' for CMake config files
[161.500s] Level 1:colcon.colcon_core.shell:create_environment_hook('turtlebot3_simulations', 'cmake_prefix_path')
[161.500s] INFO:colcon.colcon_core.shell:Creating environment hook '/home/harsh/turtlebot3_ws/install/turtlebot3_simulations/share/turtlebot3_simulations/hook/cmake_prefix_path.ps1'
[161.501s] INFO:colcon.colcon_core.shell:Creating environment descriptor '/home/harsh/turtlebot3_ws/install/turtlebot3_simulations/share/turtlebot3_simulations/hook/cmake_prefix_path.dsv'
[161.501s] INFO:colcon.colcon_core.shell:Creating environment hook '/home/harsh/turtlebot3_ws/install/turtlebot3_simulations/share/turtlebot3_simulations/hook/cmake_prefix_path.sh'
[161.502s] Level 1:colcon.colcon_core.environment:checking '/home/harsh/turtlebot3_ws/install/turtlebot3_simulations/bin'
[161.502s] Level 1:colcon.colcon_core.environment:checking '/home/harsh/turtlebot3_ws/install/turtlebot3_simulations/lib/pkgconfig/turtlebot3_simulations.pc'
[161.502s] Level 1:colcon.colcon_core.environment:checking '/home/harsh/turtlebot3_ws/install/turtlebot3_simulations/lib/python3.10/site-packages'
[161.502s] Level 1:colcon.colcon_core.environment:checking '/home/harsh/turtlebot3_ws/install/turtlebot3_simulations/bin'
[161.503s] INFO:colcon.colcon_core.shell:Creating package script '/home/harsh/turtlebot3_ws/install/turtlebot3_simulations/share/turtlebot3_simulations/package.ps1'
[161.503s] INFO:colcon.colcon_core.shell:Creating package descriptor '/home/harsh/turtlebot3_ws/install/turtlebot3_simulations/share/turtlebot3_simulations/package.dsv'
[161.504s] INFO:colcon.colcon_core.shell:Creating package script '/home/harsh/turtlebot3_ws/install/turtlebot3_simulations/share/turtlebot3_simulations/package.sh'
[161.504s] INFO:colcon.colcon_core.shell:Creating package script '/home/harsh/turtlebot3_ws/install/turtlebot3_simulations/share/turtlebot3_simulations/package.bash'
[161.505s] INFO:colcon.colcon_core.shell:Creating package script '/home/harsh/turtlebot3_ws/install/turtlebot3_simulations/share/turtlebot3_simulations/package.zsh'
[161.505s] Level 1:colcon.colcon_core.environment:create_file_with_runtime_dependencies(/home/harsh/turtlebot3_ws/install/turtlebot3_simulations/share/colcon-core/packages/turtlebot3_simulations)
[161.915s] DEBUG:colcon.colcon_parallel_executor.executor.parallel:closing loop
[162.136s] DEBUG:colcon.colcon_parallel_executor.executor.parallel:loop closed
[162.178s] DEBUG:colcon.colcon_parallel_executor.executor.parallel:run_until_complete finished with '0'
[162.333s] DEBUG:colcon.colcon_core.event_reactor:joining thread
[170.319s] INFO:colcon.colcon_core.plugin_system:Skipping extension 'colcon_notification.desktop_notification.terminal_notifier': Not used on non-Darwin systems
[170.319s] INFO:colcon.colcon_core.plugin_system:Skipping extension 'colcon_notification.desktop_notification.win32': Not used on non-Windows systems
[170.355s] INFO:colcon.colcon_notification.desktop_notification:Sending desktop notification using 'notify2'
[185.818s] DEBUG:colcon.colcon_core.event_reactor:joined thread
[186.210s] INFO:colcon.colcon_core.shell:Creating prefix script '/home/harsh/turtlebot3_ws/install/local_setup.ps1'
[186.605s] INFO:colcon.colcon_core.shell:Creating prefix util module '/home/harsh/turtlebot3_ws/install/_local_setup_util_ps1.py'
[187.131s] INFO:colcon.colcon_core.shell:Creating prefix chain script '/home/harsh/turtlebot3_ws/install/setup.ps1'
[187.739s] INFO:colcon.colcon_core.shell:Creating prefix script '/home/harsh/turtlebot3_ws/install/local_setup.sh'
[187.792s] INFO:colcon.colcon_core.shell:Creating prefix util module '/home/harsh/turtlebot3_ws/install/_local_setup_util_sh.py'
[187.793s] INFO:colcon.colcon_core.shell:Creating prefix chain script '/home/harsh/turtlebot3_ws/install/setup.sh'
[187.852s] INFO:colcon.colcon_core.shell:Creating prefix script '/home/harsh/turtlebot3_ws/install/local_setup.bash'
[188.697s] INFO:colcon.colcon_core.shell:Creating prefix chain script '/home/harsh/turtlebot3_ws/install/setup.bash'
[188.723s] INFO:colcon.colcon_core.shell:Creating prefix script '/home/harsh/turtlebot3_ws/install/local_setup.zsh'
[189.402s] INFO:colcon.colcon_core.shell:Creating prefix chain script '/home/harsh/turtlebot3_ws/install/setup.zsh'
