[0.077s] DEBUG:colcon:Command line arguments: ['/usr/bin/colcon', 'build']
[0.077s] DEBUG:colcon:Parsed command line arguments: Namespace(log_base=None, log_level=None, verb_name='build', build_base='build', install_base='install', merge_install=False, symlink_install=False, test_result_base=None, continue_on_error=False, executor='parallel', parallel_workers=8, event_handlers=None, ignore_user_meta=False, metas=['./colcon.meta'], base_paths=['.'], packages_ignore=None, packages_ignore_regex=None, paths=None, packages_up_to=None, packages_up_to_regex=None, packages_above=None, packages_above_and_dependencies=None, packages_above_depth=None, packages_select_by_dep=None, packages_skip_by_dep=None, packages_skip_up_to=None, packages_select_build_failed=False, packages_skip_build_finished=False, packages_select_test_failures=False, packages_skip_test_passed=False, packages_select=None, packages_skip=None, packages_select_regex=None, packages_skip_regex=None, packages_start=None, packages_end=None, allow_overriding=[], cmake_args=None, cmake_target=None, cmake_target_skip_unavailable=False, cmake_clean_cache=False, cmake_clean_first=False, cmake_force_configure=False, ament_cmake_args=None, catkin_cmake_args=None, catkin_skip_building_tests=False, mixin_files=None, mixin=None, verb_parser=<colcon_mixin.mixin.mixin_argument.MixinArgumentDecorator object at 0x70d1aa65e2f0>, verb_extension=<colcon_core.verb.build.BuildVerb object at 0x70d1aa65de10>, main=<bound method BuildVerb.main of <colcon_core.verb.build.BuildVerb object at 0x70d1aa65de10>>, mixin_verb=('build',))
[0.200s] Level 1:colcon.colcon_core.package_discovery:discover_packages(colcon_meta) check parameters
[0.200s] Level 1:colcon.colcon_core.package_discovery:discover_packages(recursive) check parameters
[0.200s] Level 1:colcon.colcon_core.package_discovery:discover_packages(ignore) check parameters
[0.200s] Level 1:colcon.colcon_core.package_discovery:discover_packages(path) check parameters
[0.200s] Level 1:colcon.colcon_core.package_discovery:discover_packages(colcon_meta) discover
[0.200s] Level 1:colcon.colcon_core.package_discovery:discover_packages(recursive) discover
[0.200s] INFO:colcon.colcon_core.package_discovery:Crawling recursively for packages in '/home/harsh/turtlebot3_ws'
[0.200s] Level 1:colcon.colcon_core.package_identification:_identify(.) by extensions ['ignore', 'ignore_ament_install']
[0.200s] Level 1:colcon.colcon_core.package_identification:_identify(.) by extension 'ignore'
[0.200s] Level 1:colcon.colcon_core.package_identification:_identify(.) by extension 'ignore_ament_install'
[0.200s] Level 1:colcon.colcon_core.package_identification:_identify(.) by extensions ['colcon_pkg']
[0.200s] Level 1:colcon.colcon_core.package_identification:_identify(.) by extension 'colcon_pkg'
[0.200s] Level 1:colcon.colcon_core.package_identification:_identify(.) by extensions ['colcon_meta']
[0.200s] Level 1:colcon.colcon_core.package_identification:_identify(.) by extension 'colcon_meta'
[0.200s] Level 1:colcon.colcon_core.package_identification:_identify(.) by extensions ['ros']
[0.201s] Level 1:colcon.colcon_core.package_identification:_identify(.) by extension 'ros'
[0.209s] Level 1:colcon.colcon_core.package_identification:_identify(.) by extensions ['cmake', 'python']
[0.209s] Level 1:colcon.colcon_core.package_identification:_identify(.) by extension 'cmake'
[0.209s] Level 1:colcon.colcon_core.package_identification:_identify(.) by extension 'python'
[0.209s] Level 1:colcon.colcon_core.package_identification:_identify(.) by extensions ['python_setup_py']
[0.209s] Level 1:colcon.colcon_core.package_identification:_identify(.) by extension 'python_setup_py'
[0.209s] Level 1:colcon.colcon_core.package_identification:_identify(build) by extensions ['ignore', 'ignore_ament_install']
[0.209s] Level 1:colcon.colcon_core.package_identification:_identify(build) by extension 'ignore'
[0.209s] Level 1:colcon.colcon_core.package_identification:_identify(build) ignored
[0.209s] Level 1:colcon.colcon_core.package_identification:_identify(install) by extensions ['ignore', 'ignore_ament_install']
[0.209s] Level 1:colcon.colcon_core.package_identification:_identify(install) by extension 'ignore'
[0.209s] Level 1:colcon.colcon_core.package_identification:_identify(install) ignored
[0.209s] Level 1:colcon.colcon_core.package_identification:_identify(log) by extensions ['ignore', 'ignore_ament_install']
[0.209s] Level 1:colcon.colcon_core.package_identification:_identify(log) by extension 'ignore'
[0.209s] Level 1:colcon.colcon_core.package_identification:_identify(log) ignored
[0.209s] Level 1:colcon.colcon_core.package_identification:_identify(src) by extensions ['ignore', 'ignore_ament_install']
[0.209s] Level 1:colcon.colcon_core.package_identification:_identify(src) by extension 'ignore'
[0.209s] Level 1:colcon.colcon_core.package_identification:_identify(src) by extension 'ignore_ament_install'
[0.209s] Level 1:colcon.colcon_core.package_identification:_identify(src) by extensions ['colcon_pkg']
[0.209s] Level 1:colcon.colcon_core.package_identification:_identify(src) by extension 'colcon_pkg'
[0.209s] Level 1:colcon.colcon_core.package_identification:_identify(src) by extensions ['colcon_meta']
[0.209s] Level 1:colcon.colcon_core.package_identification:_identify(src) by extension 'colcon_meta'
[0.209s] Level 1:colcon.colcon_core.package_identification:_identify(src) by extensions ['ros']
[0.210s] Level 1:colcon.colcon_core.package_identification:_identify(src) by extension 'ros'
[0.210s] Level 1:colcon.colcon_core.package_identification:_identify(src) by extensions ['cmake', 'python']
[0.210s] Level 1:colcon.colcon_core.package_identification:_identify(src) by extension 'cmake'
[0.210s] Level 1:colcon.colcon_core.package_identification:_identify(src) by extension 'python'
[0.210s] Level 1:colcon.colcon_core.package_identification:_identify(src) by extensions ['python_setup_py']
[0.210s] Level 1:colcon.colcon_core.package_identification:_identify(src) by extension 'python_setup_py'
[0.210s] Level 1:colcon.colcon_core.package_identification:_identify(src/custom_dwa_planner) by extensions ['ignore', 'ignore_ament_install']
[0.210s] Level 1:colcon.colcon_core.package_identification:_identify(src/custom_dwa_planner) by extension 'ignore'
[0.210s] Level 1:colcon.colcon_core.package_identification:_identify(src/custom_dwa_planner) by extension 'ignore_ament_install'
[0.210s] Level 1:colcon.colcon_core.package_identification:_identify(src/custom_dwa_planner) by extensions ['colcon_pkg']
[0.210s] Level 1:colcon.colcon_core.package_identification:_identify(src/custom_dwa_planner) by extension 'colcon_pkg'
[0.210s] Level 1:colcon.colcon_core.package_identification:_identify(src/custom_dwa_planner) by extensions ['colcon_meta']
[0.210s] Level 1:colcon.colcon_core.package_identification:_identify(src/custom_dwa_planner) by extension 'colcon_meta'
[0.210s] Level 1:colcon.colcon_core.package_identification:_identify(src/custom_dwa_planner) by extensions ['ros']
[0.210s] Level 1:colcon.colcon_core.package_identification:_identify(src/custom_dwa_planner) by extension 'ros'
[0.212s] DEBUG:colcon.colcon_core.package_identification:Package 'src/custom_dwa_planner' with type 'ros.ament_python' and name 'custom_dwa_planner'
[0.212s] Level 1:colcon.colcon_core.package_identification:_identify(src/turtlebot3_simulations) by extensions ['ignore', 'ignore_ament_install']
[0.212s] Level 1:colcon.colcon_core.package_identification:_identify(src/turtlebot3_simulations) by extension 'ignore'
[0.212s] Level 1:colcon.colcon_core.package_identification:_identify(src/turtlebot3_simulations) by extension 'ignore_ament_install'
[0.212s] Level 1:colcon.colcon_core.package_identification:_identify(src/turtlebot3_simulations) by extensions ['colcon_pkg']
[0.212s] Level 1:colcon.colcon_core.package_identification:_identify(src/turtlebot3_simulations) by extension 'colcon_pkg'
[0.212s] Level 1:colcon.colcon_core.package_identification:_identify(src/turtlebot3_simulations) by extensions ['colcon_meta']
[0.212s] Level 1:colcon.colcon_core.package_identification:_identify(src/turtlebot3_simulations) by extension 'colcon_meta'
[0.212s] Level 1:colcon.colcon_core.package_identification:_identify(src/turtlebot3_simulations) by extensions ['ros']
[0.212s] Level 1:colcon.colcon_core.package_identification:_identify(src/turtlebot3_simulations) by extension 'ros'
[0.212s] Level 1:colcon.colcon_core.package_identification:_identify(src/turtlebot3_simulations) by extensions ['cmake', 'python']
[0.212s] Level 1:colcon.colcon_core.package_identification:_identify(src/turtlebot3_simulations) by extension 'cmake'
[0.212s] Level 1:colcon.colcon_core.package_identification:_identify(src/turtlebot3_simulations) by extension 'python'
[0.212s] Level 1:colcon.colcon_core.package_identification:_identify(src/turtlebot3_simulations) by extensions ['python_setup_py']
[0.212s] Level 1:colcon.colcon_core.package_identification:_identify(src/turtlebot3_simulations) by extension 'python_setup_py'
[0.212s] Level 1:colcon.colcon_core.package_identification:_identify(src/turtlebot3_simulations/turtlebot3_fake_node) by extensions ['ignore', 'ignore_ament_install']
[0.213s] Level 1:colcon.colcon_core.package_identification:_identify(src/turtlebot3_simulations/turtlebot3_fake_node) by extension 'ignore'
[0.213s] Level 1:colcon.colcon_core.package_identification:_identify(src/turtlebot3_simulations/turtlebot3_fake_node) by extension 'ignore_ament_install'
[0.213s] Level 1:colcon.colcon_core.package_identification:_identify(src/turtlebot3_simulations/turtlebot3_fake_node) by extensions ['colcon_pkg']
[0.213s] Level 1:colcon.colcon_core.package_identification:_identify(src/turtlebot3_simulations/turtlebot3_fake_node) by extension 'colcon_pkg'
[0.213s] Level 1:colcon.colcon_core.package_identification:_identify(src/turtlebot3_simulations/turtlebot3_fake_node) by extensions ['colcon_meta']
[0.213s] Level 1:colcon.colcon_core.package_identification:_identify(src/turtlebot3_simulations/turtlebot3_fake_node) by extension 'colcon_meta'
[0.213s] Level 1:colcon.colcon_core.package_identification:_identify(src/turtlebot3_simulations/turtlebot3_fake_node) by extensions ['ros']
[0.213s] Level 1:colcon.colcon_core.package_identification:_identify(src/turtlebot3_simulations/turtlebot3_fake_node) by extension 'ros'
[0.214s] DEBUG:colcon.colcon_core.package_identification:Package 'src/turtlebot3_simulations/turtlebot3_fake_node' with type 'ros.ament_cmake' and name 'turtlebot3_fake_node'
[0.214s] Level 1:colcon.colcon_core.package_identification:_identify(src/turtlebot3_simulations/turtlebot3_gazebo) by extensions ['ignore', 'ignore_ament_install']
[0.214s] Level 1:colcon.colcon_core.package_identification:_identify(src/turtlebot3_simulations/turtlebot3_gazebo) by extension 'ignore'
[0.214s] Level 1:colcon.colcon_core.package_identification:_identify(src/turtlebot3_simulations/turtlebot3_gazebo) by extension 'ignore_ament_install'
[0.214s] Level 1:colcon.colcon_core.package_identification:_identify(src/turtlebot3_simulations/turtlebot3_gazebo) by extensions ['colcon_pkg']
[0.214s] Level 1:colcon.colcon_core.package_identification:_identify(src/turtlebot3_simulations/turtlebot3_gazebo) by extension 'colcon_pkg'
[0.214s] Level 1:colcon.colcon_core.package_identification:_identify(src/turtlebot3_simulations/turtlebot3_gazebo) by extensions ['colcon_meta']
[0.214s] Level 1:colcon.colcon_core.package_identification:_identify(src/turtlebot3_simulations/turtlebot3_gazebo) by extension 'colcon_meta'
[0.214s] Level 1:colcon.colcon_core.package_identification:_identify(src/turtlebot3_simulations/turtlebot3_gazebo) by extensions ['ros']
[0.214s] Level 1:colcon.colcon_core.package_identification:_identify(src/turtlebot3_simulations/turtlebot3_gazebo) by extension 'ros'
[0.215s] DEBUG:colcon.colcon_core.package_identification:Package 'src/turtlebot3_simulations/turtlebot3_gazebo' with type 'ros.ament_cmake' and name 'turtlebot3_gazebo'
[0.215s] Level 1:colcon.colcon_core.package_identification:_identify(src/turtlebot3_simulations/turtlebot3_manipulation_gazebo) by extensions ['ignore', 'ignore_ament_install']
[0.215s] Level 1:colcon.colcon_core.package_identification:_identify(src/turtlebot3_simulations/turtlebot3_manipulation_gazebo) by extension 'ignore'
[0.215s] Level 1:colcon.colcon_core.package_identification:_identify(src/turtlebot3_simulations/turtlebot3_manipulation_gazebo) by extension 'ignore_ament_install'
[0.215s] Level 1:colcon.colcon_core.package_identification:_identify(src/turtlebot3_simulations/turtlebot3_manipulation_gazebo) by extensions ['colcon_pkg']
[0.215s] Level 1:colcon.colcon_core.package_identification:_identify(src/turtlebot3_simulations/turtlebot3_manipulation_gazebo) by extension 'colcon_pkg'
[0.215s] Level 1:colcon.colcon_core.package_identification:_identify(src/turtlebot3_simulations/turtlebot3_manipulation_gazebo) by extensions ['colcon_meta']
[0.215s] Level 1:colcon.colcon_core.package_identification:_identify(src/turtlebot3_simulations/turtlebot3_manipulation_gazebo) by extension 'colcon_meta'
[0.215s] Level 1:colcon.colcon_core.package_identification:_identify(src/turtlebot3_simulations/turtlebot3_manipulation_gazebo) by extensions ['ros']
[0.215s] Level 1:colcon.colcon_core.package_identification:_identify(src/turtlebot3_simulations/turtlebot3_manipulation_gazebo) by extension 'ros'
[0.215s] DEBUG:colcon.colcon_core.package_identification:Package 'src/turtlebot3_simulations/turtlebot3_manipulation_gazebo' with type 'ros.ament_cmake' and name 'turtlebot3_manipulation_gazebo'
[0.215s] Level 1:colcon.colcon_core.package_identification:_identify(src/turtlebot3_simulations/turtlebot3_simulations) by extensions ['ignore', 'ignore_ament_install']
[0.215s] Level 1:colcon.colcon_core.package_identification:_identify(src/turtlebot3_simulations/turtlebot3_simulations) by extension 'ignore'
[0.215s] Level 1:colcon.colcon_core.package_identification:_identify(src/turtlebot3_simulations/turtlebot3_simulations) by extension 'ignore_ament_install'
[0.216s] Level 1:colcon.colcon_core.package_identification:_identify(src/turtlebot3_simulations/turtlebot3_simulations) by extensions ['colcon_pkg']
[0.216s] Level 1:colcon.colcon_core.package_identification:_identify(src/turtlebot3_simulations/turtlebot3_simulations) by extension 'colcon_pkg'
[0.216s] Level 1:colcon.colcon_core.package_identification:_identify(src/turtlebot3_simulations/turtlebot3_simulations) by extensions ['colcon_meta']
[0.216s] Level 1:colcon.colcon_core.package_identification:_identify(src/turtlebot3_simulations/turtlebot3_simulations) by extension 'colcon_meta'
[0.216s] Level 1:colcon.colcon_core.package_identification:_identify(src/turtlebot3_simulations/turtlebot3_simulations) by extensions ['ros']
[0.216s] Level 1:colcon.colcon_core.package_identification:_identify(src/turtlebot3_simulations/turtlebot3_simulations) by extension 'ros'
[0.216s] DEBUG:colcon.colcon_core.package_identification:Package 'src/turtlebot3_simulations/turtlebot3_simulations' with type 'ros.ament_cmake' and name 'turtlebot3_simulations'
[0.216s] Level 1:colcon.colcon_core.package_discovery:discover_packages(recursive) using defaults
[0.216s] Level 1:colcon.colcon_core.package_discovery:discover_packages(ignore) discover
[0.216s] Level 1:colcon.colcon_core.package_discovery:discover_packages(ignore) using defaults
[0.216s] Level 1:colcon.colcon_core.package_discovery:discover_packages(path) discover
[0.216s] Level 1:colcon.colcon_core.package_discovery:discover_packages(path) using defaults
[0.240s] Level 1:colcon.colcon_core.package_discovery:discover_packages(prefix_path) check parameters
[0.241s] Level 1:colcon.colcon_core.package_discovery:discover_packages(prefix_path) discover
[0.242s] DEBUG:colcon.colcon_installed_package_information.package_discovery:Found 5 installed packages in /home/harsh/turtlebot3_ws/install
[0.243s] DEBUG:colcon.colcon_installed_package_information.package_discovery:Found 323 installed packages in /opt/ros/humble
[0.244s] Level 1:colcon.colcon_core.package_discovery:discover_packages(prefix_path) using defaults
[0.274s] Level 5:colcon.colcon_core.verb:set package 'custom_dwa_planner' build argument 'cmake_args' from command line to 'None'
[0.274s] Level 5:colcon.colcon_core.verb:set package 'custom_dwa_planner' build argument 'cmake_target' from command line to 'None'
[0.274s] Level 5:colcon.colcon_core.verb:set package 'custom_dwa_planner' build argument 'cmake_target_skip_unavailable' from command line to 'False'
[0.274s] Level 5:colcon.colcon_core.verb:set package 'custom_dwa_planner' build argument 'cmake_clean_cache' from command line to 'False'
[0.274s] Level 5:colcon.colcon_core.verb:set package 'custom_dwa_planner' build argument 'cmake_clean_first' from command line to 'False'
[0.274s] Level 5:colcon.colcon_core.verb:set package 'custom_dwa_planner' build argument 'cmake_force_configure' from command line to 'False'
[0.274s] Level 5:colcon.colcon_core.verb:set package 'custom_dwa_planner' build argument 'ament_cmake_args' from command line to 'None'
[0.274s] Level 5:colcon.colcon_core.verb:set package 'custom_dwa_planner' build argument 'catkin_cmake_args' from command line to 'None'
[0.274s] Level 5:colcon.colcon_core.verb:set package 'custom_dwa_planner' build argument 'catkin_skip_building_tests' from command line to 'False'
[0.274s] DEBUG:colcon.colcon_core.verb:Building package 'custom_dwa_planner' with the following arguments: {'ament_cmake_args': None, 'build_base': '/home/harsh/turtlebot3_ws/build/custom_dwa_planner', 'catkin_cmake_args': None, 'catkin_skip_building_tests': False, 'cmake_args': None, 'cmake_clean_cache': False, 'cmake_clean_first': False, 'cmake_force_configure': False, 'cmake_target': None, 'cmake_target_skip_unavailable': False, 'install_base': '/home/harsh/turtlebot3_ws/install/custom_dwa_planner', 'merge_install': False, 'path': '/home/harsh/turtlebot3_ws/src/custom_dwa_planner', 'symlink_install': False, 'test_result_base': None}
[0.274s] Level 5:colcon.colcon_core.verb:set package 'turtlebot3_fake_node' build argument 'cmake_args' from command line to 'None'
[0.274s] Level 5:colcon.colcon_core.verb:set package 'turtlebot3_fake_node' build argument 'cmake_target' from command line to 'None'
[0.274s] Level 5:colcon.colcon_core.verb:set package 'turtlebot3_fake_node' build argument 'cmake_target_skip_unavailable' from command line to 'False'
[0.274s] Level 5:colcon.colcon_core.verb:set package 'turtlebot3_fake_node' build argument 'cmake_clean_cache' from command line to 'False'
[0.274s] Level 5:colcon.colcon_core.verb:set package 'turtlebot3_fake_node' build argument 'cmake_clean_first' from command line to 'False'
[0.274s] Level 5:colcon.colcon_core.verb:set package 'turtlebot3_fake_node' build argument 'cmake_force_configure' from command line to 'False'
[0.274s] Level 5:colcon.colcon_core.verb:set package 'turtlebot3_fake_node' build argument 'ament_cmake_args' from command line to 'None'
[0.274s] Level 5:colcon.colcon_core.verb:set package 'turtlebot3_fake_node' build argument 'catkin_cmake_args' from command line to 'None'
[0.274s] Level 5:colcon.colcon_core.verb:set package 'turtlebot3_fake_node' build argument 'catkin_skip_building_tests' from command line to 'False'
[0.274s] DEBUG:colcon.colcon_core.verb:Building package 'turtlebot3_fake_node' with the following arguments: {'ament_cmake_args': None, 'build_base': '/home/harsh/turtlebot3_ws/build/turtlebot3_fake_node', 'catkin_cmake_args': None, 'catkin_skip_building_tests': False, 'cmake_args': None, 'cmake_clean_cache': False, 'cmake_clean_first': False, 'cmake_force_configure': False, 'cmake_target': None, 'cmake_target_skip_unavailable': False, 'install_base': '/home/harsh/turtlebot3_ws/install/turtlebot3_fake_node', 'merge_install': False, 'path': '/home/harsh/turtlebot3_ws/src/turtlebot3_simulations/turtlebot3_fake_node', 'symlink_install': False, 'test_result_base': None}
[0.275s] Level 5:colcon.colcon_core.verb:set package 'turtlebot3_gazebo' build argument 'cmake_args' from command line to 'None'
[0.275s] Level 5:colcon.colcon_core.verb:set package 'turtlebot3_gazebo' build argument 'cmake_target' from command line to 'None'
[0.275s] Level 5:colcon.colcon_core.verb:set package 'turtlebot3_gazebo' build argument 'cmake_target_skip_unavailable' from command line to 'False'
[0.275s] Level 5:colcon.colcon_core.verb:set package 'turtlebot3_gazebo' build argument 'cmake_clean_cache' from command line to 'False'
[0.275s] Level 5:colcon.colcon_core.verb:set package 'turtlebot3_gazebo' build argument 'cmake_clean_first' from command line to 'False'
[0.275s] Level 5:colcon.colcon_core.verb:set package 'turtlebot3_gazebo' build argument 'cmake_force_configure' from command line to 'False'
[0.275s] Level 5:colcon.colcon_core.verb:set package 'turtlebot3_gazebo' build argument 'ament_cmake_args' from command line to 'None'
[0.275s] Level 5:colcon.colcon_core.verb:set package 'turtlebot3_gazebo' build argument 'catkin_cmake_args' from command line to 'None'
[0.275s] Level 5:colcon.colcon_core.verb:set package 'turtlebot3_gazebo' build argument 'catkin_skip_building_tests' from command line to 'False'
[0.275s] DEBUG:colcon.colcon_core.verb:Building package 'turtlebot3_gazebo' with the following arguments: {'ament_cmake_args': None, 'build_base': '/home/harsh/turtlebot3_ws/build/turtlebot3_gazebo', 'catkin_cmake_args': None, 'catkin_skip_building_tests': False, 'cmake_args': None, 'cmake_clean_cache': False, 'cmake_clean_first': False, 'cmake_force_configure': False, 'cmake_target': None, 'cmake_target_skip_unavailable': False, 'install_base': '/home/harsh/turtlebot3_ws/install/turtlebot3_gazebo', 'merge_install': False, 'path': '/home/harsh/turtlebot3_ws/src/turtlebot3_simulations/turtlebot3_gazebo', 'symlink_install': False, 'test_result_base': None}
[0.275s] Level 5:colcon.colcon_core.verb:set package 'turtlebot3_manipulation_gazebo' build argument 'cmake_args' from command line to 'None'
[0.275s] Level 5:colcon.colcon_core.verb:set package 'turtlebot3_manipulation_gazebo' build argument 'cmake_target' from command line to 'None'
[0.275s] Level 5:colcon.colcon_core.verb:set package 'turtlebot3_manipulation_gazebo' build argument 'cmake_target_skip_unavailable' from command line to 'False'
[0.275s] Level 5:colcon.colcon_core.verb:set package 'turtlebot3_manipulation_gazebo' build argument 'cmake_clean_cache' from command line to 'False'
[0.275s] Level 5:colcon.colcon_core.verb:set package 'turtlebot3_manipulation_gazebo' build argument 'cmake_clean_first' from command line to 'False'
[0.275s] Level 5:colcon.colcon_core.verb:set package 'turtlebot3_manipulation_gazebo' build argument 'cmake_force_configure' from command line to 'False'
[0.275s] Level 5:colcon.colcon_core.verb:set package 'turtlebot3_manipulation_gazebo' build argument 'ament_cmake_args' from command line to 'None'
[0.275s] Level 5:colcon.colcon_core.verb:set package 'turtlebot3_manipulation_gazebo' build argument 'catkin_cmake_args' from command line to 'None'
[0.275s] Level 5:colcon.colcon_core.verb:set package 'turtlebot3_manipulation_gazebo' build argument 'catkin_skip_building_tests' from command line to 'False'
[0.275s] DEBUG:colcon.colcon_core.verb:Building package 'turtlebot3_manipulation_gazebo' with the following arguments: {'ament_cmake_args': None, 'build_base': '/home/harsh/turtlebot3_ws/build/turtlebot3_manipulation_gazebo', 'catkin_cmake_args': None, 'catkin_skip_building_tests': False, 'cmake_args': None, 'cmake_clean_cache': False, 'cmake_clean_first': False, 'cmake_force_configure': False, 'cmake_target': None, 'cmake_target_skip_unavailable': False, 'install_base': '/home/harsh/turtlebot3_ws/install/turtlebot3_manipulation_gazebo', 'merge_install': False, 'path': '/home/harsh/turtlebot3_ws/src/turtlebot3_simulations/turtlebot3_manipulation_gazebo', 'symlink_install': False, 'test_result_base': None}
[0.275s] Level 5:colcon.colcon_core.verb:set package 'turtlebot3_simulations' build argument 'cmake_args' from command line to 'None'
[0.275s] Level 5:colcon.colcon_core.verb:set package 'turtlebot3_simulations' build argument 'cmake_target' from command line to 'None'
[0.275s] Level 5:colcon.colcon_core.verb:set package 'turtlebot3_simulations' build argument 'cmake_target_skip_unavailable' from command line to 'False'
[0.275s] Level 5:colcon.colcon_core.verb:set package 'turtlebot3_simulations' build argument 'cmake_clean_cache' from command line to 'False'
[0.275s] Level 5:colcon.colcon_core.verb:set package 'turtlebot3_simulations' build argument 'cmake_clean_first' from command line to 'False'
[0.275s] Level 5:colcon.colcon_core.verb:set package 'turtlebot3_simulations' build argument 'cmake_force_configure' from command line to 'False'
[0.275s] Level 5:colcon.colcon_core.verb:set package 'turtlebot3_simulations' build argument 'ament_cmake_args' from command line to 'None'
[0.275s] Level 5:colcon.colcon_core.verb:set package 'turtlebot3_simulations' build argument 'catkin_cmake_args' from command line to 'None'
[0.275s] Level 5:colcon.colcon_core.verb:set package 'turtlebot3_simulations' build argument 'catkin_skip_building_tests' from command line to 'False'
[0.276s] DEBUG:colcon.colcon_core.verb:Building package 'turtlebot3_simulations' with the following arguments: {'ament_cmake_args': None, 'build_base': '/home/harsh/turtlebot3_ws/build/turtlebot3_simulations', 'catkin_cmake_args': None, 'catkin_skip_building_tests': False, 'cmake_args': None, 'cmake_clean_cache': False, 'cmake_clean_first': False, 'cmake_force_configure': False, 'cmake_target': None, 'cmake_target_skip_unavailable': False, 'install_base': '/home/harsh/turtlebot3_ws/install/turtlebot3_simulations', 'merge_install': False, 'path': '/home/harsh/turtlebot3_ws/src/turtlebot3_simulations/turtlebot3_simulations', 'symlink_install': False, 'test_result_base': None}
[0.276s] INFO:colcon.colcon_core.executor:Executing jobs using 'parallel' executor
[0.276s] DEBUG:colcon.colcon_parallel_executor.executor.parallel:run_until_complete
[0.277s] INFO:colcon.colcon_ros.task.ament_cmake.build:Building ROS package in '/home/harsh/turtlebot3_ws/src/turtlebot3_simulations/turtlebot3_fake_node' with build type 'ament_cmake'
[0.277s] INFO:colcon.colcon_cmake.task.cmake.build:Building CMake package in '/home/harsh/turtlebot3_ws/src/turtlebot3_simulations/turtlebot3_fake_node'
[0.278s] INFO:colcon.colcon_core.plugin_system:Skipping extension 'colcon_core.shell.bat': Not used on non-Windows systems
[0.278s] INFO:colcon.colcon_core.shell:Skip shell extension 'powershell' for command environment: Not usable outside of PowerShell
[0.278s] DEBUG:colcon.colcon_core.shell:Skip shell extension 'dsv' for command environment
[0.281s] INFO:colcon.colcon_ros.task.ament_cmake.build:Building ROS package in '/home/harsh/turtlebot3_ws/src/turtlebot3_simulations/turtlebot3_gazebo' with build type 'ament_cmake'
[0.281s] INFO:colcon.colcon_cmake.task.cmake.build:Building CMake package in '/home/harsh/turtlebot3_ws/src/turtlebot3_simulations/turtlebot3_gazebo'
[0.281s] INFO:colcon.colcon_core.shell:Skip shell extension 'powershell' for command environment: Not usable outside of PowerShell
[0.281s] DEBUG:colcon.colcon_core.shell:Skip shell extension 'dsv' for command environment
[0.284s] INFO:colcon.colcon_ros.task.ament_cmake.build:Building ROS package in '/home/harsh/turtlebot3_ws/src/turtlebot3_simulations/turtlebot3_manipulation_gazebo' with build type 'ament_cmake'
[0.284s] INFO:colcon.colcon_cmake.task.cmake.build:Building CMake package in '/home/harsh/turtlebot3_ws/src/turtlebot3_simulations/turtlebot3_manipulation_gazebo'
[0.284s] INFO:colcon.colcon_core.shell:Skip shell extension 'powershell' for command environment: Not usable outside of PowerShell
[0.284s] DEBUG:colcon.colcon_core.shell:Skip shell extension 'dsv' for command environment
[0.286s] INFO:colcon.colcon_ros.task.ament_python.build:Building ROS package in '/home/harsh/turtlebot3_ws/src/custom_dwa_planner' with build type 'ament_python'
[0.286s] Level 1:colcon.colcon_core.shell:create_environment_hook('custom_dwa_planner', 'ament_prefix_path')
[0.286s] INFO:colcon.colcon_core.shell:Creating environment hook '/home/harsh/turtlebot3_ws/install/custom_dwa_planner/share/custom_dwa_planner/hook/ament_prefix_path.ps1'
[0.287s] INFO:colcon.colcon_core.shell:Creating environment descriptor '/home/harsh/turtlebot3_ws/install/custom_dwa_planner/share/custom_dwa_planner/hook/ament_prefix_path.dsv'
[0.287s] INFO:colcon.colcon_core.shell:Creating environment hook '/home/harsh/turtlebot3_ws/install/custom_dwa_planner/share/custom_dwa_planner/hook/ament_prefix_path.sh'
[0.288s] INFO:colcon.colcon_core.shell:Skip shell extension 'powershell' for command environment: Not usable outside of PowerShell
[0.288s] DEBUG:colcon.colcon_core.shell:Skip shell extension 'dsv' for command environment
[0.294s] DEBUG:colcon.colcon_core.event_handler.log_command:Invoking command in '/home/harsh/turtlebot3_ws/build/turtlebot3_fake_node': CMAKE_PREFIX_PATH=${CMAKE_PREFIX_PATH}:/home/harsh/turtlebot3_ws/install/custom_dwa_planner:/opt/ros/humble /usr/bin/cmake --build /home/harsh/turtlebot3_ws/build/turtlebot3_fake_node -- -j8 -l8
[0.297s] DEBUG:colcon.colcon_core.event_handler.log_command:Invoking command in '/home/harsh/turtlebot3_ws/build/turtlebot3_gazebo': CMAKE_PREFIX_PATH=${CMAKE_PREFIX_PATH}:/home/harsh/turtlebot3_ws/install/custom_dwa_planner:/opt/ros/humble /usr/bin/cmake --build /home/harsh/turtlebot3_ws/build/turtlebot3_gazebo -- -j8 -l8
[0.299s] DEBUG:colcon.colcon_core.event_handler.log_command:Invoking command in '/home/harsh/turtlebot3_ws/build/turtlebot3_manipulation_gazebo': CMAKE_PREFIX_PATH=${CMAKE_PREFIX_PATH}:/home/harsh/turtlebot3_ws/install/custom_dwa_planner:/opt/ros/humble /usr/bin/cmake --build /home/harsh/turtlebot3_ws/build/turtlebot3_manipulation_gazebo -- -j8 -l8
[0.522s] INFO:colcon.colcon_core.task.python.build:Building Python package in '/home/harsh/turtlebot3_ws/src/custom_dwa_planner'
[0.522s] INFO:colcon.colcon_core.shell:Skip shell extension 'powershell' for command environment: Not usable outside of PowerShell
[0.522s] DEBUG:colcon.colcon_core.shell:Skip shell extension 'dsv' for command environment
[0.526s] DEBUG:colcon.colcon_core.event_handler.log_command:Invoked command in '/home/harsh/turtlebot3_ws/build/turtlebot3_gazebo' returned '0': CMAKE_PREFIX_PATH=${CMAKE_PREFIX_PATH}:/home/harsh/turtlebot3_ws/install/custom_dwa_planner:/opt/ros/humble /usr/bin/cmake --build /home/harsh/turtlebot3_ws/build/turtlebot3_gazebo -- -j8 -l8
[0.532s] DEBUG:colcon.colcon_core.event_handler.log_command:Invoking command in '/home/harsh/turtlebot3_ws/build/turtlebot3_gazebo': CMAKE_PREFIX_PATH=${CMAKE_PREFIX_PATH}:/home/harsh/turtlebot3_ws/install/custom_dwa_planner:/opt/ros/humble /usr/bin/cmake --install /home/harsh/turtlebot3_ws/build/turtlebot3_gazebo
[0.533s] DEBUG:colcon.colcon_core.event_handler.log_command:Invoked command in '/home/harsh/turtlebot3_ws/build/turtlebot3_manipulation_gazebo' returned '0': CMAKE_PREFIX_PATH=${CMAKE_PREFIX_PATH}:/home/harsh/turtlebot3_ws/install/custom_dwa_planner:/opt/ros/humble /usr/bin/cmake --build /home/harsh/turtlebot3_ws/build/turtlebot3_manipulation_gazebo -- -j8 -l8
[0.534s] DEBUG:colcon.colcon_core.event_handler.log_command:Invoking command in '/home/harsh/turtlebot3_ws/build/turtlebot3_manipulation_gazebo': CMAKE_PREFIX_PATH=${CMAKE_PREFIX_PATH}:/home/harsh/turtlebot3_ws/install/custom_dwa_planner:/opt/ros/humble /usr/bin/cmake --install /home/harsh/turtlebot3_ws/build/turtlebot3_manipulation_gazebo
[0.535s] DEBUG:colcon.colcon_core.event_handler.log_command:Invoked command in '/home/harsh/turtlebot3_ws/build/turtlebot3_fake_node' returned '0': CMAKE_PREFIX_PATH=${CMAKE_PREFIX_PATH}:/home/harsh/turtlebot3_ws/install/custom_dwa_planner:/opt/ros/humble /usr/bin/cmake --build /home/harsh/turtlebot3_ws/build/turtlebot3_fake_node -- -j8 -l8
[0.536s] DEBUG:colcon.colcon_core.event_handler.log_command:Invoking command in '/home/harsh/turtlebot3_ws/build/turtlebot3_fake_node': CMAKE_PREFIX_PATH=${CMAKE_PREFIX_PATH}:/home/harsh/turtlebot3_ws/install/custom_dwa_planner:/opt/ros/humble /usr/bin/cmake --install /home/harsh/turtlebot3_ws/build/turtlebot3_fake_node
[0.557s] Level 1:colcon.colcon_core.environment:create_environment_scripts_only(turtlebot3_fake_node)
[0.560s] DEBUG:colcon.colcon_core.event_handler.log_command:Invoked command in '/home/harsh/turtlebot3_ws/build/turtlebot3_fake_node' returned '0': CMAKE_PREFIX_PATH=${CMAKE_PREFIX_PATH}:/home/harsh/turtlebot3_ws/install/custom_dwa_planner:/opt/ros/humble /usr/bin/cmake --install /home/harsh/turtlebot3_ws/build/turtlebot3_fake_node
[0.562s] Level 1:colcon.colcon_core.environment:checking '/home/harsh/turtlebot3_ws/install/turtlebot3_fake_node' for CMake module files
[0.563s] Level 1:colcon.colcon_core.environment:checking '/home/harsh/turtlebot3_ws/install/turtlebot3_fake_node' for CMake config files
[0.563s] Level 1:colcon.colcon_core.shell:create_environment_hook('turtlebot3_fake_node', 'cmake_prefix_path')
[0.563s] INFO:colcon.colcon_core.shell:Creating environment hook '/home/harsh/turtlebot3_ws/install/turtlebot3_fake_node/share/turtlebot3_fake_node/hook/cmake_prefix_path.ps1'
[0.563s] INFO:colcon.colcon_core.shell:Creating environment descriptor '/home/harsh/turtlebot3_ws/install/turtlebot3_fake_node/share/turtlebot3_fake_node/hook/cmake_prefix_path.dsv'
[0.564s] INFO:colcon.colcon_core.shell:Creating environment hook '/home/harsh/turtlebot3_ws/install/turtlebot3_fake_node/share/turtlebot3_fake_node/hook/cmake_prefix_path.sh'
[0.564s] Level 1:colcon.colcon_core.environment:checking '/home/harsh/turtlebot3_ws/install/turtlebot3_fake_node/lib'
[0.564s] Level 1:colcon.colcon_core.environment:checking '/home/harsh/turtlebot3_ws/install/turtlebot3_fake_node/bin'
[0.564s] Level 1:colcon.colcon_core.environment:checking '/home/harsh/turtlebot3_ws/install/turtlebot3_fake_node/lib/pkgconfig/turtlebot3_fake_node.pc'
[0.564s] Level 1:colcon.colcon_core.environment:checking '/home/harsh/turtlebot3_ws/install/turtlebot3_fake_node/lib/python3.10/site-packages'
[0.565s] Level 1:colcon.colcon_core.environment:checking '/home/harsh/turtlebot3_ws/install/turtlebot3_fake_node/bin'
[0.565s] INFO:colcon.colcon_core.shell:Creating package script '/home/harsh/turtlebot3_ws/install/turtlebot3_fake_node/share/turtlebot3_fake_node/package.ps1'
[0.566s] INFO:colcon.colcon_core.shell:Creating package descriptor '/home/harsh/turtlebot3_ws/install/turtlebot3_fake_node/share/turtlebot3_fake_node/package.dsv'
[0.566s] INFO:colcon.colcon_core.shell:Creating package script '/home/harsh/turtlebot3_ws/install/turtlebot3_fake_node/share/turtlebot3_fake_node/package.sh'
[0.567s] INFO:colcon.colcon_core.shell:Creating package script '/home/harsh/turtlebot3_ws/install/turtlebot3_fake_node/share/turtlebot3_fake_node/package.bash'
[0.567s] INFO:colcon.colcon_core.shell:Creating package script '/home/harsh/turtlebot3_ws/install/turtlebot3_fake_node/share/turtlebot3_fake_node/package.zsh'
[0.568s] Level 1:colcon.colcon_core.environment:create_file_with_runtime_dependencies(/home/harsh/turtlebot3_ws/install/turtlebot3_fake_node/share/colcon-core/packages/turtlebot3_fake_node)
[0.568s] Level 1:colcon.colcon_core.environment:create_environment_scripts_only(turtlebot3_fake_node)
[0.568s] Level 1:colcon.colcon_core.environment:checking '/home/harsh/turtlebot3_ws/install/turtlebot3_fake_node' for CMake module files
[0.569s] Level 1:colcon.colcon_core.environment:checking '/home/harsh/turtlebot3_ws/install/turtlebot3_fake_node' for CMake config files
[0.569s] Level 1:colcon.colcon_core.shell:create_environment_hook('turtlebot3_fake_node', 'cmake_prefix_path')
[0.569s] INFO:colcon.colcon_core.shell:Creating environment hook '/home/harsh/turtlebot3_ws/install/turtlebot3_fake_node/share/turtlebot3_fake_node/hook/cmake_prefix_path.ps1'
[0.569s] INFO:colcon.colcon_core.shell:Creating environment descriptor '/home/harsh/turtlebot3_ws/install/turtlebot3_fake_node/share/turtlebot3_fake_node/hook/cmake_prefix_path.dsv'
[0.569s] INFO:colcon.colcon_core.shell:Creating environment hook '/home/harsh/turtlebot3_ws/install/turtlebot3_fake_node/share/turtlebot3_fake_node/hook/cmake_prefix_path.sh'
[0.570s] Level 1:colcon.colcon_core.environment:checking '/home/harsh/turtlebot3_ws/install/turtlebot3_fake_node/lib'
[0.570s] Level 1:colcon.colcon_core.environment:checking '/home/harsh/turtlebot3_ws/install/turtlebot3_fake_node/bin'
[0.570s] Level 1:colcon.colcon_core.environment:checking '/home/harsh/turtlebot3_ws/install/turtlebot3_fake_node/lib/pkgconfig/turtlebot3_fake_node.pc'
[0.570s] Level 1:colcon.colcon_core.environment:checking '/home/harsh/turtlebot3_ws/install/turtlebot3_fake_node/lib/python3.10/site-packages'
[0.570s] Level 1:colcon.colcon_core.environment:checking '/home/harsh/turtlebot3_ws/install/turtlebot3_fake_node/bin'
[0.571s] INFO:colcon.colcon_core.shell:Creating package script '/home/harsh/turtlebot3_ws/install/turtlebot3_fake_node/share/turtlebot3_fake_node/package.ps1'
[0.571s] INFO:colcon.colcon_core.shell:Creating package descriptor '/home/harsh/turtlebot3_ws/install/turtlebot3_fake_node/share/turtlebot3_fake_node/package.dsv'
[0.571s] INFO:colcon.colcon_core.shell:Creating package script '/home/harsh/turtlebot3_ws/install/turtlebot3_fake_node/share/turtlebot3_fake_node/package.sh'
[0.572s] INFO:colcon.colcon_core.shell:Creating package script '/home/harsh/turtlebot3_ws/install/turtlebot3_fake_node/share/turtlebot3_fake_node/package.bash'
[0.572s] INFO:colcon.colcon_core.shell:Creating package script '/home/harsh/turtlebot3_ws/install/turtlebot3_fake_node/share/turtlebot3_fake_node/package.zsh'
[0.572s] Level 1:colcon.colcon_core.environment:create_file_with_runtime_dependencies(/home/harsh/turtlebot3_ws/install/turtlebot3_fake_node/share/colcon-core/packages/turtlebot3_fake_node)
[0.573s] Level 1:colcon.colcon_core.environment:create_environment_scripts_only(turtlebot3_gazebo)
[0.574s] Level 1:colcon.colcon_core.environment:checking '/home/harsh/turtlebot3_ws/install/turtlebot3_gazebo' for CMake module files
[0.574s] DEBUG:colcon.colcon_core.event_handler.log_command:Invoked command in '/home/harsh/turtlebot3_ws/build/turtlebot3_gazebo' returned '0': CMAKE_PREFIX_PATH=${CMAKE_PREFIX_PATH}:/home/harsh/turtlebot3_ws/install/custom_dwa_planner:/opt/ros/humble /usr/bin/cmake --install /home/harsh/turtlebot3_ws/build/turtlebot3_gazebo
[0.574s] Level 1:colcon.colcon_core.environment:checking '/home/harsh/turtlebot3_ws/install/turtlebot3_gazebo' for CMake config files
[0.576s] Level 1:colcon.colcon_core.shell:create_environment_hook('turtlebot3_gazebo', 'cmake_prefix_path')
[0.576s] INFO:colcon.colcon_core.shell:Creating environment hook '/home/harsh/turtlebot3_ws/install/turtlebot3_gazebo/share/turtlebot3_gazebo/hook/cmake_prefix_path.ps1'
[0.576s] INFO:colcon.colcon_core.shell:Creating environment descriptor '/home/harsh/turtlebot3_ws/install/turtlebot3_gazebo/share/turtlebot3_gazebo/hook/cmake_prefix_path.dsv'
[0.577s] INFO:colcon.colcon_core.shell:Creating environment hook '/home/harsh/turtlebot3_ws/install/turtlebot3_gazebo/share/turtlebot3_gazebo/hook/cmake_prefix_path.sh'
[0.577s] Level 1:colcon.colcon_core.environment:checking '/home/harsh/turtlebot3_ws/install/turtlebot3_gazebo/lib'
[0.577s] Level 1:colcon.colcon_core.environment:checking '/home/harsh/turtlebot3_ws/install/turtlebot3_gazebo/bin'
[0.577s] Level 1:colcon.colcon_core.environment:checking '/home/harsh/turtlebot3_ws/install/turtlebot3_gazebo/lib/pkgconfig/turtlebot3_gazebo.pc'
[0.577s] Level 1:colcon.colcon_core.environment:checking '/home/harsh/turtlebot3_ws/install/turtlebot3_gazebo/lib/python3.10/site-packages'
[0.578s] Level 1:colcon.colcon_core.environment:checking '/home/harsh/turtlebot3_ws/install/turtlebot3_gazebo/bin'
[0.578s] INFO:colcon.colcon_core.shell:Creating package script '/home/harsh/turtlebot3_ws/install/turtlebot3_gazebo/share/turtlebot3_gazebo/package.ps1'
[0.578s] INFO:colcon.colcon_core.shell:Creating package descriptor '/home/harsh/turtlebot3_ws/install/turtlebot3_gazebo/share/turtlebot3_gazebo/package.dsv'
[0.579s] INFO:colcon.colcon_core.shell:Creating package script '/home/harsh/turtlebot3_ws/install/turtlebot3_gazebo/share/turtlebot3_gazebo/package.sh'
[0.579s] INFO:colcon.colcon_core.shell:Creating package script '/home/harsh/turtlebot3_ws/install/turtlebot3_gazebo/share/turtlebot3_gazebo/package.bash'
[0.579s] INFO:colcon.colcon_core.shell:Creating package script '/home/harsh/turtlebot3_ws/install/turtlebot3_gazebo/share/turtlebot3_gazebo/package.zsh'
[0.579s] Level 1:colcon.colcon_core.environment:create_file_with_runtime_dependencies(/home/harsh/turtlebot3_ws/install/turtlebot3_gazebo/share/colcon-core/packages/turtlebot3_gazebo)
[0.580s] Level 1:colcon.colcon_core.environment:create_environment_scripts_only(turtlebot3_gazebo)
[0.580s] Level 1:colcon.colcon_core.environment:checking '/home/harsh/turtlebot3_ws/install/turtlebot3_gazebo' for CMake module files
[0.580s] Level 1:colcon.colcon_core.environment:checking '/home/harsh/turtlebot3_ws/install/turtlebot3_gazebo' for CMake config files
[0.582s] Level 1:colcon.colcon_core.shell:create_environment_hook('turtlebot3_gazebo', 'cmake_prefix_path')
[0.582s] INFO:colcon.colcon_core.shell:Creating environment hook '/home/harsh/turtlebot3_ws/install/turtlebot3_gazebo/share/turtlebot3_gazebo/hook/cmake_prefix_path.ps1'
[0.582s] INFO:colcon.colcon_core.shell:Creating environment descriptor '/home/harsh/turtlebot3_ws/install/turtlebot3_gazebo/share/turtlebot3_gazebo/hook/cmake_prefix_path.dsv'
[0.583s] INFO:colcon.colcon_core.shell:Creating environment hook '/home/harsh/turtlebot3_ws/install/turtlebot3_gazebo/share/turtlebot3_gazebo/hook/cmake_prefix_path.sh'
[0.583s] Level 1:colcon.colcon_core.environment:checking '/home/harsh/turtlebot3_ws/install/turtlebot3_gazebo/lib'
[0.583s] Level 1:colcon.colcon_core.environment:checking '/home/harsh/turtlebot3_ws/install/turtlebot3_gazebo/bin'
[0.583s] Level 1:colcon.colcon_core.environment:checking '/home/harsh/turtlebot3_ws/install/turtlebot3_gazebo/lib/pkgconfig/turtlebot3_gazebo.pc'
[0.583s] Level 1:colcon.colcon_core.environment:checking '/home/harsh/turtlebot3_ws/install/turtlebot3_gazebo/lib/python3.10/site-packages'
[0.583s] Level 1:colcon.colcon_core.environment:checking '/home/harsh/turtlebot3_ws/install/turtlebot3_gazebo/bin'
[0.584s] INFO:colcon.colcon_core.shell:Creating package script '/home/harsh/turtlebot3_ws/install/turtlebot3_gazebo/share/turtlebot3_gazebo/package.ps1'
[0.584s] INFO:colcon.colcon_core.shell:Creating package descriptor '/home/harsh/turtlebot3_ws/install/turtlebot3_gazebo/share/turtlebot3_gazebo/package.dsv'
[0.584s] INFO:colcon.colcon_core.shell:Creating package script '/home/harsh/turtlebot3_ws/install/turtlebot3_gazebo/share/turtlebot3_gazebo/package.sh'
[0.585s] INFO:colcon.colcon_core.shell:Creating package script '/home/harsh/turtlebot3_ws/install/turtlebot3_gazebo/share/turtlebot3_gazebo/package.bash'
[0.585s] INFO:colcon.colcon_core.shell:Creating package script '/home/harsh/turtlebot3_ws/install/turtlebot3_gazebo/share/turtlebot3_gazebo/package.zsh'
[0.585s] Level 1:colcon.colcon_core.environment:create_file_with_runtime_dependencies(/home/harsh/turtlebot3_ws/install/turtlebot3_gazebo/share/colcon-core/packages/turtlebot3_gazebo)
[0.586s] Level 1:colcon.colcon_core.environment:create_environment_scripts_only(turtlebot3_manipulation_gazebo)
[0.586s] Level 1:colcon.colcon_core.environment:checking '/home/harsh/turtlebot3_ws/install/turtlebot3_manipulation_gazebo' for CMake module files
[0.587s] DEBUG:colcon.colcon_core.event_handler.log_command:Invoked command in '/home/harsh/turtlebot3_ws/build/turtlebot3_manipulation_gazebo' returned '0': CMAKE_PREFIX_PATH=${CMAKE_PREFIX_PATH}:/home/harsh/turtlebot3_ws/install/custom_dwa_planner:/opt/ros/humble /usr/bin/cmake --install /home/harsh/turtlebot3_ws/build/turtlebot3_manipulation_gazebo
[0.587s] Level 1:colcon.colcon_core.environment:checking '/home/harsh/turtlebot3_ws/install/turtlebot3_manipulation_gazebo' for CMake config files
[0.588s] Level 1:colcon.colcon_core.shell:create_environment_hook('turtlebot3_manipulation_gazebo', 'cmake_prefix_path')
[0.589s] INFO:colcon.colcon_core.shell:Creating environment hook '/home/harsh/turtlebot3_ws/install/turtlebot3_manipulation_gazebo/share/turtlebot3_manipulation_gazebo/hook/cmake_prefix_path.ps1'
[0.589s] INFO:colcon.colcon_core.shell:Creating environment descriptor '/home/harsh/turtlebot3_ws/install/turtlebot3_manipulation_gazebo/share/turtlebot3_manipulation_gazebo/hook/cmake_prefix_path.dsv'
[0.589s] INFO:colcon.colcon_core.shell:Creating environment hook '/home/harsh/turtlebot3_ws/install/turtlebot3_manipulation_gazebo/share/turtlebot3_manipulation_gazebo/hook/cmake_prefix_path.sh'
[0.590s] Level 1:colcon.colcon_core.environment:checking '/home/harsh/turtlebot3_ws/install/turtlebot3_manipulation_gazebo/bin'
[0.590s] Level 1:colcon.colcon_core.environment:checking '/home/harsh/turtlebot3_ws/install/turtlebot3_manipulation_gazebo/lib/pkgconfig/turtlebot3_manipulation_gazebo.pc'
[0.590s] Level 1:colcon.colcon_core.environment:checking '/home/harsh/turtlebot3_ws/install/turtlebot3_manipulation_gazebo/lib/python3.10/site-packages'
[0.590s] Level 1:colcon.colcon_core.environment:checking '/home/harsh/turtlebot3_ws/install/turtlebot3_manipulation_gazebo/bin'
[0.591s] INFO:colcon.colcon_core.shell:Creating package script '/home/harsh/turtlebot3_ws/install/turtlebot3_manipulation_gazebo/share/turtlebot3_manipulation_gazebo/package.ps1'
[0.591s] INFO:colcon.colcon_core.shell:Creating package descriptor '/home/harsh/turtlebot3_ws/install/turtlebot3_manipulation_gazebo/share/turtlebot3_manipulation_gazebo/package.dsv'
[0.591s] INFO:colcon.colcon_core.shell:Creating package script '/home/harsh/turtlebot3_ws/install/turtlebot3_manipulation_gazebo/share/turtlebot3_manipulation_gazebo/package.sh'
[0.592s] INFO:colcon.colcon_core.shell:Creating package script '/home/harsh/turtlebot3_ws/install/turtlebot3_manipulation_gazebo/share/turtlebot3_manipulation_gazebo/package.bash'
[0.592s] INFO:colcon.colcon_core.shell:Creating package script '/home/harsh/turtlebot3_ws/install/turtlebot3_manipulation_gazebo/share/turtlebot3_manipulation_gazebo/package.zsh'
[0.592s] Level 1:colcon.colcon_core.environment:create_file_with_runtime_dependencies(/home/harsh/turtlebot3_ws/install/turtlebot3_manipulation_gazebo/share/colcon-core/packages/turtlebot3_manipulation_gazebo)
[0.593s] Level 1:colcon.colcon_core.environment:create_environment_scripts_only(turtlebot3_manipulation_gazebo)
[0.593s] Level 1:colcon.colcon_core.environment:checking '/home/harsh/turtlebot3_ws/install/turtlebot3_manipulation_gazebo' for CMake module files
[0.593s] Level 1:colcon.colcon_core.environment:checking '/home/harsh/turtlebot3_ws/install/turtlebot3_manipulation_gazebo' for CMake config files
[0.594s] Level 1:colcon.colcon_core.shell:create_environment_hook('turtlebot3_manipulation_gazebo', 'cmake_prefix_path')
[0.594s] INFO:colcon.colcon_core.shell:Creating environment hook '/home/harsh/turtlebot3_ws/install/turtlebot3_manipulation_gazebo/share/turtlebot3_manipulation_gazebo/hook/cmake_prefix_path.ps1'
[0.595s] INFO:colcon.colcon_core.shell:Creating environment descriptor '/home/harsh/turtlebot3_ws/install/turtlebot3_manipulation_gazebo/share/turtlebot3_manipulation_gazebo/hook/cmake_prefix_path.dsv'
[0.595s] INFO:colcon.colcon_core.shell:Creating environment hook '/home/harsh/turtlebot3_ws/install/turtlebot3_manipulation_gazebo/share/turtlebot3_manipulation_gazebo/hook/cmake_prefix_path.sh'
[0.595s] Level 1:colcon.colcon_core.environment:checking '/home/harsh/turtlebot3_ws/install/turtlebot3_manipulation_gazebo/bin'
[0.595s] Level 1:colcon.colcon_core.environment:checking '/home/harsh/turtlebot3_ws/install/turtlebot3_manipulation_gazebo/lib/pkgconfig/turtlebot3_manipulation_gazebo.pc'
[0.596s] Level 1:colcon.colcon_core.environment:checking '/home/harsh/turtlebot3_ws/install/turtlebot3_manipulation_gazebo/lib/python3.10/site-packages'
[0.596s] Level 1:colcon.colcon_core.environment:checking '/home/harsh/turtlebot3_ws/install/turtlebot3_manipulation_gazebo/bin'
[0.596s] INFO:colcon.colcon_core.shell:Creating package script '/home/harsh/turtlebot3_ws/install/turtlebot3_manipulation_gazebo/share/turtlebot3_manipulation_gazebo/package.ps1'
[0.596s] INFO:colcon.colcon_core.shell:Creating package descriptor '/home/harsh/turtlebot3_ws/install/turtlebot3_manipulation_gazebo/share/turtlebot3_manipulation_gazebo/package.dsv'
[0.597s] INFO:colcon.colcon_core.shell:Creating package script '/home/harsh/turtlebot3_ws/install/turtlebot3_manipulation_gazebo/share/turtlebot3_manipulation_gazebo/package.sh'
[0.597s] INFO:colcon.colcon_core.shell:Creating package script '/home/harsh/turtlebot3_ws/install/turtlebot3_manipulation_gazebo/share/turtlebot3_manipulation_gazebo/package.bash'
[0.597s] INFO:colcon.colcon_core.shell:Creating package script '/home/harsh/turtlebot3_ws/install/turtlebot3_manipulation_gazebo/share/turtlebot3_manipulation_gazebo/package.zsh'
[0.598s] Level 1:colcon.colcon_core.environment:create_file_with_runtime_dependencies(/home/harsh/turtlebot3_ws/install/turtlebot3_manipulation_gazebo/share/colcon-core/packages/turtlebot3_manipulation_gazebo)
[0.598s] INFO:colcon.colcon_ros.task.ament_cmake.build:Building ROS package in '/home/harsh/turtlebot3_ws/src/turtlebot3_simulations/turtlebot3_simulations' with build type 'ament_cmake'
[0.598s] INFO:colcon.colcon_cmake.task.cmake.build:Building CMake package in '/home/harsh/turtlebot3_ws/src/turtlebot3_simulations/turtlebot3_simulations'
[0.598s] INFO:colcon.colcon_core.shell:Skip shell extension 'powershell' for command environment: Not usable outside of PowerShell
[0.598s] DEBUG:colcon.colcon_core.shell:Skip shell extension 'dsv' for command environment
[0.607s] DEBUG:colcon.colcon_core.event_handler.log_command:Invoking command in '/home/harsh/turtlebot3_ws/build/turtlebot3_simulations': CMAKE_PREFIX_PATH=/home/harsh/turtlebot3_ws/install/turtlebot3_manipulation_gazebo:/home/harsh/turtlebot3_ws/install/turtlebot3_gazebo:/home/harsh/turtlebot3_ws/install/turtlebot3_fake_node:/home/harsh/turtlebot3_ws/install/turtlebot3_simulations:/home/harsh/turtlebot3_ws/install/custom_dwa_planner:/opt/ros/humble /usr/bin/cmake --build /home/harsh/turtlebot3_ws/build/turtlebot3_simulations -- -j8 -l8
[0.637s] DEBUG:colcon.colcon_core.event_handler.log_command:Invoked command in '/home/harsh/turtlebot3_ws/build/turtlebot3_simulations' returned '0': CMAKE_PREFIX_PATH=/home/harsh/turtlebot3_ws/install/turtlebot3_manipulation_gazebo:/home/harsh/turtlebot3_ws/install/turtlebot3_gazebo:/home/harsh/turtlebot3_ws/install/turtlebot3_fake_node:/home/harsh/turtlebot3_ws/install/turtlebot3_simulations:/home/harsh/turtlebot3_ws/install/custom_dwa_planner:/opt/ros/humble /usr/bin/cmake --build /home/harsh/turtlebot3_ws/build/turtlebot3_simulations -- -j8 -l8
[0.639s] DEBUG:colcon.colcon_core.event_handler.log_command:Invoking command in '/home/harsh/turtlebot3_ws/build/turtlebot3_simulations': CMAKE_PREFIX_PATH=/home/harsh/turtlebot3_ws/install/turtlebot3_manipulation_gazebo:/home/harsh/turtlebot3_ws/install/turtlebot3_gazebo:/home/harsh/turtlebot3_ws/install/turtlebot3_fake_node:/home/harsh/turtlebot3_ws/install/turtlebot3_simulations:/home/harsh/turtlebot3_ws/install/custom_dwa_planner:/opt/ros/humble /usr/bin/cmake --install /home/harsh/turtlebot3_ws/build/turtlebot3_simulations
[0.655s] Level 1:colcon.colcon_core.environment:create_environment_scripts_only(turtlebot3_simulations)
[0.655s] Level 1:colcon.colcon_core.environment:checking '/home/harsh/turtlebot3_ws/install/turtlebot3_simulations' for CMake module files
[0.655s] DEBUG:colcon.colcon_core.event_handler.log_command:Invoked command in '/home/harsh/turtlebot3_ws/build/turtlebot3_simulations' returned '0': CMAKE_PREFIX_PATH=/home/harsh/turtlebot3_ws/install/turtlebot3_manipulation_gazebo:/home/harsh/turtlebot3_ws/install/turtlebot3_gazebo:/home/harsh/turtlebot3_ws/install/turtlebot3_fake_node:/home/harsh/turtlebot3_ws/install/turtlebot3_simulations:/home/harsh/turtlebot3_ws/install/custom_dwa_planner:/opt/ros/humble /usr/bin/cmake --install /home/harsh/turtlebot3_ws/build/turtlebot3_simulations
[0.656s] Level 1:colcon.colcon_core.environment:checking '/home/harsh/turtlebot3_ws/install/turtlebot3_simulations' for CMake config files
[0.656s] Level 1:colcon.colcon_core.shell:create_environment_hook('turtlebot3_simulations', 'cmake_prefix_path')
[0.656s] INFO:colcon.colcon_core.shell:Creating environment hook '/home/harsh/turtlebot3_ws/install/turtlebot3_simulations/share/turtlebot3_simulations/hook/cmake_prefix_path.ps1'
[0.656s] INFO:colcon.colcon_core.shell:Creating environment descriptor '/home/harsh/turtlebot3_ws/install/turtlebot3_simulations/share/turtlebot3_simulations/hook/cmake_prefix_path.dsv'
[0.657s] INFO:colcon.colcon_core.shell:Creating environment hook '/home/harsh/turtlebot3_ws/install/turtlebot3_simulations/share/turtlebot3_simulations/hook/cmake_prefix_path.sh'
[0.657s] Level 1:colcon.colcon_core.environment:checking '/home/harsh/turtlebot3_ws/install/turtlebot3_simulations/bin'
[0.657s] Level 1:colcon.colcon_core.environment:checking '/home/harsh/turtlebot3_ws/install/turtlebot3_simulations/lib/pkgconfig/turtlebot3_simulations.pc'
[0.658s] Level 1:colcon.colcon_core.environment:checking '/home/harsh/turtlebot3_ws/install/turtlebot3_simulations/lib/python3.10/site-packages'
[0.658s] Level 1:colcon.colcon_core.environment:checking '/home/harsh/turtlebot3_ws/install/turtlebot3_simulations/bin'
[0.658s] INFO:colcon.colcon_core.shell:Creating package script '/home/harsh/turtlebot3_ws/install/turtlebot3_simulations/share/turtlebot3_simulations/package.ps1'
[0.658s] INFO:colcon.colcon_core.shell:Creating package descriptor '/home/harsh/turtlebot3_ws/install/turtlebot3_simulations/share/turtlebot3_simulations/package.dsv'
[0.659s] INFO:colcon.colcon_core.shell:Creating package script '/home/harsh/turtlebot3_ws/install/turtlebot3_simulations/share/turtlebot3_simulations/package.sh'
[0.659s] INFO:colcon.colcon_core.shell:Creating package script '/home/harsh/turtlebot3_ws/install/turtlebot3_simulations/share/turtlebot3_simulations/package.bash'
[0.659s] INFO:colcon.colcon_core.shell:Creating package script '/home/harsh/turtlebot3_ws/install/turtlebot3_simulations/share/turtlebot3_simulations/package.zsh'
[0.660s] Level 1:colcon.colcon_core.environment:create_file_with_runtime_dependencies(/home/harsh/turtlebot3_ws/install/turtlebot3_simulations/share/colcon-core/packages/turtlebot3_simulations)
[0.660s] Level 1:colcon.colcon_core.environment:create_environment_scripts_only(turtlebot3_simulations)
[0.660s] Level 1:colcon.colcon_core.environment:checking '/home/harsh/turtlebot3_ws/install/turtlebot3_simulations' for CMake module files
[0.660s] Level 1:colcon.colcon_core.environment:checking '/home/harsh/turtlebot3_ws/install/turtlebot3_simulations' for CMake config files
[0.661s] Level 1:colcon.colcon_core.shell:create_environment_hook('turtlebot3_simulations', 'cmake_prefix_path')
[0.661s] INFO:colcon.colcon_core.shell:Creating environment hook '/home/harsh/turtlebot3_ws/install/turtlebot3_simulations/share/turtlebot3_simulations/hook/cmake_prefix_path.ps1'
[0.661s] INFO:colcon.colcon_core.shell:Creating environment descriptor '/home/harsh/turtlebot3_ws/install/turtlebot3_simulations/share/turtlebot3_simulations/hook/cmake_prefix_path.dsv'
[0.661s] INFO:colcon.colcon_core.shell:Creating environment hook '/home/harsh/turtlebot3_ws/install/turtlebot3_simulations/share/turtlebot3_simulations/hook/cmake_prefix_path.sh'
[0.662s] Level 1:colcon.colcon_core.environment:checking '/home/harsh/turtlebot3_ws/install/turtlebot3_simulations/bin'
[0.662s] Level 1:colcon.colcon_core.environment:checking '/home/harsh/turtlebot3_ws/install/turtlebot3_simulations/lib/pkgconfig/turtlebot3_simulations.pc'
[0.662s] Level 1:colcon.colcon_core.environment:checking '/home/harsh/turtlebot3_ws/install/turtlebot3_simulations/lib/python3.10/site-packages'
[0.662s] Level 1:colcon.colcon_core.environment:checking '/home/harsh/turtlebot3_ws/install/turtlebot3_simulations/bin'
[0.662s] INFO:colcon.colcon_core.shell:Creating package script '/home/harsh/turtlebot3_ws/install/turtlebot3_simulations/share/turtlebot3_simulations/package.ps1'
[0.663s] INFO:colcon.colcon_core.shell:Creating package descriptor '/home/harsh/turtlebot3_ws/install/turtlebot3_simulations/share/turtlebot3_simulations/package.dsv'
[0.663s] INFO:colcon.colcon_core.shell:Creating package script '/home/harsh/turtlebot3_ws/install/turtlebot3_simulations/share/turtlebot3_simulations/package.sh'
[0.664s] INFO:colcon.colcon_core.shell:Creating package script '/home/harsh/turtlebot3_ws/install/turtlebot3_simulations/share/turtlebot3_simulations/package.bash'
[0.664s] INFO:colcon.colcon_core.shell:Creating package script '/home/harsh/turtlebot3_ws/install/turtlebot3_simulations/share/turtlebot3_simulations/package.zsh'
[0.664s] Level 1:colcon.colcon_core.environment:create_file_with_runtime_dependencies(/home/harsh/turtlebot3_ws/install/turtlebot3_simulations/share/colcon-core/packages/turtlebot3_simulations)
[0.829s] DEBUG:colcon.colcon_core.event_handler.log_command:Invoking command in '/home/harsh/turtlebot3_ws/src/custom_dwa_planner': PYTHONPATH=/home/harsh/turtlebot3_ws/build/custom_dwa_planner/prefix_override:/usr/lib/python3/dist-packages/colcon_core/task/python/colcon_distutils_commands:/home/harsh/turtlebot3_ws/install/custom_dwa_planner/lib/python3.10/site-packages:${PYTHONPATH} /usr/bin/python3 -W ignore:setup.py install is deprecated -W ignore:easy_install command is deprecated setup.py egg_info --egg-base ../../build/custom_dwa_planner build --build-base /home/harsh/turtlebot3_ws/build/custom_dwa_planner/build install --record /home/harsh/turtlebot3_ws/build/custom_dwa_planner/install.log --single-version-externally-managed install_data
[1.049s] Level 1:colcon.colcon_core.environment:checking '/home/harsh/turtlebot3_ws/install/custom_dwa_planner' for CMake module files
[1.050s] DEBUG:colcon.colcon_core.event_handler.log_command:Invoked command in '/home/harsh/turtlebot3_ws/src/custom_dwa_planner' returned '0': PYTHONPATH=/home/harsh/turtlebot3_ws/build/custom_dwa_planner/prefix_override:/usr/lib/python3/dist-packages/colcon_core/task/python/colcon_distutils_commands:/home/harsh/turtlebot3_ws/install/custom_dwa_planner/lib/python3.10/site-packages:${PYTHONPATH} /usr/bin/python3 -W ignore:setup.py install is deprecated -W ignore:easy_install command is deprecated setup.py egg_info --egg-base ../../build/custom_dwa_planner build --build-base /home/harsh/turtlebot3_ws/build/custom_dwa_planner/build install --record /home/harsh/turtlebot3_ws/build/custom_dwa_planner/install.log --single-version-externally-managed install_data
[1.050s] Level 1:colcon.colcon_core.environment:checking '/home/harsh/turtlebot3_ws/install/custom_dwa_planner' for CMake config files
[1.050s] Level 1:colcon.colcon_core.environment:checking '/home/harsh/turtlebot3_ws/install/custom_dwa_planner/lib'
[1.050s] Level 1:colcon.colcon_core.environment:checking '/home/harsh/turtlebot3_ws/install/custom_dwa_planner/bin'
[1.050s] Level 1:colcon.colcon_core.environment:checking '/home/harsh/turtlebot3_ws/install/custom_dwa_planner/lib/pkgconfig/custom_dwa_planner.pc'
[1.051s] Level 1:colcon.colcon_core.environment:checking '/home/harsh/turtlebot3_ws/install/custom_dwa_planner/lib/python3.10/site-packages'
[1.051s] Level 1:colcon.colcon_core.shell:create_environment_hook('custom_dwa_planner', 'pythonpath')
[1.051s] INFO:colcon.colcon_core.shell:Creating environment hook '/home/harsh/turtlebot3_ws/install/custom_dwa_planner/share/custom_dwa_planner/hook/pythonpath.ps1'
[1.051s] INFO:colcon.colcon_core.shell:Creating environment descriptor '/home/harsh/turtlebot3_ws/install/custom_dwa_planner/share/custom_dwa_planner/hook/pythonpath.dsv'
[1.051s] INFO:colcon.colcon_core.shell:Creating environment hook '/home/harsh/turtlebot3_ws/install/custom_dwa_planner/share/custom_dwa_planner/hook/pythonpath.sh'
[1.052s] Level 1:colcon.colcon_core.environment:checking '/home/harsh/turtlebot3_ws/install/custom_dwa_planner/bin'
[1.052s] Level 1:colcon.colcon_core.environment:create_environment_scripts_only(custom_dwa_planner)
[1.052s] INFO:colcon.colcon_core.shell:Creating package script '/home/harsh/turtlebot3_ws/install/custom_dwa_planner/share/custom_dwa_planner/package.ps1'
[1.052s] INFO:colcon.colcon_core.shell:Creating package descriptor '/home/harsh/turtlebot3_ws/install/custom_dwa_planner/share/custom_dwa_planner/package.dsv'
[1.053s] INFO:colcon.colcon_core.shell:Creating package script '/home/harsh/turtlebot3_ws/install/custom_dwa_planner/share/custom_dwa_planner/package.sh'
[1.053s] INFO:colcon.colcon_core.shell:Creating package script '/home/harsh/turtlebot3_ws/install/custom_dwa_planner/share/custom_dwa_planner/package.bash'
[1.053s] INFO:colcon.colcon_core.shell:Creating package script '/home/harsh/turtlebot3_ws/install/custom_dwa_planner/share/custom_dwa_planner/package.zsh'
[1.053s] Level 1:colcon.colcon_core.environment:create_file_with_runtime_dependencies(/home/harsh/turtlebot3_ws/install/custom_dwa_planner/share/colcon-core/packages/custom_dwa_planner)
[1.054s] DEBUG:colcon.colcon_parallel_executor.executor.parallel:closing loop
[1.054s] DEBUG:colcon.colcon_parallel_executor.executor.parallel:loop closed
[1.054s] DEBUG:colcon.colcon_parallel_executor.executor.parallel:run_until_complete finished with '0'
[1.054s] DEBUG:colcon.colcon_core.event_reactor:joining thread
[1.058s] INFO:colcon.colcon_core.plugin_system:Skipping extension 'colcon_notification.desktop_notification.terminal_notifier': Not used on non-Darwin systems
[1.058s] INFO:colcon.colcon_core.plugin_system:Skipping extension 'colcon_notification.desktop_notification.win32': Not used on non-Windows systems
[1.058s] INFO:colcon.colcon_notification.desktop_notification:Sending desktop notification using 'notify2'
[1.066s] DEBUG:colcon.colcon_core.event_reactor:joined thread
[1.067s] INFO:colcon.colcon_core.shell:Creating prefix script '/home/harsh/turtlebot3_ws/install/local_setup.ps1'
[1.068s] INFO:colcon.colcon_core.shell:Creating prefix util module '/home/harsh/turtlebot3_ws/install/_local_setup_util_ps1.py'
[1.069s] INFO:colcon.colcon_core.shell:Creating prefix chain script '/home/harsh/turtlebot3_ws/install/setup.ps1'
[1.070s] INFO:colcon.colcon_core.shell:Creating prefix script '/home/harsh/turtlebot3_ws/install/local_setup.sh'
[1.070s] INFO:colcon.colcon_core.shell:Creating prefix util module '/home/harsh/turtlebot3_ws/install/_local_setup_util_sh.py'
[1.071s] INFO:colcon.colcon_core.shell:Creating prefix chain script '/home/harsh/turtlebot3_ws/install/setup.sh'
[1.072s] INFO:colcon.colcon_core.shell:Creating prefix script '/home/harsh/turtlebot3_ws/install/local_setup.bash'
[1.072s] INFO:colcon.colcon_core.shell:Creating prefix chain script '/home/harsh/turtlebot3_ws/install/setup.bash'
[1.073s] INFO:colcon.colcon_core.shell:Creating prefix script '/home/harsh/turtlebot3_ws/install/local_setup.zsh'
[1.074s] INFO:colcon.colcon_core.shell:Creating prefix chain script '/home/harsh/turtlebot3_ws/install/setup.zsh'
